[INFO ] 2019-01-07T12:52:43,858Z [main] manifests.Manifests.info - 111 attributes loaded from 124 stream(s) in 8s, 111 saved, 1959 ignored: ["ActiveMQ-Version", "Agent-Class", "Ant-Version", "Application-Class", "Application-Library-Allowable-Codebase", "Application-Name", "Application-Version", "Archiver-Version", "Automatic-Module-Name", "Bnd-LastModified", "Branch", "Build-Date", "Build-Host", "Build-Id", "Build-Java-Version", "Build-Jdk", "Build-Job", "Build-Number", "Build-Timestamp", "Built-By", "Built-OS", "Built-Status", "Bundle-Activator", "Bundle-Category", "Bundle-ClassPath", "Bundle-Copyright", "Bundle-Description", "Bundle-DocURL", "Bundle-License", "Bundle-ManifestVersion", "Bundle-Name", "Bundle-RequiredExecutionEnvironment", "Bundle-SymbolicName", "Bundle-Vendor", "Bundle-Version", "Caller-Allowable-Codebase", "Can-Redefine-Classes", "Can-Retransform-Classes", "Can-Set-Native-Method-Prefix", "Caplets", "Change", "Codebase", "Corda-Platform-Version", "Corda-Release-Version", "Corda-Revision", "Corda-Vendor", "Created-By", "DynamicImport-Package", "Eclipse-BuddyPolicy", "Eclipse-LazyStart", "Export-Package", "Extension-Name", "Fragment-Host", "Gradle-Version", "Ignore-Package", "Implementation-Build", "Implementation-Build-Date", "Implementation-Title", "Implementation-URL", "Implementation-Url", "Implementation-Vendor", "Implementation-Vendor-Id", "Implementation-Version", "Import-Package", "Include-Resource", "JCabi-Build", "JCabi-Date", "JCabi-Version", "JVM-Args", "Java-Agents", "Java-Vendor", "Java-Version", "Kotlin-Runtime-Component", "Kotlin-Version", "Log4jReleaseKey", "Log4jReleaseManager", "Log4jReleaseVersion", "Main-Class", "Main-class", "Manifest-Version", "Min-Java-Version", "Min-Update-Version", "Module-Email", "Module-Origin", "Module-Owner", "Module-Source", "Multi-Release", "Originally-Created-By", "Os-Arch", "Os-Name", "Os-Version", "Package", "Permissions", "Premain-Class", "Private-Package", "Provide-Capability", "Require-Capability", "SCM-Revision", "SCM-url", "Scm-Connection", "Scm-Revision", "Scm-Url", "Service-Component", "Specification-Title", "Specification-Vendor", "Specification-Version", "System-Properties", "Tool", "Trusted-Library", "X-Compile-Source-JDK", "X-Compile-Target-JDK"] {}
[INFO ] 2019-01-07T12:52:44,205Z [main] BasicInfo.printBasicNodeInfo - Logs can be found in                    : /Users/rinke/Projects/corda/samples/cordapp-example/kotlin-source/build/nodes/PartyA/logs {}
[INFO ] 2019-01-07T12:52:44,381Z [main] config.ConfigHelper.loadConfig - Config:
{
    # reference.conf @ jar:file:/Users/rinke/Projects/corda/samples/cordapp-example/kotlin-source/build/nodes/PartyA/corda.jar!/reference.conf: 20
    "activeMQServer" : {
        # reference.conf @ jar:file:/Users/rinke/Projects/corda/samples/cordapp-example/kotlin-source/build/nodes/PartyA/corda.jar!/reference.conf: 21
        "bridge" : {
            # reference.conf @ jar:file:/Users/rinke/Projects/corda/samples/cordapp-example/kotlin-source/build/nodes/PartyA/corda.jar!/reference.conf: 24
            "maxRetryIntervalMin" : 3,
            # reference.conf @ jar:file:/Users/rinke/Projects/corda/samples/cordapp-example/kotlin-source/build/nodes/PartyA/corda.jar!/reference.conf: 22
            "retryIntervalMs" : 5000,
            # reference.conf @ jar:file:/Users/rinke/Projects/corda/samples/cordapp-example/kotlin-source/build/nodes/PartyA/corda.jar!/reference.conf: 23
            "retryIntervalMultiplier" : 1.5
        }
    },
    # hardcoded value
    "baseDirectory" : "/Users/rinke/Projects/corda/samples/cordapp-example/kotlin-source/build/nodes/PartyA",
    # merge of reference.conf @ jar:file:/Users/rinke/Projects/corda/samples/cordapp-example/kotlin-source/build/nodes/PartyA/corda.jar!/reference.conf: 6,reference.conf @ jar:file:/Users/rinke/Projects/corda/samples/cordapp-example/kotlin-source/build/nodes/.cache/apps/net.corda.node.Corda_3.3-corda/corda-node-3.3-corda.jar!/reference.conf: 6
    "dataSourceProperties" : {
        # reference.conf @ jar:file:/Users/rinke/Projects/corda/samples/cordapp-example/kotlin-source/build/nodes/PartyA/corda.jar!/reference.conf: 10
        "dataSource.password" : "",
        # merge of reference.conf @ jar:file:/Users/rinke/Projects/corda/samples/cordapp-example/kotlin-source/build/nodes/PartyA/corda.jar!/reference.conf: 8,hardcoded value,reference.conf @ jar:file:/Users/rinke/Projects/corda/samples/cordapp-example/kotlin-source/build/nodes/PartyA/corda.jar!/reference.conf: 8,reference.conf @ jar:file:/Users/rinke/Projects/corda/samples/cordapp-example/kotlin-source/build/nodes/PartyA/corda.jar!/reference.conf: 17
        "dataSource.url" : "jdbc:h2:file:/Users/rinke/Projects/corda/samples/cordapp-example/kotlin-source/build/nodes/PartyA/persistence;DB_CLOSE_ON_EXIT=FALSE;LOCK_TIMEOUT=10000;WRITE_DELAY=100;AUTO_SERVER_PORT=0",
        # reference.conf @ jar:file:/Users/rinke/Projects/corda/samples/cordapp-example/kotlin-source/build/nodes/PartyA/corda.jar!/reference.conf: 9
        "dataSource.user" : "sa",
        # reference.conf @ jar:file:/Users/rinke/Projects/corda/samples/cordapp-example/kotlin-source/build/nodes/PartyA/corda.jar!/reference.conf: 7
        "dataSourceClassName" : "org.h2.jdbcx.JdbcDataSource"
    },
    # reference.conf @ jar:file:/Users/rinke/Projects/corda/samples/cordapp-example/kotlin-source/build/nodes/PartyA/corda.jar!/reference.conf: 12
    "database" : {
        # reference.conf @ jar:file:/Users/rinke/Projects/corda/samples/cordapp-example/kotlin-source/build/nodes/PartyA/corda.jar!/reference.conf: 14
        "exportHibernateJMXStatistics" : "false",
        # reference.conf @ jar:file:/Users/rinke/Projects/corda/samples/cordapp-example/kotlin-source/build/nodes/PartyA/corda.jar!/reference.conf: 13
        "transactionIsolationLevel" : "REPEATABLE_READ"
    },
    # reference.conf @ jar:file:/Users/rinke/Projects/corda/samples/cordapp-example/kotlin-source/build/nodes/PartyA/corda.jar!/reference.conf: 16
    "devMode" : true,
    # reference.conf @ jar:file:/Users/rinke/Projects/corda/samples/cordapp-example/kotlin-source/build/nodes/PartyA/corda.jar!/reference.conf: 2
    "emailAddress" : "admin@company.com",
    # reference.conf @ jar:file:/Users/rinke/Projects/corda/samples/cordapp-example/kotlin-source/build/nodes/PartyA/corda.jar!/reference.conf: 3
    "exportJMXto" : "http",
    # reference.conf @ jar:file:/Users/rinke/Projects/corda/samples/cordapp-example/kotlin-source/build/nodes/PartyA/corda.jar!/reference.conf: 31
    "flowTimeout" : {
        # reference.conf @ jar:file:/Users/rinke/Projects/corda/samples/cordapp-example/kotlin-source/build/nodes/PartyA/corda.jar!/reference.conf: 34
        "backoffBase" : 1.8,
        # reference.conf @ jar:file:/Users/rinke/Projects/corda/samples/cordapp-example/kotlin-source/build/nodes/PartyA/corda.jar!/reference.conf: 33
        "maxRestartCount" : 5,
        # reference.conf @ jar:file:/Users/rinke/Projects/corda/samples/cordapp-example/kotlin-source/build/nodes/PartyA/corda.jar!/reference.conf: 32
        "timeout" : "30 seconds"
    },
    # reference.conf @ jar:file:/Users/rinke/Projects/corda/samples/cordapp-example/kotlin-source/build/nodes/PartyA/corda.jar!/reference.conf: 17
    "h2port" : 0,
    # reference.conf @ jar:file:/Users/rinke/Projects/corda/samples/cordapp-example/kotlin-source/build/nodes/PartyA/corda.jar!/reference.conf: 4
    "keyStorePassword" : "cordacadevpass",
    # /Users/rinke/Projects/corda/samples/cordapp-example/kotlin-source/build/nodes/PartyA/node.conf: 1
    "myLegalName" : "O=PartyA,L=London,C=GB",
    # hardcoded value
    "noLocalShell" : false,
    # /Users/rinke/Projects/corda/samples/cordapp-example/kotlin-source/build/nodes/PartyA/node.conf: 2
    "p2pAddress" : "localhost:10007",
    # merge of /Users/rinke/Projects/corda/samples/cordapp-example/kotlin-source/build/nodes/PartyA/node.conf: 3,reference.conf @ jar:file:/Users/rinke/Projects/corda/samples/cordapp-example/kotlin-source/build/nodes/PartyA/corda.jar!/reference.conf: 27
    "rpcSettings" : {
        # /Users/rinke/Projects/corda/samples/cordapp-example/kotlin-source/build/nodes/PartyA/node.conf: 4
        "address" : "localhost:10008",
        # /Users/rinke/Projects/corda/samples/cordapp-example/kotlin-source/build/nodes/PartyA/node.conf: 5
        "adminAddress" : "localhost:10048",
        # reference.conf @ jar:file:/Users/rinke/Projects/corda/samples/cordapp-example/kotlin-source/build/nodes/PartyA/corda.jar!/reference.conf: 29
        "standAloneBroker" : false,
        # reference.conf @ jar:file:/Users/rinke/Projects/corda/samples/cordapp-example/kotlin-source/build/nodes/PartyA/corda.jar!/reference.conf: 28
        "useSsl" : false
    },
    # /Users/rinke/Projects/corda/samples/cordapp-example/kotlin-source/build/nodes/PartyA/node.conf: 7
    "rpcUsers" : [
        # /Users/rinke/Projects/corda/samples/cordapp-example/kotlin-source/build/nodes/PartyA/node.conf: 8
        {
            # /Users/rinke/Projects/corda/samples/cordapp-example/kotlin-source/build/nodes/PartyA/node.conf: 9
            "password" : "test",
            # /Users/rinke/Projects/corda/samples/cordapp-example/kotlin-source/build/nodes/PartyA/node.conf: 10
            "permissions" : [
                # /Users/rinke/Projects/corda/samples/cordapp-example/kotlin-source/build/nodes/PartyA/node.conf: 11
                "ALL"
            ],
            # /Users/rinke/Projects/corda/samples/cordapp-example/kotlin-source/build/nodes/PartyA/node.conf: 13
            "user" : "user1"
        }
    ],
    # reference.conf @ jar:file:/Users/rinke/Projects/corda/samples/cordapp-example/kotlin-source/build/nodes/PartyA/corda.jar!/reference.conf: 5
    "trustStorePassword" : "trustpass",
    # reference.conf @ jar:file:/Users/rinke/Projects/corda/samples/cordapp-example/kotlin-source/build/nodes/PartyA/corda.jar!/reference.conf: 18
    "useTestClock" : false,
    # reference.conf @ jar:file:/Users/rinke/Projects/corda/samples/cordapp-example/kotlin-source/build/nodes/PartyA/corda.jar!/reference.conf: 19
    "verifierType" : "InMemory",
    # /Users/rinke/Projects/corda/samples/cordapp-example/kotlin-source/build/nodes/PartyA/node.conf: 16
    "webAddress" : "localhost:10009"
}
 {}
[WARN ] 2019-01-07T12:52:45,869Z [main] internal.config.defaultToOldPath - Config key user has been deprecated and will be removed in a future release. Use username instead {}
[INFO ] 2019-01-07T12:52:45,933Z [main] internal.Node.logStartupInfo - Vendor: Corda Open Source {}
[INFO ] 2019-01-07T12:52:45,934Z [main] internal.Node.logStartupInfo - Release: 3.3-corda {}
[INFO ] 2019-01-07T12:52:45,934Z [main] internal.Node.logStartupInfo - Platform Version: 3 {}
[INFO ] 2019-01-07T12:52:45,934Z [main] internal.Node.logStartupInfo - Revision: c834162cd488784a0412bba4c9e638da89912ac2 {}
[INFO ] 2019-01-07T12:52:50,936Z [main] internal.Node.logStartupInfo - PID: 6255 {}
[INFO ] 2019-01-07T12:52:50,936Z [main] internal.Node.logStartupInfo - Main class: /Users/rinke/Projects/corda/samples/cordapp-example/kotlin-source/build/nodes/.cache/apps/net.corda.node.Corda_3.3-corda/corda-node-3.3-corda.jar {}
[INFO ] 2019-01-07T12:52:50,936Z [main] internal.Node.logStartupInfo - CommandLine Args: -Xmx200m -XX:+UseG1GC -javaagent:/Users/rinke/Projects/corda/samples/cordapp-example/kotlin-source/build/nodes/.cache/apps/net.corda.node.Corda_3.3-corda/quasar-core-0.7.9-jdk8.jar=x(antlr**;bftsmart**;ch**;co.paralleluniverse**;com.codahale**;com.esotericsoftware**;com.fasterxml**;com.google**;com.ibm**;com.intellij**;com.jcabi**;com.nhaarman**;com.opengamma**;com.typesafe**;com.zaxxer**;de.javakaffee**;groovy**;groovyjarjarantlr**;groovyjarjarasm**;io.atomix**;io.github**;io.netty**;jdk**;joptsimple**;junit**;kotlin**;net.bytebuddy**;net.i2p**;org.apache**;org.assertj**;org.bouncycastle**;org.codehaus**;org.crsh**;org.dom4j**;org.fusesource**;org.h2**;org.hamcrest**;org.hibernate**;org.jboss**;org.jcp**;org.joda**;org.junit**;org.mockito**;org.objectweb**;org.objenesis**;org.slf4j**;org.w3c**;org.xml**;org.yaml**;reflectasm**;rx**;org.jolokia**) -Dvisualvm.display.name=Corda -Djava.library.path=/Users/rinke/Library/Java/Extensions:/Library/Java/Extensions:/Network/Library/Java/Extensions:/System/Library/Java/Extensions:/usr/lib/java:/Users/rinke/Projects/corda/samples/cordapp-example/kotlin-source/build/nodes/.cache/apps/net.corda.node.Corda_3.3-corda -Dcapsule.app=net.corda.node.Corda_3.3-corda -Dcapsule.dir=/Users/rinke/Projects/corda/samples/cordapp-example/kotlin-source/build/nodes/.cache/apps/net.corda.node.Corda_3.3-corda -Dcapsule.jar=/Users/rinke/Projects/corda/samples/cordapp-example/kotlin-source/build/nodes/PartyA/corda.jar {}
[INFO ] 2019-01-07T12:52:50,936Z [main] internal.Node.logStartupInfo - Application Args: --just-generate-node-info {}
[INFO ] 2019-01-07T12:52:50,937Z [main] internal.Node.logStartupInfo - bootclasspath: /Library/Java/JavaVirtualMachines/jdk1.8.0_192.jdk/Contents/Home/jre/lib/resources.jar:/Library/Java/JavaVirtualMachines/jdk1.8.0_192.jdk/Contents/Home/jre/lib/rt.jar:/Library/Java/JavaVirtualMachines/jdk1.8.0_192.jdk/Contents/Home/jre/lib/sunrsasign.jar:/Library/Java/JavaVirtualMachines/jdk1.8.0_192.jdk/Contents/Home/jre/lib/jsse.jar:/Library/Java/JavaVirtualMachines/jdk1.8.0_192.jdk/Contents/Home/jre/lib/jce.jar:/Library/Java/JavaVirtualMachines/jdk1.8.0_192.jdk/Contents/Home/jre/lib/charsets.jar:/Library/Java/JavaVirtualMachines/jdk1.8.0_192.jdk/Contents/Home/jre/lib/jfr.jar:/Library/Java/JavaVirtualMachines/jdk1.8.0_192.jdk/Contents/Home/jre/classes {}
[INFO ] 2019-01-07T12:52:50,937Z [main] internal.Node.logStartupInfo - classpath: /Users/rinke/Projects/corda/samples/cordapp-example/kotlin-source/build/nodes/PartyA/corda.jar:/Users/rinke/Projects/corda/samples/cordapp-example/kotlin-source/build/nodes/.cache/apps/net.corda.node.Corda_3.3-corda/corda-rpc-3.3-corda.jar:/Users/rinke/Projects/corda/samples/cordapp-example/kotlin-source/build/nodes/.cache/apps/net.corda.node.Corda_3.3-corda/corda-node-api-3.3-corda.jar:/Users/rinke/Projects/corda/samples/cordapp-example/kotlin-source/build/nodes/.cache/apps/net.corda.node.Corda_3.3-corda/corda-confidential-identities-3.3-corda.jar:/Users/rinke/Projects/corda/samples/cordapp-example/kotlin-source/build/nodes/.cache/apps/net.corda.node.Corda_3.3-corda/cordform-common-3.2.1.jar:/Users/rinke/Projects/corda/samples/cordapp-example/kotlin-source/build/nodes/.cache/apps/net.corda.node.Corda_3.3-corda/log4j-slf4j-impl-2.9.1.jar:/Users/rinke/Projects/corda/samples/cordapp-example/kotlin-source/build/nodes/.cache/apps/net.corda.node.Corda_3.3-corda/log4j-web-2.9.1.jar:/Users/rinke/Projects/corda/samples/cordapp-example/kotlin-source/build/nodes/.cache/apps/net.corda.node.Corda_3.3-corda/jul-to-slf4j-1.7.25.jar:/Users/rinke/Projects/corda/samples/cordapp-example/kotlin-source/build/nodes/.cache/apps/net.corda.node.Corda_3.3-corda/corda-jackson-3.3-corda.jar:/Users/rinke/Projects/corda/samples/cordapp-example/kotlin-source/build/nodes/.cache/apps/net.corda.node.Corda_3.3-corda/corda-core-3.3-corda.jar:/Users/rinke/Projects/corda/samples/cordapp-example/kotlin-source/build/nodes/.cache/apps/net.corda.node.Corda_3.3-corda/kotlin-stdlib-jre8-1.1.60.jar:/Users/rinke/Projects/corda/samples/cordapp-example/kotlin-source/build/nodes/.cache/apps/net.corda.node.Corda_3.3-corda/jackson-module-kotlin-2.9.2.jar:/Users/rinke/Projects/corda/samples/cordapp-example/kotlin-source/build/nodes/.cache/apps/net.corda.node.Corda_3.3-corda/kotlin-reflect-1.1.60.jar:/Users/rinke/Projects/corda/samples/cordapp-example/kotlin-source/build/nodes/.cache/apps/net.corda.node.Corda_3.3-corda/jimfs-1.1.jar:/Users/rinke/Projects/corda/samples/cordapp-example/kotlin-source/build/nodes/.cache/apps/net.corda.node.Corda_3.3-corda/artemis-amqp-protocol-2.2.0.jar:/Users/rinke/Projects/corda/samples/cordapp-example/kotlin-source/build/nodes/.cache/apps/net.corda.node.Corda_3.3-corda/artemis-server-2.2.0.jar:/Users/rinke/Projects/corda/samples/cordapp-example/kotlin-source/build/nodes/.cache/apps/net.corda.node.Corda_3.3-corda/artemis-jdbc-store-2.2.0.jar:/Users/rinke/Projects/corda/samples/cordapp-example/kotlin-source/build/nodes/.cache/apps/net.corda.node.Corda_3.3-corda/artemis-jms-client-2.2.0.jar:/Users/rinke/Projects/corda/samples/cordapp-example/kotlin-source/build/nodes/.cache/apps/net.corda.node.Corda_3.3-corda/artemis-core-client-2.2.0.jar:/Users/rinke/Projects/corda/samples/cordapp-example/kotlin-source/build/nodes/.cache/apps/net.corda.node.Corda_3.3-corda/artemis-journal-2.2.0.jar:/Users/rinke/Projects/corda/samples/cordapp-example/kotlin-source/build/nodes/.cache/apps/net.corda.node.Corda_3.3-corda/artemis-commons-2.2.0.jar:/Users/rinke/Projects/corda/samples/cordapp-example/kotlin-source/build/nodes/.cache/apps/net.corda.node.Corda_3.3-corda/guava-21.0.jar:/Users/rinke/Projects/corda/samples/cordapp-example/kotlin-source/build/nodes/.cache/apps/net.corda.node.Corda_3.3-corda/jopt-simple-5.0.2.jar:/Users/rinke/Projects/corda/samples/cordapp-example/kotlin-source/build/nodes/.cache/apps/net.corda.node.Corda_3.3-corda/commons-collections4-4.1.jar:/Users/rinke/Projects/corda/samples/cordapp-example/kotlin-source/build/nodes/.cache/apps/net.corda.node.Corda_3.3-corda/shiro-core-1.4.0.jar:/Users/rinke/Projects/corda/samples/cordapp-example/kotlin-source/build/nodes/.cache/apps/net.corda.node.Corda_3.3-corda/shiro-config-ogdl-1.4.0.jar:/Users/rinke/Projects/corda/samples/cordapp-example/kotlin-source/build/nodes/.cache/apps/net.corda.node.Corda_3.3-corda/commons-beanutils-1.9.3.jar:/Users/rinke/Projects/corda/samples/cordapp-example/kotlin-source/build/nodes/.cache/apps/net.corda.node.Corda_3.3-corda/jansi-1.14.jar:/Users/rinke/Projects/corda/samples/cordapp-example/kotlin-source/build/nodes/.cache/apps/net.corda.node.Corda_3.3-corda/jcabi-manifests-1.1.jar:/Users/rinke/Projects/corda/samples/cordapp-example/kotlin-source/build/nodes/.cache/apps/net.corda.node.Corda_3.3-corda/forms_rt-7.0.3.jar:/Users/rinke/Projects/corda/samples/cordapp-example/kotlin-source/build/nodes/.cache/apps/net.corda.node.Corda_3.3-corda/metrics-core-3.1.2.jar:/Users/rinke/Projects/corda/samples/cordapp-example/kotlin-source/build/nodes/.cache/apps/net.corda.node.Corda_3.3-corda/config-1.3.1.jar:/Users/rinke/Projects/corda/samples/cordapp-example/kotlin-source/build/nodes/.cache/apps/net.corda.node.Corda_3.3-corda/h2-1.4.194.jar:/Users/rinke/Projects/corda/samples/cordapp-example/kotlin-source/build/nodes/.cache/apps/net.corda.node.Corda_3.3-corda/postgresql-42.1.4.jar:/Users/rinke/Projects/corda/samples/cordapp-example/kotlin-source/build/nodes/.cache/apps/net.corda.node.Corda_3.3-corda/HikariCP-2.5.1.jar:/Users/rinke/Projects/corda/samples/cordapp-example/kotlin-source/build/nodes/.cache/apps/net.corda.node.Corda_3.3-corda/hibernate-java8-5.2.6.Final.jar:/Users/rinke/Projects/corda/samples/cordapp-example/kotlin-source/build/nodes/.cache/apps/net.corda.node.Corda_3.3-corda/hibernate-core-5.2.6.Final.jar:/Users/rinke/Projects/corda/samples/cordapp-example/kotlin-source/build/nodes/.cache/apps/net.corda.node.Corda_3.3-corda/copycat-client-1.2.3.jar:/Users/rinke/Projects/corda/samples/cordapp-example/kotlin-source/build/nodes/.cache/apps/net.corda.node.Corda_3.3-corda/copycat-server-1.2.3.jar:/Users/rinke/Projects/corda/samples/cordapp-example/kotlin-source/build/nodes/.cache/apps/net.corda.node.Corda_3.3-corda/catalyst-netty-1.1.2.jar:/Users/rinke/Projects/corda/samples/cordapp-example/kotlin-source/build/nodes/.cache/apps/net.corda.node.Corda_3.3-corda/netty-all-4.1.9.Final.jar:/Users/rinke/Projects/corda/samples/cordapp-example/kotlin-source/build/nodes/.cache/apps/net.corda.node.Corda_3.3-corda/crash.connectors.ssh-cadb53544fbb3c0fb901445da614998a6a419488.jar:/Users/rinke/Projects/corda/samples/cordapp-example/kotlin-source/build/nodes/.cache/apps/net.corda.node.Corda_3.3-corda/crash.shell-cadb53544fbb3c0fb901445da614998a6a419488.jar:/Users/rinke/Projects/corda/samples/cordapp-example/kotlin-source/build/nodes/.cache/apps/net.corda.node.Corda_3.3-corda/okhttp-3.5.0.jar:/Users/rinke/Projects/corda/samples/cordapp-example/kotlin-source/build/nodes/.cache/apps/net.corda.node.Corda_3.3-corda/commons-codec-1.10.jar:/Users/rinke/Projects/corda/samples/cordapp-example/kotlin-source/build/nodes/.cache/apps/net.corda.node.Corda_3.3-corda/library-master-v1.1-beta-g6215ec8-87.jar:/Users/rinke/Projects/corda/samples/cordapp-example/kotlin-source/build/nodes/.cache/apps/net.corda.node.Corda_3.3-corda/jolokia-jvm-1.6.0-agent.jar:/Users/rinke/Projects/corda/samples/cordapp-example/kotlin-source/build/nodes/.cache/apps/net.corda.node.Corda_3.3-corda/quasar-core-0.7.9-jdk8.jar:/Users/rinke/Projects/corda/samples/cordapp-example/kotlin-source/build/nodes/.cache/apps/net.corda.node.Corda_3.3-corda/commons-fileupload-1.3.3.jar:/Users/rinke/Projects/corda/samples/cordapp-example/kotlin-source/build/nodes/.cache/apps/net.corda.node.Corda_3.3-corda/kryo-serializers-0.41.jar:/Users/rinke/Projects/corda/samples/cordapp-example/kotlin-source/build/nodes/.cache/apps/net.corda.node.Corda_3.3-corda/kryo-4.0.0.jar:/Users/rinke/Projects/corda/samples/cordapp-example/kotlin-source/build/nodes/.cache/apps/net.corda.node.Corda_3.3-corda/proton-j-0.21.0.jar:/Users/rinke/Projects/corda/samples/cordapp-example/kotlin-source/build/nodes/.cache/apps/net.corda.node.Corda_3.3-corda/fast-classpath-scanner-2.12.3.jar:/Users/rinke/Projects/corda/samples/cordapp-example/kotlin-source/build/nodes/.cache/apps/net.corda.node.Corda_3.3-corda/jsr305-3.0.2.jar:/Users/rinke/Projects/corda/samples/cordapp-example/kotlin-source/build/nodes/.cache/apps/net.corda.node.Corda_3.3-corda/jcabi-log-0.14.jar:/Users/rinke/Projects/corda/samples/cordapp-example/kotlin-source/build/nodes/.cache/apps/net.corda.node.Corda_3.3-corda/copycat-protocol-1.2.3.jar:/Users/rinke/Projects/corda/samples/cordapp-example/kotlin-source/build/nodes/.cache/apps/net.corda.node.Corda_3.3-corda/catalyst-transport-1.1.2.jar:/Users/rinke/Projects/corda/samples/cordapp-example/kotlin-source/build/nodes/.cache/apps/net.corda.node.Corda_3.3-corda/mina-core-2.0.16.jar:/Users/rinke/Projects/corda/samples/cordapp-example/kotlin-source/build/nodes/.cache/apps/net.corda.node.Corda_3.3-corda/shiro-cache-1.4.0.jar:/Users/rinke/Projects/corda/samples/cordapp-example/kotlin-source/build/nodes/.cache/apps/net.corda.node.Corda_3.3-corda/shiro-crypto-hash-1.4.0.jar:/Users/rinke/Projects/corda/samples/cordapp-example/kotlin-source/build/nodes/.cache/apps/net.corda.node.Corda_3.3-corda/shiro-crypto-cipher-1.4.0.jar:/Users/rinke/Projects/corda/samples/cordapp-example/kotlin-source/build/nodes/.cache/apps/net.corda.node.Corda_3.3-corda/shiro-config-core-1.4.0.jar:/Users/rinke/Projects/corda/samples/cordapp-example/kotlin-source/build/nodes/.cache/apps/net.corda.node.Corda_3.3-corda/shiro-event-1.4.0.jar:/Users/rinke/Projects/corda/samples/cordapp-example/kotlin-source/build/nodes/.cache/apps/net.corda.node.Corda_3.3-corda/shiro-crypto-core-1.4.0.jar:/Users/rinke/Projects/corda/samples/cordapp-example/kotlin-source/build/nodes/.cache/apps/net.corda.node.Corda_3.3-corda/shiro-lang-1.4.0.jar:/Users/rinke/Projects/corda/samples/cordapp-example/kotlin-source/build/nodes/.cache/apps/net.corda.node.Corda_3.3-corda/jcl-over-slf4j-1.7.25.jar:/Users/rinke/Projects/corda/samples/cordapp-example/kotlin-source/build/nodes/.cache/apps/net.corda.node.Corda_3.3-corda/catalyst-concurrent-1.1.2.jar:/Users/rinke/Projects/corda/samples/cordapp-example/kotlin-source/build/nodes/.cache/apps/net.corda.node.Corda_3.3-corda/catalyst-serializer-1.1.2.jar:/Users/rinke/Projects/corda/samples/cordapp-example/kotlin-source/build/nodes/.cache/apps/net.corda.node.Corda_3.3-corda/catalyst-buffer-1.1.2.jar:/Users/rinke/Projects/corda/samples/cordapp-example/kotlin-source/build/nodes/.cache/apps/net.corda.node.Corda_3.3-corda/catalyst-common-1.1.2.jar:/Users/rinke/Projects/corda/samples/cordapp-example/kotlin-source/build/nodes/.cache/apps/net.corda.node.Corda_3.3-corda/sshd-pam-0.11.0.jar:/Users/rinke/Projects/corda/samples/cordapp-example/kotlin-source/build/nodes/.cache/apps/net.corda.node.Corda_3.3-corda/sshd-core-1.6.0.jar:/Users/rinke/Projects/corda/samples/cordapp-example/kotlin-source/build/nodes/.cache/apps/net.corda.node.Corda_3.3-corda/slf4j-api-1.7.25.jar:/Users/rinke/Projects/corda/samples/cordapp-example/kotlin-source/build/nodes/.cache/apps/net.corda.node.Corda_3.3-corda/log4j-core-2.9.1.jar:/Users/rinke/Projects/corda/samples/cordapp-example/kotlin-source/build/nodes/.cache/apps/net.corda.node.Corda_3.3-corda/log4j-api-2.9.1.jar:/Users/rinke/Projects/corda/samples/cordapp-example/kotlin-source/build/nodes/.cache/apps/net.corda.node.Corda_3.3-corda/kotlin-stdlib-jre7-1.1.60.jar:/Users/rinke/Projects/corda/samples/cordapp-example/kotlin-source/build/nodes/.cache/apps/net.corda.node.Corda_3.3-corda/kotlin-stdlib-1.1.60.jar:/Users/rinke/Projects/corda/samples/cordapp-example/kotlin-source/build/nodes/.cache/apps/net.corda.node.Corda_3.3-corda/commons-collections-3.2.2.jar:/Users/rinke/Projects/corda/samples/cordapp-example/kotlin-source/build/nodes/.cache/apps/net.corda.node.Corda_3.3-corda/hibernate-commons-annotations-5.0.1.Final.jar:/Users/rinke/Projects/corda/samples/cordapp-example/kotlin-source/build/nodes/.cache/apps/net.corda.node.Corda_3.3-corda/artemis-native-2.2.0.jar:/Users/rinke/Projects/corda/samples/cordapp-example/kotlin-source/build/nodes/.cache/apps/net.corda.node.Corda_3.3-corda/jboss-logging-3.3.0.Final.jar:/Users/rinke/Projects/corda/samples/cordapp-example/kotlin-source/build/nodes/.cache/apps/net.corda.node.Corda_3.3-corda/artemis-selector-2.2.0.jar:/Users/rinke/Projects/corda/samples/cordapp-example/kotlin-source/build/nodes/.cache/apps/net.corda.node.Corda_3.3-corda/jgroups-3.6.13.Final.jar:/Users/rinke/Projects/corda/samples/cordapp-example/kotlin-source/build/nodes/.cache/apps/net.corda.node.Corda_3.3-corda/geronimo-json_1.0_spec-1.0-alpha-1.jar:/Users/rinke/Projects/corda/samples/cordapp-example/kotlin-source/build/nodes/.cache/apps/net.corda.node.Corda_3.3-corda/johnzon-core-0.9.5.jar:/Users/rinke/Projects/corda/samples/cordapp-example/kotlin-source/build/nodes/.cache/apps/net.corda.node.Corda_3.3-corda/forms-1.1-preview.jar:/Users/rinke/Projects/corda/samples/cordapp-example/kotlin-source/build/nodes/.cache/apps/net.corda.node.Corda_3.3-corda/jdom-1.0.jar:/Users/rinke/Projects/corda/samples/cordapp-example/kotlin-source/build/nodes/.cache/apps/net.corda.node.Corda_3.3-corda/jackson-dataformat-yaml-2.9.2.jar:/Users/rinke/Projects/corda/samples/cordapp-example/kotlin-source/build/nodes/.cache/apps/net.corda.node.Corda_3.3-corda/jackson-datatype-jsr310-2.9.2.jar:/Users/rinke/Projects/corda/samples/cordapp-example/kotlin-source/build/nodes/.cache/apps/net.corda.node.Corda_3.3-corda/hibernate-jpa-2.1-api-1.0.0.Final.jar:/Users/rinke/Projects/corda/samples/cordapp-example/kotlin-source/build/nodes/.cache/apps/net.corda.node.Corda_3.3-corda/javassist-3.20.0-GA.jar:/Users/rinke/Projects/corda/samples/cordapp-example/kotlin-source/build/nodes/.cache/apps/net.corda.node.Corda_3.3-corda/antlr-2.7.7.jar:/Users/rinke/Projects/corda/samples/cordapp-example/kotlin-source/build/nodes/.cache/apps/net.corda.node.Corda_3.3-corda/geronimo-jta_1.1_spec-1.1.1.jar:/Users/rinke/Projects/corda/samples/cordapp-example/kotlin-source/build/nodes/.cache/apps/net.corda.node.Corda_3.3-corda/jandex-2.0.3.Final.jar:/Users/rinke/Projects/corda/samples/cordapp-example/kotlin-source/build/nodes/.cache/apps/net.corda.node.Corda_3.3-corda/classmate-1.3.0.jar:/Users/rinke/Projects/corda/samples/cordapp-example/kotlin-source/build/nodes/.cache/apps/net.corda.node.Corda_3.3-corda/dom4j-1.6.1.jar:/Users/rinke/Projects/corda/samples/cordapp-example/kotlin-source/build/nodes/.cache/apps/net.corda.node.Corda_3.3-corda/cdi-api-1.1.jar:/Users/rinke/Projects/corda/samples/cordapp-example/kotlin-source/build/nodes/.cache/apps/net.corda.node.Corda_3.3-corda/crash.cli-cadb53544fbb3c0fb901445da614998a6a419488.jar:/Users/rinke/Projects/corda/samples/cordapp-example/kotlin-source/build/nodes/.cache/apps/net.corda.node.Corda_3.3-corda/groovy-all-1.8.9.jar:/Users/rinke/Projects/corda/samples/cordapp-example/kotlin-source/build/nodes/.cache/apps/net.corda.node.Corda_3.3-corda/okio-1.11.0.jar:/Users/rinke/Projects/corda/samples/cordapp-example/kotlin-source/build/nodes/.cache/apps/net.corda.node.Corda_3.3-corda/jolokia-core-1.6.0.jar:/Users/rinke/Projects/corda/samples/cordapp-example/kotlin-source/build/nodes/.cache/apps/net.corda.node.Corda_3.3-corda/json-simple-1.1.1.jar:/Users/rinke/Projects/corda/samples/cordapp-example/kotlin-source/build/nodes/.cache/apps/net.corda.node.Corda_3.3-corda/rxjava-1.2.4.jar:/Users/rinke/Projects/corda/samples/cordapp-example/kotlin-source/build/nodes/.cache/apps/net.corda.node.Corda_3.3-corda/commons-jexl3-3.0.jar:/Users/rinke/Projects/corda/samples/cordapp-example/kotlin-source/build/nodes/.cache/apps/net.corda.node.Corda_3.3-corda/jackson-databind-2.9.2.jar:/Users/rinke/Projects/corda/samples/cordapp-example/kotlin-source/build/nodes/.cache/apps/net.corda.node.Corda_3.3-corda/eddsa-0.2.0.jar:/Users/rinke/Projects/corda/samples/cordapp-example/kotlin-source/build/nodes/.cache/apps/net.corda.node.Corda_3.3-corda/bcpkix-jdk15on-1.57.jar:/Users/rinke/Projects/corda/samples/cordapp-example/kotlin-source/build/nodes/.cache/apps/net.corda.node.Corda_3.3-corda/bcprov-jdk15on-1.57.jar:/Users/rinke/Projects/corda/samples/cordapp-example/kotlin-source/build/nodes/.cache/apps/net.corda.node.Corda_3.3-corda/commons-io-2.2.jar:/Users/rinke/Projects/corda/samples/cordapp-example/kotlin-source/build/nodes/.cache/apps/net.corda.node.Corda_3.3-corda/reflectasm-1.11.3.jar:/Users/rinke/Projects/corda/samples/cordapp-example/kotlin-source/build/nodes/.cache/apps/net.corda.node.Corda_3.3-corda/minlog-1.3.0.jar:/Users/rinke/Projects/corda/samples/cordapp-example/kotlin-source/build/nodes/.cache/apps/net.corda.node.Corda_3.3-corda/objenesis-2.2.jar:/Users/rinke/Projects/corda/samples/cordapp-example/kotlin-source/build/nodes/.cache/apps/net.corda.node.Corda_3.3-corda/annotations-13.0.jar:/Users/rinke/Projects/corda/samples/cordapp-example/kotlin-source/build/nodes/.cache/apps/net.corda.node.Corda_3.3-corda/jackson-annotations-2.9.0.jar:/Users/rinke/Projects/corda/samples/cordapp-example/kotlin-source/build/nodes/.cache/apps/net.corda.node.Corda_3.3-corda/snakeyaml-1.18.jar:/Users/rinke/Projects/corda/samples/cordapp-example/kotlin-source/build/nodes/.cache/apps/net.corda.node.Corda_3.3-corda/jackson-core-2.9.2.jar:/Users/rinke/Projects/corda/samples/cordapp-example/kotlin-source/build/nodes/.cache/apps/net.corda.node.Corda_3.3-corda/el-api-2.2.jar:/Users/rinke/Projects/corda/samples/cordapp-example/kotlin-source/build/nodes/.cache/apps/net.corda.node.Corda_3.3-corda/jboss-interceptors-api_1.1_spec-1.0.0.Beta1.jar:/Users/rinke/Projects/corda/samples/cordapp-example/kotlin-source/build/nodes/.cache/apps/net.corda.node.Corda_3.3-corda/jsr250-api-1.0.jar:/Users/rinke/Projects/corda/samples/cordapp-example/kotlin-source/build/nodes/.cache/apps/net.corda.node.Corda_3.3-corda/javax.inject-1.jar:/Users/rinke/Projects/corda/samples/cordapp-example/kotlin-source/build/nodes/.cache/apps/net.corda.node.Corda_3.3-corda/jpam-1.1.jar:/Users/rinke/Projects/corda/samples/cordapp-example/kotlin-source/build/nodes/.cache/apps/net.corda.node.Corda_3.3-corda/geronimo-jms_2.0_spec-1.0-alpha-2.jar:/Users/rinke/Projects/corda/samples/cordapp-example/kotlin-source/build/nodes/.cache/apps/net.corda.node.Corda_3.3-corda/asm-5.0.4.jar:/Users/rinke/Projects/corda/samples/cordapp-example/kotlin-source/build/nodes/.cache/apps/net.corda.node.Corda_3.3-corda/corda-node-3.3-corda.jar:/Users/rinke/Projects/corda/samples/cordapp-example/kotlin-source/build/nodes/.cache/apps/net.corda.node.Corda_3.3-corda/quasar-core-0.7.9-jdk8.jar {}
[INFO ] 2019-01-07T12:52:50,939Z [main] internal.Node.logStartupInfo - VM Java HotSpot(TM) 64-Bit Server VM Oracle Corporation 25.192-b12 {}
[WARN ] 2019-01-07T12:52:55,940Z [main] internal.Node.lookupMachineNameAndMaybeWarn - Your computer took over a second to resolve localhost due an incorrect configuration. Corda will work but start very slowly until this is fixed. Please see https://docs.corda.net/troubleshooting.html#slow-localhost-resolution for information on how to fix this. It will only take a few seconds for you to resolve. {}
[INFO ] 2019-01-07T12:52:55,941Z [main] internal.Node.logStartupInfo - Machine: Rinkes-MacBook-Pro.local {}
[INFO ] 2019-01-07T12:52:55,941Z [main] internal.Node.logStartupInfo - Working Directory: /Users/rinke/Projects/corda/samples/cordapp-example/kotlin-source/build/nodes/PartyA {}
[INFO ] 2019-01-07T12:52:55,942Z [main] internal.Node.logStartupInfo - Starting as node on localhost:10007 {}
[INFO ] 2019-01-07T12:52:56,119Z [main] cordapp.CordappLoader.<init> - No CorDapp paths provided {}
[INFO ] 2019-01-07T12:52:56,487Z [main] internal.Node.generateAndSaveNodeInfo - Generating nodeInfo ... {}
[WARN ] 2019-01-07T12:52:56,487Z [main] internal.Node.initCertificate - Corda node is running in dev mode. {}
[INFO ] 2019-01-07T12:52:58,003Z [main] internal.Node.obtainIdentity - identity-private-key not found in key store /Users/rinke/Projects/corda/samples/cordapp-example/kotlin-source/build/nodes/PartyA/certificates/nodekeystore.jks, generating fresh key! {}
[INFO ] 2019-01-07T12:53:13,446Z [main] BasicInfo.printBasicNodeInfo - Database connection url is              : jdbc:h2:tcp://192.168.34.54:57050/node {}
[INFO ] 2019-01-07T12:53:13,520Z [main] hikari.HikariDataSource.<init> - HikariPool-1 - Started. {}
[INFO ] 2019-01-07T12:53:13,863Z [main] internal.Node.invoke - Connected to H2 database. {}
[INFO ] 2019-01-07T12:53:13,967Z [main] persistence.HibernateConfiguration.<init> - Init HibernateConfiguration for schemas: [CommonSchemaV1(name=net.corda.core.schemas.CommonSchema, version=1), VaultSchemaV1(name=net.corda.node.services.vault.VaultSchema, version=1), NodeInfoSchemaV1(name=net.corda.node.internal.schemas.NodeInfoSchema, version=1), NodeCoreV1(name=net.corda.node.services.schema.NodeSchemaService$NodeCore, version=1)] {}
[INFO ] 2019-01-07T12:53:13,969Z [main] persistence.HibernateConfiguration.makeSessionFactoryForSchemas - Creating session factory for schemas: [CommonSchemaV1(name=net.corda.core.schemas.CommonSchema, version=1), VaultSchemaV1(name=net.corda.node.services.vault.VaultSchema, version=1), NodeInfoSchemaV1(name=net.corda.node.internal.schemas.NodeInfoSchema, version=1), NodeCoreV1(name=net.corda.node.services.schema.NodeSchemaService$NodeCore, version=1)] {}
[INFO ] 2019-01-07T12:53:14,286Z [main] hibernate.Version.logVersion - HHH000412: Hibernate Core {5.2.6.Final} {}
[INFO ] 2019-01-07T12:53:14,288Z [main] cfg.Environment.<clinit> - HHH000206: hibernate.properties not found {}
[INFO ] 2019-01-07T12:53:14,378Z [main] common.Version.<clinit> - HCANN000001: Hibernate Commons Annotations {5.0.1.Final} {}
[INFO ] 2019-01-07T12:53:14,567Z [main] internal.ConnectionProviderInitiator.initiateService - HHH000130: Instantiating explicit connection provider: net.corda.nodeapi.internal.persistence.HibernateConfiguration$NodeDatabaseConnectionProvider {}
[INFO ] 2019-01-07T12:53:14,594Z [main] dialect.Dialect.<init> - HHH000400: Using dialect: org.hibernate.dialect.H2Dialect {}
[INFO ] 2019-01-07T12:53:14,706Z [main] type.BasicTypeRegistry.register - HHH000270: Type registration [materialized_blob] overrides previous : org.hibernate.type.MaterializedBlobType@38d80d65 {}
[INFO ] 2019-01-07T12:53:16,891Z [main] connections.access.getIsolatedConnection - HHH10001501: Connection obtained from JdbcConnectionAccess [org.hibernate.engine.jdbc.env.internal.JdbcEnvironmentInitiator$ConnectionProviderJdbcConnectionAccess@ca546a1] for (non-JTA) DDL execution was not in auto-commit mode; the Connection 'local transaction' will be committed and the Connection will be set into auto-commit mode. {}
[INFO ] 2019-01-07T12:53:17,110Z [main] persistence.HibernateConfiguration.makeSessionFactoryForSchemas - Created session factory for schemas: [CommonSchemaV1(name=net.corda.core.schemas.CommonSchema, version=1), VaultSchemaV1(name=net.corda.node.services.vault.VaultSchema, version=1), NodeInfoSchemaV1(name=net.corda.node.internal.schemas.NodeInfoSchema, version=1), NodeCoreV1(name=net.corda.node.services.schema.NodeSchemaService$NodeCore, version=1)] {}
[INFO ] 2019-01-07T12:53:17,519Z [main] internal.QueryTranslatorFactoryInitiator.initiateService - HHH000397: Using ASTQueryTranslatorFactory {}
[INFO ] 2019-01-07T12:53:17,879Z [main] internal.Node.updateNodeInfo - Node-info has changed so submitting update. Old node-info was null {}
[INFO ] 2019-01-07T12:53:17,879Z [main] network.PersistentNetworkMapCache.addNode - Adding node with info: NodeInfo(addresses=[localhost:10007], legalIdentitiesAndCerts=[O=PartyA, L=London, C=GB], platformVersion=3, serial=1546865597879) {}
[INFO ] 2019-01-07T12:53:17,930Z [main] network.PersistentNetworkMapCache.addNode - No previous node found {}
[INFO ] 2019-01-07T12:53:18,704Z [main] network.PersistentNetworkMapCache.addNode - Done adding node with info: NodeInfo(addresses=[localhost:10007], legalIdentitiesAndCerts=[O=PartyA, L=London, C=GB], platformVersion=3, serial=1546865597879) {}
[INFO ] 2019-01-07T12:53:18,705Z [main] internal.Node.updateNodeInfo - New node-info: NodeInfo(addresses=[localhost:10007], legalIdentitiesAndCerts=[O=PartyA, L=London, C=GB], platformVersion=3, serial=1546865597879) {}
[INFO ] 2019-01-07T12:53:19,022Z [main] internal.Node.run - Node exiting successfully {}
[INFO ] 2019-01-07T12:54:23,707Z [main] manifests.Manifests.info - 111 attributes loaded from 127 stream(s) in 258ms, 111 saved, 1977 ignored: ["ActiveMQ-Version", "Agent-Class", "Ant-Version", "Application-Class", "Application-Library-Allowable-Codebase", "Application-Name", "Application-Version", "Archiver-Version", "Automatic-Module-Name", "Bnd-LastModified", "Branch", "Build-Date", "Build-Host", "Build-Id", "Build-Java-Version", "Build-Jdk", "Build-Job", "Build-Number", "Build-Timestamp", "Built-By", "Built-OS", "Built-Status", "Bundle-Activator", "Bundle-Category", "Bundle-ClassPath", "Bundle-Copyright", "Bundle-Description", "Bundle-DocURL", "Bundle-License", "Bundle-ManifestVersion", "Bundle-Name", "Bundle-RequiredExecutionEnvironment", "Bundle-SymbolicName", "Bundle-Vendor", "Bundle-Version", "Caller-Allowable-Codebase", "Can-Redefine-Classes", "Can-Retransform-Classes", "Can-Set-Native-Method-Prefix", "Caplets", "Change", "Codebase", "Corda-Platform-Version", "Corda-Release-Version", "Corda-Revision", "Corda-Vendor", "Created-By", "DynamicImport-Package", "Eclipse-BuddyPolicy", "Eclipse-LazyStart", "Export-Package", "Extension-Name", "Fragment-Host", "Gradle-Version", "Ignore-Package", "Implementation-Build", "Implementation-Build-Date", "Implementation-Title", "Implementation-URL", "Implementation-Url", "Implementation-Vendor", "Implementation-Vendor-Id", "Implementation-Version", "Import-Package", "Include-Resource", "JCabi-Build", "JCabi-Date", "JCabi-Version", "JVM-Args", "Java-Agents", "Java-Vendor", "Java-Version", "Kotlin-Runtime-Component", "Kotlin-Version", "Log4jReleaseKey", "Log4jReleaseManager", "Log4jReleaseVersion", "Main-Class", "Main-class", "Manifest-Version", "Min-Java-Version", "Min-Update-Version", "Module-Email", "Module-Origin", "Module-Owner", "Module-Source", "Multi-Release", "Originally-Created-By", "Os-Arch", "Os-Name", "Os-Version", "Package", "Permissions", "Premain-Class", "Private-Package", "Provide-Capability", "Require-Capability", "SCM-Revision", "SCM-url", "Scm-Connection", "Scm-Revision", "Scm-Url", "Service-Component", "Specification-Title", "Specification-Vendor", "Specification-Version", "System-Properties", "Tool", "Trusted-Library", "X-Compile-Source-JDK", "X-Compile-Target-JDK"] {}
[INFO ] 2019-01-07T12:54:24,258Z [main] BasicInfo.printBasicNodeInfo - Logs can be found in                    : /Users/rinke/Projects/corda/samples/cordapp-example/kotlin-source/build/nodes/PartyA/logs {}
[INFO ] 2019-01-07T12:54:24,672Z [main] config.ConfigHelper.loadConfig - Config:
{
    # reference.conf @ jar:file:/Users/rinke/Projects/corda/samples/cordapp-example/kotlin-source/build/nodes/PartyA/corda.jar!/reference.conf: 20
    "activeMQServer" : {
        # reference.conf @ jar:file:/Users/rinke/Projects/corda/samples/cordapp-example/kotlin-source/build/nodes/PartyA/corda.jar!/reference.conf: 21
        "bridge" : {
            # reference.conf @ jar:file:/Users/rinke/Projects/corda/samples/cordapp-example/kotlin-source/build/nodes/PartyA/corda.jar!/reference.conf: 24
            "maxRetryIntervalMin" : 3,
            # reference.conf @ jar:file:/Users/rinke/Projects/corda/samples/cordapp-example/kotlin-source/build/nodes/PartyA/corda.jar!/reference.conf: 22
            "retryIntervalMs" : 5000,
            # reference.conf @ jar:file:/Users/rinke/Projects/corda/samples/cordapp-example/kotlin-source/build/nodes/PartyA/corda.jar!/reference.conf: 23
            "retryIntervalMultiplier" : 1.5
        }
    },
    # hardcoded value
    "baseDirectory" : "/Users/rinke/Projects/corda/samples/cordapp-example/kotlin-source/build/nodes/PartyA",
    # merge of reference.conf @ jar:file:/Users/rinke/Projects/corda/samples/cordapp-example/kotlin-source/build/nodes/PartyA/corda.jar!/reference.conf: 6,reference.conf @ jar:file:/Users/rinke/.capsule/apps/net.corda.node.Corda_3.3-corda/corda-node-3.3-corda.jar!/reference.conf: 6
    "dataSourceProperties" : {
        # reference.conf @ jar:file:/Users/rinke/Projects/corda/samples/cordapp-example/kotlin-source/build/nodes/PartyA/corda.jar!/reference.conf: 10
        "dataSource.password" : "",
        # merge of reference.conf @ jar:file:/Users/rinke/Projects/corda/samples/cordapp-example/kotlin-source/build/nodes/PartyA/corda.jar!/reference.conf: 8,hardcoded value,reference.conf @ jar:file:/Users/rinke/Projects/corda/samples/cordapp-example/kotlin-source/build/nodes/PartyA/corda.jar!/reference.conf: 8,reference.conf @ jar:file:/Users/rinke/Projects/corda/samples/cordapp-example/kotlin-source/build/nodes/PartyA/corda.jar!/reference.conf: 17
        "dataSource.url" : "jdbc:h2:file:/Users/rinke/Projects/corda/samples/cordapp-example/kotlin-source/build/nodes/PartyA/persistence;DB_CLOSE_ON_EXIT=FALSE;LOCK_TIMEOUT=10000;WRITE_DELAY=100;AUTO_SERVER_PORT=0",
        # reference.conf @ jar:file:/Users/rinke/Projects/corda/samples/cordapp-example/kotlin-source/build/nodes/PartyA/corda.jar!/reference.conf: 9
        "dataSource.user" : "sa",
        # reference.conf @ jar:file:/Users/rinke/Projects/corda/samples/cordapp-example/kotlin-source/build/nodes/PartyA/corda.jar!/reference.conf: 7
        "dataSourceClassName" : "org.h2.jdbcx.JdbcDataSource"
    },
    # reference.conf @ jar:file:/Users/rinke/Projects/corda/samples/cordapp-example/kotlin-source/build/nodes/PartyA/corda.jar!/reference.conf: 12
    "database" : {
        # reference.conf @ jar:file:/Users/rinke/Projects/corda/samples/cordapp-example/kotlin-source/build/nodes/PartyA/corda.jar!/reference.conf: 14
        "exportHibernateJMXStatistics" : "false",
        # reference.conf @ jar:file:/Users/rinke/Projects/corda/samples/cordapp-example/kotlin-source/build/nodes/PartyA/corda.jar!/reference.conf: 13
        "transactionIsolationLevel" : "REPEATABLE_READ"
    },
    # reference.conf @ jar:file:/Users/rinke/Projects/corda/samples/cordapp-example/kotlin-source/build/nodes/PartyA/corda.jar!/reference.conf: 16
    "devMode" : true,
    # reference.conf @ jar:file:/Users/rinke/Projects/corda/samples/cordapp-example/kotlin-source/build/nodes/PartyA/corda.jar!/reference.conf: 2
    "emailAddress" : "admin@company.com",
    # reference.conf @ jar:file:/Users/rinke/Projects/corda/samples/cordapp-example/kotlin-source/build/nodes/PartyA/corda.jar!/reference.conf: 3
    "exportJMXto" : "http",
    # reference.conf @ jar:file:/Users/rinke/Projects/corda/samples/cordapp-example/kotlin-source/build/nodes/PartyA/corda.jar!/reference.conf: 31
    "flowTimeout" : {
        # reference.conf @ jar:file:/Users/rinke/Projects/corda/samples/cordapp-example/kotlin-source/build/nodes/PartyA/corda.jar!/reference.conf: 34
        "backoffBase" : 1.8,
        # reference.conf @ jar:file:/Users/rinke/Projects/corda/samples/cordapp-example/kotlin-source/build/nodes/PartyA/corda.jar!/reference.conf: 33
        "maxRestartCount" : 5,
        # reference.conf @ jar:file:/Users/rinke/Projects/corda/samples/cordapp-example/kotlin-source/build/nodes/PartyA/corda.jar!/reference.conf: 32
        "timeout" : "30 seconds"
    },
    # reference.conf @ jar:file:/Users/rinke/Projects/corda/samples/cordapp-example/kotlin-source/build/nodes/PartyA/corda.jar!/reference.conf: 17
    "h2port" : 0,
    # reference.conf @ jar:file:/Users/rinke/Projects/corda/samples/cordapp-example/kotlin-source/build/nodes/PartyA/corda.jar!/reference.conf: 4
    "keyStorePassword" : "cordacadevpass",
    # /Users/rinke/Projects/corda/samples/cordapp-example/kotlin-source/build/nodes/PartyA/node.conf: 1
    "myLegalName" : "O=PartyA,L=London,C=GB",
    # hardcoded value
    "noLocalShell" : false,
    # /Users/rinke/Projects/corda/samples/cordapp-example/kotlin-source/build/nodes/PartyA/node.conf: 2
    "p2pAddress" : "localhost:10007",
    # merge of /Users/rinke/Projects/corda/samples/cordapp-example/kotlin-source/build/nodes/PartyA/node.conf: 3,reference.conf @ jar:file:/Users/rinke/Projects/corda/samples/cordapp-example/kotlin-source/build/nodes/PartyA/corda.jar!/reference.conf: 27
    "rpcSettings" : {
        # /Users/rinke/Projects/corda/samples/cordapp-example/kotlin-source/build/nodes/PartyA/node.conf: 4
        "address" : "localhost:10008",
        # /Users/rinke/Projects/corda/samples/cordapp-example/kotlin-source/build/nodes/PartyA/node.conf: 5
        "adminAddress" : "localhost:10048",
        # reference.conf @ jar:file:/Users/rinke/Projects/corda/samples/cordapp-example/kotlin-source/build/nodes/PartyA/corda.jar!/reference.conf: 29
        "standAloneBroker" : false,
        # reference.conf @ jar:file:/Users/rinke/Projects/corda/samples/cordapp-example/kotlin-source/build/nodes/PartyA/corda.jar!/reference.conf: 28
        "useSsl" : false
    },
    # /Users/rinke/Projects/corda/samples/cordapp-example/kotlin-source/build/nodes/PartyA/node.conf: 7
    "rpcUsers" : [
        # /Users/rinke/Projects/corda/samples/cordapp-example/kotlin-source/build/nodes/PartyA/node.conf: 8
        {
            # /Users/rinke/Projects/corda/samples/cordapp-example/kotlin-source/build/nodes/PartyA/node.conf: 9
            "password" : "test",
            # /Users/rinke/Projects/corda/samples/cordapp-example/kotlin-source/build/nodes/PartyA/node.conf: 10
            "permissions" : [
                # /Users/rinke/Projects/corda/samples/cordapp-example/kotlin-source/build/nodes/PartyA/node.conf: 11
                "ALL"
            ],
            # /Users/rinke/Projects/corda/samples/cordapp-example/kotlin-source/build/nodes/PartyA/node.conf: 13
            "user" : "user1"
        }
    ],
    # reference.conf @ jar:file:/Users/rinke/Projects/corda/samples/cordapp-example/kotlin-source/build/nodes/PartyA/corda.jar!/reference.conf: 5
    "trustStorePassword" : "trustpass",
    # reference.conf @ jar:file:/Users/rinke/Projects/corda/samples/cordapp-example/kotlin-source/build/nodes/PartyA/corda.jar!/reference.conf: 18
    "useTestClock" : false,
    # reference.conf @ jar:file:/Users/rinke/Projects/corda/samples/cordapp-example/kotlin-source/build/nodes/PartyA/corda.jar!/reference.conf: 19
    "verifierType" : "InMemory",
    # /Users/rinke/Projects/corda/samples/cordapp-example/kotlin-source/build/nodes/PartyA/node.conf: 16
    "webAddress" : "localhost:10009"
}
 {}
[WARN ] 2019-01-07T12:54:28,233Z [main] internal.config.defaultToOldPath - Config key user has been deprecated and will be removed in a future release. Use username instead {}
[INFO ] 2019-01-07T12:54:28,440Z [main] internal.Node.logStartupInfo - Vendor: Corda Open Source {}
[INFO ] 2019-01-07T12:54:28,440Z [main] internal.Node.logStartupInfo - Release: 3.3-corda {}
[INFO ] 2019-01-07T12:54:28,441Z [main] internal.Node.logStartupInfo - Platform Version: 3 {}
[INFO ] 2019-01-07T12:54:28,441Z [main] internal.Node.logStartupInfo - Revision: c834162cd488784a0412bba4c9e638da89912ac2 {}
[INFO ] 2019-01-07T12:54:33,444Z [main] internal.Node.logStartupInfo - PID: 6338 {}
[INFO ] 2019-01-07T12:54:33,444Z [main] internal.Node.logStartupInfo - Main class: /Users/rinke/.capsule/apps/net.corda.node.Corda_3.3-corda/corda-node-3.3-corda.jar {}
[INFO ] 2019-01-07T12:54:33,444Z [main] internal.Node.logStartupInfo - CommandLine Args: -Xmx200m -XX:+UseG1GC -agentlib:jdwp=transport=dt_socket,server=y,suspend=n,address=5006 -javaagent:drivers/jolokia-jvm-1.3.7-agent.jar=port=7006,logHandlerClass=net.corda.node.JolokiaSlf4Adapter -javaagent:/Users/rinke/.capsule/apps/net.corda.node.Corda_3.3-corda/quasar-core-0.7.9-jdk8.jar=x(antlr**;bftsmart**;ch**;co.paralleluniverse**;com.codahale**;com.esotericsoftware**;com.fasterxml**;com.google**;com.ibm**;com.intellij**;com.jcabi**;com.nhaarman**;com.opengamma**;com.typesafe**;com.zaxxer**;de.javakaffee**;groovy**;groovyjarjarantlr**;groovyjarjarasm**;io.atomix**;io.github**;io.netty**;jdk**;joptsimple**;junit**;kotlin**;net.bytebuddy**;net.i2p**;org.apache**;org.assertj**;org.bouncycastle**;org.codehaus**;org.crsh**;org.dom4j**;org.fusesource**;org.h2**;org.hamcrest**;org.hibernate**;org.jboss**;org.jcp**;org.joda**;org.junit**;org.mockito**;org.objectweb**;org.objenesis**;org.slf4j**;org.w3c**;org.xml**;org.yaml**;reflectasm**;rx**;org.jolokia**) -Dvisualvm.display.name=Corda -Djava.library.path=/Users/rinke/Library/Java/Extensions:/Library/Java/Extensions:/Network/Library/Java/Extensions:/System/Library/Java/Extensions:/usr/lib/java:/Users/rinke/.capsule/apps/net.corda.node.Corda_3.3-corda -Dcapsule.app=net.corda.node.Corda_3.3-corda -Dname=PartyA-corda.jar -Dcapsule.dir=/Users/rinke/.capsule/apps/net.corda.node.Corda_3.3-corda -Dcapsule.jar=/Users/rinke/Projects/corda/samples/cordapp-example/kotlin-source/build/nodes/PartyA/corda.jar {}
[INFO ] 2019-01-07T12:54:33,444Z [main] internal.Node.logStartupInfo - Application Args:  {}
[INFO ] 2019-01-07T12:54:33,445Z [main] internal.Node.logStartupInfo - bootclasspath: /Library/Java/JavaVirtualMachines/jdk1.8.0_192.jdk/Contents/Home/jre/lib/resources.jar:/Library/Java/JavaVirtualMachines/jdk1.8.0_192.jdk/Contents/Home/jre/lib/rt.jar:/Library/Java/JavaVirtualMachines/jdk1.8.0_192.jdk/Contents/Home/jre/lib/sunrsasign.jar:/Library/Java/JavaVirtualMachines/jdk1.8.0_192.jdk/Contents/Home/jre/lib/jsse.jar:/Library/Java/JavaVirtualMachines/jdk1.8.0_192.jdk/Contents/Home/jre/lib/jce.jar:/Library/Java/JavaVirtualMachines/jdk1.8.0_192.jdk/Contents/Home/jre/lib/charsets.jar:/Library/Java/JavaVirtualMachines/jdk1.8.0_192.jdk/Contents/Home/jre/lib/jfr.jar:/Library/Java/JavaVirtualMachines/jdk1.8.0_192.jdk/Contents/Home/jre/classes {}
[INFO ] 2019-01-07T12:54:33,445Z [main] internal.Node.logStartupInfo - classpath: /Users/rinke/Projects/corda/samples/cordapp-example/kotlin-source/build/nodes/PartyA/corda.jar:/Users/rinke/.capsule/apps/net.corda.node.Corda_3.3-corda/corda-rpc-3.3-corda.jar:/Users/rinke/.capsule/apps/net.corda.node.Corda_3.3-corda/corda-node-api-3.3-corda.jar:/Users/rinke/.capsule/apps/net.corda.node.Corda_3.3-corda/corda-confidential-identities-3.3-corda.jar:/Users/rinke/.capsule/apps/net.corda.node.Corda_3.3-corda/cordform-common-3.2.1.jar:/Users/rinke/.capsule/apps/net.corda.node.Corda_3.3-corda/log4j-slf4j-impl-2.9.1.jar:/Users/rinke/.capsule/apps/net.corda.node.Corda_3.3-corda/log4j-web-2.9.1.jar:/Users/rinke/.capsule/apps/net.corda.node.Corda_3.3-corda/jul-to-slf4j-1.7.25.jar:/Users/rinke/.capsule/apps/net.corda.node.Corda_3.3-corda/corda-jackson-3.3-corda.jar:/Users/rinke/.capsule/apps/net.corda.node.Corda_3.3-corda/corda-core-3.3-corda.jar:/Users/rinke/.capsule/apps/net.corda.node.Corda_3.3-corda/kotlin-stdlib-jre8-1.1.60.jar:/Users/rinke/.capsule/apps/net.corda.node.Corda_3.3-corda/jackson-module-kotlin-2.9.2.jar:/Users/rinke/.capsule/apps/net.corda.node.Corda_3.3-corda/kotlin-reflect-1.1.60.jar:/Users/rinke/.capsule/apps/net.corda.node.Corda_3.3-corda/jimfs-1.1.jar:/Users/rinke/.capsule/apps/net.corda.node.Corda_3.3-corda/artemis-amqp-protocol-2.2.0.jar:/Users/rinke/.capsule/apps/net.corda.node.Corda_3.3-corda/artemis-server-2.2.0.jar:/Users/rinke/.capsule/apps/net.corda.node.Corda_3.3-corda/artemis-jdbc-store-2.2.0.jar:/Users/rinke/.capsule/apps/net.corda.node.Corda_3.3-corda/artemis-jms-client-2.2.0.jar:/Users/rinke/.capsule/apps/net.corda.node.Corda_3.3-corda/artemis-core-client-2.2.0.jar:/Users/rinke/.capsule/apps/net.corda.node.Corda_3.3-corda/artemis-journal-2.2.0.jar:/Users/rinke/.capsule/apps/net.corda.node.Corda_3.3-corda/artemis-commons-2.2.0.jar:/Users/rinke/.capsule/apps/net.corda.node.Corda_3.3-corda/guava-21.0.jar:/Users/rinke/.capsule/apps/net.corda.node.Corda_3.3-corda/jopt-simple-5.0.2.jar:/Users/rinke/.capsule/apps/net.corda.node.Corda_3.3-corda/commons-collections4-4.1.jar:/Users/rinke/.capsule/apps/net.corda.node.Corda_3.3-corda/shiro-core-1.4.0.jar:/Users/rinke/.capsule/apps/net.corda.node.Corda_3.3-corda/shiro-config-ogdl-1.4.0.jar:/Users/rinke/.capsule/apps/net.corda.node.Corda_3.3-corda/commons-beanutils-1.9.3.jar:/Users/rinke/.capsule/apps/net.corda.node.Corda_3.3-corda/jansi-1.14.jar:/Users/rinke/.capsule/apps/net.corda.node.Corda_3.3-corda/jcabi-manifests-1.1.jar:/Users/rinke/.capsule/apps/net.corda.node.Corda_3.3-corda/forms_rt-7.0.3.jar:/Users/rinke/.capsule/apps/net.corda.node.Corda_3.3-corda/metrics-core-3.1.2.jar:/Users/rinke/.capsule/apps/net.corda.node.Corda_3.3-corda/config-1.3.1.jar:/Users/rinke/.capsule/apps/net.corda.node.Corda_3.3-corda/h2-1.4.194.jar:/Users/rinke/.capsule/apps/net.corda.node.Corda_3.3-corda/postgresql-42.1.4.jar:/Users/rinke/.capsule/apps/net.corda.node.Corda_3.3-corda/HikariCP-2.5.1.jar:/Users/rinke/.capsule/apps/net.corda.node.Corda_3.3-corda/hibernate-java8-5.2.6.Final.jar:/Users/rinke/.capsule/apps/net.corda.node.Corda_3.3-corda/hibernate-core-5.2.6.Final.jar:/Users/rinke/.capsule/apps/net.corda.node.Corda_3.3-corda/copycat-client-1.2.3.jar:/Users/rinke/.capsule/apps/net.corda.node.Corda_3.3-corda/copycat-server-1.2.3.jar:/Users/rinke/.capsule/apps/net.corda.node.Corda_3.3-corda/catalyst-netty-1.1.2.jar:/Users/rinke/.capsule/apps/net.corda.node.Corda_3.3-corda/netty-all-4.1.9.Final.jar:/Users/rinke/.capsule/apps/net.corda.node.Corda_3.3-corda/crash.connectors.ssh-cadb53544fbb3c0fb901445da614998a6a419488.jar:/Users/rinke/.capsule/apps/net.corda.node.Corda_3.3-corda/crash.shell-cadb53544fbb3c0fb901445da614998a6a419488.jar:/Users/rinke/.capsule/apps/net.corda.node.Corda_3.3-corda/okhttp-3.5.0.jar:/Users/rinke/.capsule/apps/net.corda.node.Corda_3.3-corda/commons-codec-1.10.jar:/Users/rinke/.capsule/apps/net.corda.node.Corda_3.3-corda/library-master-v1.1-beta-g6215ec8-87.jar:/Users/rinke/.capsule/apps/net.corda.node.Corda_3.3-corda/jolokia-jvm-1.6.0-agent.jar:/Users/rinke/.capsule/apps/net.corda.node.Corda_3.3-corda/quasar-core-0.7.9-jdk8.jar:/Users/rinke/.capsule/apps/net.corda.node.Corda_3.3-corda/commons-fileupload-1.3.3.jar:/Users/rinke/.capsule/apps/net.corda.node.Corda_3.3-corda/kryo-serializers-0.41.jar:/Users/rinke/.capsule/apps/net.corda.node.Corda_3.3-corda/kryo-4.0.0.jar:/Users/rinke/.capsule/apps/net.corda.node.Corda_3.3-corda/proton-j-0.21.0.jar:/Users/rinke/.capsule/apps/net.corda.node.Corda_3.3-corda/fast-classpath-scanner-2.12.3.jar:/Users/rinke/.capsule/apps/net.corda.node.Corda_3.3-corda/jsr305-3.0.2.jar:/Users/rinke/.capsule/apps/net.corda.node.Corda_3.3-corda/jcabi-log-0.14.jar:/Users/rinke/.capsule/apps/net.corda.node.Corda_3.3-corda/copycat-protocol-1.2.3.jar:/Users/rinke/.capsule/apps/net.corda.node.Corda_3.3-corda/catalyst-transport-1.1.2.jar:/Users/rinke/.capsule/apps/net.corda.node.Corda_3.3-corda/mina-core-2.0.16.jar:/Users/rinke/.capsule/apps/net.corda.node.Corda_3.3-corda/shiro-cache-1.4.0.jar:/Users/rinke/.capsule/apps/net.corda.node.Corda_3.3-corda/shiro-crypto-hash-1.4.0.jar:/Users/rinke/.capsule/apps/net.corda.node.Corda_3.3-corda/shiro-crypto-cipher-1.4.0.jar:/Users/rinke/.capsule/apps/net.corda.node.Corda_3.3-corda/shiro-config-core-1.4.0.jar:/Users/rinke/.capsule/apps/net.corda.node.Corda_3.3-corda/shiro-event-1.4.0.jar:/Users/rinke/.capsule/apps/net.corda.node.Corda_3.3-corda/shiro-crypto-core-1.4.0.jar:/Users/rinke/.capsule/apps/net.corda.node.Corda_3.3-corda/shiro-lang-1.4.0.jar:/Users/rinke/.capsule/apps/net.corda.node.Corda_3.3-corda/jcl-over-slf4j-1.7.25.jar:/Users/rinke/.capsule/apps/net.corda.node.Corda_3.3-corda/catalyst-concurrent-1.1.2.jar:/Users/rinke/.capsule/apps/net.corda.node.Corda_3.3-corda/catalyst-serializer-1.1.2.jar:/Users/rinke/.capsule/apps/net.corda.node.Corda_3.3-corda/catalyst-buffer-1.1.2.jar:/Users/rinke/.capsule/apps/net.corda.node.Corda_3.3-corda/catalyst-common-1.1.2.jar:/Users/rinke/.capsule/apps/net.corda.node.Corda_3.3-corda/sshd-pam-0.11.0.jar:/Users/rinke/.capsule/apps/net.corda.node.Corda_3.3-corda/sshd-core-1.6.0.jar:/Users/rinke/.capsule/apps/net.corda.node.Corda_3.3-corda/slf4j-api-1.7.25.jar:/Users/rinke/.capsule/apps/net.corda.node.Corda_3.3-corda/log4j-core-2.9.1.jar:/Users/rinke/.capsule/apps/net.corda.node.Corda_3.3-corda/log4j-api-2.9.1.jar:/Users/rinke/.capsule/apps/net.corda.node.Corda_3.3-corda/kotlin-stdlib-jre7-1.1.60.jar:/Users/rinke/.capsule/apps/net.corda.node.Corda_3.3-corda/kotlin-stdlib-1.1.60.jar:/Users/rinke/.capsule/apps/net.corda.node.Corda_3.3-corda/commons-collections-3.2.2.jar:/Users/rinke/.capsule/apps/net.corda.node.Corda_3.3-corda/hibernate-commons-annotations-5.0.1.Final.jar:/Users/rinke/.capsule/apps/net.corda.node.Corda_3.3-corda/artemis-native-2.2.0.jar:/Users/rinke/.capsule/apps/net.corda.node.Corda_3.3-corda/jboss-logging-3.3.0.Final.jar:/Users/rinke/.capsule/apps/net.corda.node.Corda_3.3-corda/artemis-selector-2.2.0.jar:/Users/rinke/.capsule/apps/net.corda.node.Corda_3.3-corda/jgroups-3.6.13.Final.jar:/Users/rinke/.capsule/apps/net.corda.node.Corda_3.3-corda/geronimo-json_1.0_spec-1.0-alpha-1.jar:/Users/rinke/.capsule/apps/net.corda.node.Corda_3.3-corda/johnzon-core-0.9.5.jar:/Users/rinke/.capsule/apps/net.corda.node.Corda_3.3-corda/forms-1.1-preview.jar:/Users/rinke/.capsule/apps/net.corda.node.Corda_3.3-corda/jdom-1.0.jar:/Users/rinke/.capsule/apps/net.corda.node.Corda_3.3-corda/jackson-dataformat-yaml-2.9.2.jar:/Users/rinke/.capsule/apps/net.corda.node.Corda_3.3-corda/jackson-datatype-jsr310-2.9.2.jar:/Users/rinke/.capsule/apps/net.corda.node.Corda_3.3-corda/hibernate-jpa-2.1-api-1.0.0.Final.jar:/Users/rinke/.capsule/apps/net.corda.node.Corda_3.3-corda/javassist-3.20.0-GA.jar:/Users/rinke/.capsule/apps/net.corda.node.Corda_3.3-corda/antlr-2.7.7.jar:/Users/rinke/.capsule/apps/net.corda.node.Corda_3.3-corda/geronimo-jta_1.1_spec-1.1.1.jar:/Users/rinke/.capsule/apps/net.corda.node.Corda_3.3-corda/jandex-2.0.3.Final.jar:/Users/rinke/.capsule/apps/net.corda.node.Corda_3.3-corda/classmate-1.3.0.jar:/Users/rinke/.capsule/apps/net.corda.node.Corda_3.3-corda/dom4j-1.6.1.jar:/Users/rinke/.capsule/apps/net.corda.node.Corda_3.3-corda/cdi-api-1.1.jar:/Users/rinke/.capsule/apps/net.corda.node.Corda_3.3-corda/crash.cli-cadb53544fbb3c0fb901445da614998a6a419488.jar:/Users/rinke/.capsule/apps/net.corda.node.Corda_3.3-corda/groovy-all-1.8.9.jar:/Users/rinke/.capsule/apps/net.corda.node.Corda_3.3-corda/okio-1.11.0.jar:/Users/rinke/.capsule/apps/net.corda.node.Corda_3.3-corda/jolokia-core-1.6.0.jar:/Users/rinke/.capsule/apps/net.corda.node.Corda_3.3-corda/json-simple-1.1.1.jar:/Users/rinke/.capsule/apps/net.corda.node.Corda_3.3-corda/rxjava-1.2.4.jar:/Users/rinke/.capsule/apps/net.corda.node.Corda_3.3-corda/commons-jexl3-3.0.jar:/Users/rinke/.capsule/apps/net.corda.node.Corda_3.3-corda/jackson-databind-2.9.2.jar:/Users/rinke/.capsule/apps/net.corda.node.Corda_3.3-corda/eddsa-0.2.0.jar:/Users/rinke/.capsule/apps/net.corda.node.Corda_3.3-corda/bcpkix-jdk15on-1.57.jar:/Users/rinke/.capsule/apps/net.corda.node.Corda_3.3-corda/bcprov-jdk15on-1.57.jar:/Users/rinke/.capsule/apps/net.corda.node.Corda_3.3-corda/commons-io-2.2.jar:/Users/rinke/.capsule/apps/net.corda.node.Corda_3.3-corda/reflectasm-1.11.3.jar:/Users/rinke/.capsule/apps/net.corda.node.Corda_3.3-corda/minlog-1.3.0.jar:/Users/rinke/.capsule/apps/net.corda.node.Corda_3.3-corda/objenesis-2.2.jar:/Users/rinke/.capsule/apps/net.corda.node.Corda_3.3-corda/annotations-13.0.jar:/Users/rinke/.capsule/apps/net.corda.node.Corda_3.3-corda/jackson-annotations-2.9.0.jar:/Users/rinke/.capsule/apps/net.corda.node.Corda_3.3-corda/snakeyaml-1.18.jar:/Users/rinke/.capsule/apps/net.corda.node.Corda_3.3-corda/jackson-core-2.9.2.jar:/Users/rinke/.capsule/apps/net.corda.node.Corda_3.3-corda/el-api-2.2.jar:/Users/rinke/.capsule/apps/net.corda.node.Corda_3.3-corda/jboss-interceptors-api_1.1_spec-1.0.0.Beta1.jar:/Users/rinke/.capsule/apps/net.corda.node.Corda_3.3-corda/jsr250-api-1.0.jar:/Users/rinke/.capsule/apps/net.corda.node.Corda_3.3-corda/javax.inject-1.jar:/Users/rinke/.capsule/apps/net.corda.node.Corda_3.3-corda/jpam-1.1.jar:/Users/rinke/.capsule/apps/net.corda.node.Corda_3.3-corda/geronimo-jms_2.0_spec-1.0-alpha-2.jar:/Users/rinke/.capsule/apps/net.corda.node.Corda_3.3-corda/asm-5.0.4.jar:/Users/rinke/.capsule/apps/net.corda.node.Corda_3.3-corda/corda-node-3.3-corda.jar:/Users/rinke/Projects/corda/samples/cordapp-example/kotlin-source/build/nodes/PartyA/cordapps/corda-finance-3.3-corda.jar:/Users/rinke/Projects/corda/samples/cordapp-example/kotlin-source/build/nodes/PartyA/cordapps/cordapp-example-0.1.jar:drivers/jolokia-jvm-1.3.7-agent.jar:/Users/rinke/.capsule/apps/net.corda.node.Corda_3.3-corda/quasar-core-0.7.9-jdk8.jar {}
[INFO ] 2019-01-07T12:54:33,446Z [main] internal.Node.logStartupInfo - VM Java HotSpot(TM) 64-Bit Server VM Oracle Corporation 25.192-b12 {}
[WARN ] 2019-01-07T12:54:38,452Z [main] internal.Node.lookupMachineNameAndMaybeWarn - Your computer took over a second to resolve localhost due an incorrect configuration. Corda will work but start very slowly until this is fixed. Please see https://docs.corda.net/troubleshooting.html#slow-localhost-resolution for information on how to fix this. It will only take a few seconds for you to resolve. {}
[INFO ] 2019-01-07T12:54:38,453Z [main] internal.Node.logStartupInfo - Machine: Rinkes-MacBook-Pro.local {}
[INFO ] 2019-01-07T12:54:38,453Z [main] internal.Node.logStartupInfo - Working Directory: /Users/rinke/Projects/corda/samples/cordapp-example/kotlin-source/build/nodes/PartyA {}
[INFO ] 2019-01-07T12:54:38,453Z [main] internal.Node.logStartupInfo - Debug port: dt_socket:5006 {}
[INFO ] 2019-01-07T12:54:38,453Z [main] internal.Node.logStartupInfo - Starting as node on localhost:10007 {}
[INFO ] 2019-01-07T12:54:38,610Z [main] cordapp.CordappLoader.<init> - Loading CorDapps from RestrictedURL(url=file:/Users/rinke/Projects/corda/samples/cordapp-example/kotlin-source/build/nodes/PartyA/cordapps/corda-finance-3.3-corda.jar, rootPackageName=null), RestrictedURL(url=file:/Users/rinke/Projects/corda/samples/cordapp-example/kotlin-source/build/nodes/PartyA/cordapps/cordapp-example-0.1.jar, rootPackageName=null) {}
[INFO ] 2019-01-07T12:54:38,794Z [main] cordapp.CordappLoader.scanCordapp - Scanning CorDapp in file:/Users/rinke/Projects/corda/samples/cordapp-example/kotlin-source/build/nodes/PartyA/cordapps/corda-finance-3.3-corda.jar {}
[INFO ] 2019-01-07T12:54:39,070Z [main] cordapp.CordappLoader.scanCordapp - Scanning CorDapp in file:/Users/rinke/Projects/corda/samples/cordapp-example/kotlin-source/build/nodes/PartyA/cordapps/cordapp-example-0.1.jar {}
[INFO ] 2019-01-07T12:54:39,489Z [main] internal.Node.start - Node starting up ... {}
[WARN ] 2019-01-07T12:54:39,489Z [main] internal.Node.initCertificate - Corda node is running in dev mode. {}
[INFO ] 2019-01-07T12:54:43,466Z [main] internal.NetworkParametersReader.retrieveNetworkParameters - Loaded network parameters: net.corda.core.internal.SignedDataWithCert@318c68d5 {}
[INFO ] 2019-01-07T12:54:59,603Z [main] BasicInfo.printBasicNodeInfo - Database connection url is              : jdbc:h2:tcp://192.168.34.54:57068/node {}
[INFO ] 2019-01-07T12:54:59,696Z [main] hikari.HikariDataSource.<init> - HikariPool-1 - Started. {}
[INFO ] 2019-01-07T12:54:59,984Z [main] internal.Node.invoke - Connected to H2 database. {}
[INFO ] 2019-01-07T12:55:00,089Z [main] persistence.HibernateConfiguration.<init> - Init HibernateConfiguration for schemas: [CommonSchemaV1(name=net.corda.core.schemas.CommonSchema, version=1), VaultSchemaV1(name=net.corda.node.services.vault.VaultSchema, version=1), NodeInfoSchemaV1(name=net.corda.node.internal.schemas.NodeInfoSchema, version=1), NodeCoreV1(name=net.corda.node.services.schema.NodeSchemaService$NodeCore, version=1), CashSchemaV1(name=net.corda.finance.schemas.CashSchema, version=1), CommercialPaperSchemaV1(name=net.corda.finance.schemas.CommercialPaperSchema, version=1), IOUSchemaV1(name=com.example.schema.IOUSchema, version=1)] {}
[INFO ] 2019-01-07T12:55:00,091Z [main] persistence.HibernateConfiguration.makeSessionFactoryForSchemas - Creating session factory for schemas: [CommonSchemaV1(name=net.corda.core.schemas.CommonSchema, version=1), VaultSchemaV1(name=net.corda.node.services.vault.VaultSchema, version=1), NodeInfoSchemaV1(name=net.corda.node.internal.schemas.NodeInfoSchema, version=1), NodeCoreV1(name=net.corda.node.services.schema.NodeSchemaService$NodeCore, version=1), CashSchemaV1(name=net.corda.finance.schemas.CashSchema, version=1), CommercialPaperSchemaV1(name=net.corda.finance.schemas.CommercialPaperSchema, version=1), IOUSchemaV1(name=com.example.schema.IOUSchema, version=1)] {}
[INFO ] 2019-01-07T12:55:00,443Z [main] hibernate.Version.logVersion - HHH000412: Hibernate Core {5.2.6.Final} {}
[INFO ] 2019-01-07T12:55:00,445Z [main] cfg.Environment.<clinit> - HHH000206: hibernate.properties not found {}
[INFO ] 2019-01-07T12:55:00,540Z [main] common.Version.<clinit> - HCANN000001: Hibernate Commons Annotations {5.0.1.Final} {}
[INFO ] 2019-01-07T12:55:00,781Z [main] internal.ConnectionProviderInitiator.initiateService - HHH000130: Instantiating explicit connection provider: net.corda.nodeapi.internal.persistence.HibernateConfiguration$NodeDatabaseConnectionProvider {}
[INFO ] 2019-01-07T12:55:00,828Z [main] dialect.Dialect.<init> - HHH000400: Using dialect: org.hibernate.dialect.H2Dialect {}
[INFO ] 2019-01-07T12:55:00,948Z [main] type.BasicTypeRegistry.register - HHH000270: Type registration [materialized_blob] overrides previous : org.hibernate.type.MaterializedBlobType@d70e9a {}
[INFO ] 2019-01-07T12:55:04,481Z [main] connections.access.getIsolatedConnection - HHH10001501: Connection obtained from JdbcConnectionAccess [org.hibernate.engine.jdbc.env.internal.JdbcEnvironmentInitiator$ConnectionProviderJdbcConnectionAccess@4d0abb23] for (non-JTA) DDL execution was not in auto-commit mode; the Connection 'local transaction' will be committed and the Connection will be set into auto-commit mode. {}
[INFO ] 2019-01-07T12:55:04,787Z [main] persistence.HibernateConfiguration.makeSessionFactoryForSchemas - Created session factory for schemas: [CommonSchemaV1(name=net.corda.core.schemas.CommonSchema, version=1), VaultSchemaV1(name=net.corda.node.services.vault.VaultSchema, version=1), NodeInfoSchemaV1(name=net.corda.node.internal.schemas.NodeInfoSchema, version=1), NodeCoreV1(name=net.corda.node.services.schema.NodeSchemaService$NodeCore, version=1), CashSchemaV1(name=net.corda.finance.schemas.CashSchema, version=1), CommercialPaperSchemaV1(name=net.corda.finance.schemas.CommercialPaperSchema, version=1), IOUSchemaV1(name=com.example.schema.IOUSchema, version=1)] {}
[INFO ] 2019-01-07T12:55:05,453Z [main] internal.QueryTranslatorFactoryInitiator.initiateService - HHH000397: Using ASTQueryTranslatorFactory {}
[INFO ] 2019-01-07T12:55:05,982Z [main] internal.Node.updateNodeInfo - Node-info has changed so submitting update. Old node-info was null {}
[INFO ] 2019-01-07T12:55:05,983Z [main] network.PersistentNetworkMapCache.addNode - Adding node with info: NodeInfo(addresses=[localhost:10007], legalIdentitiesAndCerts=[O=PartyA, L=London, C=GB], platformVersion=3, serial=1546865705983) {}
[INFO ] 2019-01-07T12:55:06,057Z [main] network.PersistentNetworkMapCache.addNode - No previous node found {}
[INFO ] 2019-01-07T12:55:06,436Z [main] network.PersistentNetworkMapCache.addNode - Done adding node with info: NodeInfo(addresses=[localhost:10007], legalIdentitiesAndCerts=[O=PartyA, L=London, C=GB], platformVersion=3, serial=1546865705983) {}
[INFO ] 2019-01-07T12:55:06,436Z [main] internal.Node.updateNodeInfo - New node-info: NodeInfo(addresses=[localhost:10007], legalIdentitiesAndCerts=[O=PartyA, L=London, C=GB], platformVersion=3, serial=1546865705983) {}
[INFO ] 2019-01-07T12:55:07,303Z [main] persistence.NodeAttachmentService.invoke - Stored new attachment 9D0E5E7FD24111A8CC5E293CBA9E88B2664848113089A91A5CABCD29E6C07F1E {}
[INFO ] 2019-01-07T12:55:07,571Z [main] persistence.NodeAttachmentService.invoke - Stored new attachment 44BE25EA5EE75F96B425E03AAB4C11B7758A7E92B8A81F075D707A5189F5F119 {}
[INFO ] 2019-01-07T12:55:08,097Z [main] security.RPCSecurityManagerImpl.buildImpl - Constructing realm from list of users in config [User(user1, permissions=[ALL])] {}
[INFO ] 2019-01-07T12:55:08,611Z [main] BasicInfo.printBasicNodeInfo - Advertised P2P messaging addresses      : localhost:10007 {}
[INFO ] 2019-01-07T12:55:08,630Z [main] BasicInfo.printBasicNodeInfo - RPC connection address                  : localhost:10008 {}
[INFO ] 2019-01-07T12:55:08,630Z [main] BasicInfo.printBasicNodeInfo - RPC admin connection address            : localhost:10048 {}
[INFO ] 2019-01-07T12:55:16,092Z [main] messaging.ArtemisMessagingServer.configureAndStartServer - P2P messaging server listening on port 10007 {}
[INFO ] 2019-01-07T12:55:16,279Z [main] internal.ArtemisMessagingClient.start - Connecting to message broker: localhost:10007 {}
[INFO ] 2019-01-07T12:55:16,681Z [main] internal.ArtemisMessagingClient.start - Connecting to message broker: localhost:10007 {}
[INFO ] 2019-01-07T12:55:16,773Z [main] internal.ArtemisMessagingClient.start - Connecting to message broker: localhost:10048 {}
[INFO ] 2019-01-07T12:55:16,850Z [main] messaging.P2PMessagingClient.start - Connecting to message broker: localhost:10007 {}
[INFO ] 2019-01-07T12:55:16,894Z [main] messaging.P2PMessagingClient.createQueueIfAbsent - Create fresh queue p2p.inbound.DLHgvDTwisgjr7SYU5QaikUH6cQ7pTSvaPRMzmygnVUgfB bound on same address {}
[INFO ] 2019-01-07T12:55:16,961Z [Thread-0 (ActiveMQ-client-global-threads)] bridging.BridgeControlListener.processControlMessage - Received bridge control message NodeToBridgeSnapshot(nodeIdentity=DLHgvDTwisgjr7SYU5QaikUH6cQ7pTSvaPRMzmygnVUgfB, inboxQueues=[p2p.inbound.DLHgvDTwisgjr7SYU5QaikUH6cQ7pTSvaPRMzmygnVUgfB], sendQueues=[]) {}
[INFO ] 2019-01-07T12:55:17,176Z [main] internal.Node.installCordaService - Installed net.corda.finance.flows.ConfigHolder Corda service {}
[INFO ] 2019-01-07T12:55:17,195Z [main] internal.Node.registerInitiatedFlowInternal - Registered com.example.flow.ExampleFlow$Initiator to initiate com.example.flow.ExampleFlow$Acceptor (version 1) {}
[INFO ] 2019-01-07T12:55:19,193Z [main] plugin.PluginManager.getPlugins - Loaded plugin Plugin[type=SSHPlugin,interface=SSHPlugin] {}
[INFO ] 2019-01-07T12:55:19,200Z [main] plugin.PluginManager.getPlugins - Loaded plugin Plugin[type=SSHInlinePlugin,interface=CommandPlugin] {}
[INFO ] 2019-01-07T12:55:19,201Z [main] plugin.PluginManager.getPlugins - Loaded plugin Plugin[type=KeyAuthenticationPlugin,interface=KeyAuthenticationPlugin] {}
[INFO ] 2019-01-07T12:55:19,203Z [main] plugin.PluginManager.getPlugins - Loaded plugin Plugin[type=CRaSHShellFactory,interface=ShellFactory] {}
[INFO ] 2019-01-07T12:55:19,205Z [main] plugin.PluginManager.getPlugins - Loaded plugin Plugin[type=GroovyLanguageProxy,interface=Language] {}
[INFO ] 2019-01-07T12:55:19,206Z [main] plugin.PluginManager.getPlugins - Loaded plugin Plugin[type=JavaLanguage,interface=Language] {}
[INFO ] 2019-01-07T12:55:19,207Z [main] plugin.PluginManager.getPlugins - Loaded plugin Plugin[type=ScriptLanguage,interface=Language] {}
[INFO ] 2019-01-07T12:55:19,208Z [main] plugin.PluginManager.getPlugins - Loaded plugin Plugin[type=JaasAuthenticationPlugin,interface=AuthenticationPlugin] {}
[INFO ] 2019-01-07T12:55:19,210Z [main] plugin.PluginManager.getPlugins - Loaded plugin Plugin[type=SimpleAuthenticationPlugin,interface=AuthenticationPlugin] {}
[INFO ] 2019-01-07T12:55:19,257Z [main] ssh.SSHPlugin.init - Could not boot SSHD due to missing due to missing port configuration {}
[INFO ] 2019-01-07T12:55:19,258Z [main] plugin.PluginManager.getPlugins - Initialized plugin Plugin[type=SSHPlugin,interface=SSHPlugin] {}
[INFO ] 2019-01-07T12:55:19,260Z [main] plugin.PluginManager.getPlugins - Initialized plugin Plugin[type=SSHInlinePlugin,interface=CommandPlugin] {}
[INFO ] 2019-01-07T12:55:19,260Z [main] plugin.PluginManager.getPlugins - Initialized plugin Plugin[type=KeyAuthenticationPlugin,interface=KeyAuthenticationPlugin] {}
[INFO ] 2019-01-07T12:55:19,276Z [main] plugin.PluginManager.getPlugins - Initialized plugin Plugin[type=GroovyLanguageProxy,interface=Language] {}
[INFO ] 2019-01-07T12:55:19,276Z [main] plugin.PluginManager.getPlugins - Initialized plugin Plugin[type=ScriptLanguage,interface=Language] {}
[INFO ] 2019-01-07T12:55:19,282Z [main] plugin.PluginManager.getPlugins - Initialized plugin Plugin[type=CRaSHShellFactory,interface=ShellFactory] {}
[INFO ] 2019-01-07T12:55:19,282Z [main] plugin.PluginManager.getPlugins - Initialized plugin Plugin[type=JaasAuthenticationPlugin,interface=AuthenticationPlugin] {}
[INFO ] 2019-01-07T12:55:19,282Z [main] plugin.PluginManager.getPlugins - Initialized plugin Plugin[type=SimpleAuthenticationPlugin,interface=AuthenticationPlugin] {}
[INFO ] 2019-01-07T12:55:19,282Z [main] plugin.PluginManager.getPlugins - Initialized plugin Plugin[type=CordaAuthenticationPlugin,interface=AuthenticationPlugin] {}
[WARN ] 2019-01-07T12:55:23,020Z [main] utilities.AppendOnlyPersistentMapBase.set - Double insert in net.corda.node.utilities.AppendOnlyPersistentMap for entity class class net.corda.node.services.identity.PersistentIdentityService$PersistentIdentity key F7F4D00A9593A57D429A398832E7CC3178E71D7170474D65DF474A37AC510BFA, not inserting the second time {}
[INFO ] 2019-01-07T12:55:23,022Z [main] messaging.P2PMessagingClient.updateBridgesOnNetworkChange - Updating bridges on network map change: NodeInfo(addresses=[localhost:10007], legalIdentitiesAndCerts=[O=PartyA, L=London, C=GB], platformVersion=3, serial=1546865705983) {}
[INFO ] 2019-01-07T12:55:23,339Z [RxIoScheduler-2] network.PersistentNetworkMapCache.addNode - Adding node with info: NodeInfo(addresses=[localhost:10006], legalIdentitiesAndCerts=[O=Notary, L=London, C=GB], platformVersion=3, serial=1546865596569) {}
[INFO ] 2019-01-07T12:55:23,341Z [RxIoScheduler-2] network.PersistentNetworkMapCache.addNode - No previous node found {}
[INFO ] 2019-01-07T12:55:23,442Z [RxIoScheduler-2] messaging.P2PMessagingClient.updateBridgesOnNetworkChange - Updating bridges on network map change: NodeInfo(addresses=[localhost:10006], legalIdentitiesAndCerts=[O=Notary, L=London, C=GB], platformVersion=3, serial=1546865596569) {}
[INFO ] 2019-01-07T12:55:23,449Z [RxIoScheduler-2] network.PersistentNetworkMapCache.addNode - Done adding node with info: NodeInfo(addresses=[localhost:10006], legalIdentitiesAndCerts=[O=Notary, L=London, C=GB], platformVersion=3, serial=1546865596569) {}
[INFO ] 2019-01-07T12:55:23,450Z [RxIoScheduler-2] network.PersistentNetworkMapCache.addNode - Adding node with info: NodeInfo(addresses=[localhost:10013], legalIdentitiesAndCerts=[O=PartyC, L=Paris, C=FR], platformVersion=3, serial=1546865587785) {}
[INFO ] 2019-01-07T12:55:23,452Z [RxIoScheduler-2] network.PersistentNetworkMapCache.addNode - No previous node found {}
[INFO ] 2019-01-07T12:55:23,473Z [main] BasicInfo.printBasicNodeInfo - Loaded CorDapps                         : corda-finance-3.3-corda, cordapp-example-0.1, corda-core-3.3-corda {}
[INFO ] 2019-01-07T12:55:23,510Z [RxIoScheduler-2] messaging.P2PMessagingClient.updateBridgesOnNetworkChange - Updating bridges on network map change: NodeInfo(addresses=[localhost:10013], legalIdentitiesAndCerts=[O=PartyC, L=Paris, C=FR], platformVersion=3, serial=1546865587785) {}
[INFO ] 2019-01-07T12:55:23,513Z [RxIoScheduler-2] network.PersistentNetworkMapCache.addNode - Done adding node with info: NodeInfo(addresses=[localhost:10013], legalIdentitiesAndCerts=[O=PartyC, L=Paris, C=FR], platformVersion=3, serial=1546865587785) {}
[INFO ] 2019-01-07T12:55:23,513Z [RxIoScheduler-2] network.PersistentNetworkMapCache.addNode - Adding node with info: NodeInfo(addresses=[localhost:10007], legalIdentitiesAndCerts=[O=PartyA, L=London, C=GB], platformVersion=3, serial=1546865597879) {}
[INFO ] 2019-01-07T12:55:23,532Z [main] BasicInfo.printBasicNodeInfo - Node for "PartyA" started up and registered in 71.4 sec {}
[INFO ] 2019-01-07T12:55:23,534Z [RxIoScheduler-2] network.PersistentNetworkMapCache.addNode - Discarding older nodeInfo for O=PartyA, L=London, C=GB {}
[INFO ] 2019-01-07T12:55:23,534Z [RxIoScheduler-2] network.PersistentNetworkMapCache.addNode - Adding node with info: NodeInfo(addresses=[localhost:10010], legalIdentitiesAndCerts=[O=PartyB, L=New York, C=US], platformVersion=3, serial=1546865597816) {}
[INFO ] 2019-01-07T12:55:23,536Z [RxIoScheduler-2] network.PersistentNetworkMapCache.addNode - No previous node found {}
[INFO ] 2019-01-07T12:55:23,556Z [RxIoScheduler-2] messaging.P2PMessagingClient.updateBridgesOnNetworkChange - Updating bridges on network map change: NodeInfo(addresses=[localhost:10010], legalIdentitiesAndCerts=[O=PartyB, L=New York, C=US], platformVersion=3, serial=1546865597816) {}
[INFO ] 2019-01-07T12:55:23,560Z [RxIoScheduler-2] network.PersistentNetworkMapCache.addNode - Done adding node with info: NodeInfo(addresses=[localhost:10010], legalIdentitiesAndCerts=[O=PartyB, L=New York, C=US], platformVersion=3, serial=1546865597816) {}
[INFO ] 2019-01-07T12:55:23,905Z [main] messaging.RPCServer.start - Starting RPC server with configuration RPCServerConfiguration(rpcThreadPoolSize=4, reapInterval=PT1S, deduplicationCacheExpiry=PT24H) {}
[INFO ] 2019-01-07T12:55:25,042Z [Thread-0 (ActiveMQ-client-global-threads)] messaging.RPCServer.clientArtemisMessageHandler - SUBMITTING {actor_id=user1, actor_owningIdentity=O=PartyA, L=London, C=GB, actor_store_id=NODE_CONFIG, invocation_id=fbfb9fd6-0a3e-4dcb-a958-cb5948ad9f7e, invocation_timestamp=2019-01-07T12:55:24.856Z, session_id=ed3b430e-1844-4e2a-b1bf-1da80ecd20ad, session_timestamp=2019-01-07T12:55:17.232Z}
[INFO ] 2019-01-07T12:55:31,120Z [Thread-0 (ActiveMQ-client-global-threads)] messaging.RPCServer.clientArtemisMessageHandler - SUBMITTING {actor_id=user1, actor_owningIdentity=O=PartyA, L=London, C=GB, actor_store_id=NODE_CONFIG, invocation_id=9f8a4193-8574-4b5f-bbb4-2e9b3969df11, invocation_timestamp=2019-01-07T12:55:31.120Z, session_id=ed3b430e-1844-4e2a-b1bf-1da80ecd20ad, session_timestamp=2019-01-07T12:55:17.232Z}
[INFO ] 2019-01-07T12:55:55,105Z [Node thread-1] flow.[58747ef0-762d-4811-a381-11b75e758ed8].initiateSession - Initiating flow session with party O=PartyB, L=New York, C=US. Session id for tracing purposes is SessionId(toLong=2245009253524231487). {}
[INFO ] 2019-01-07T12:55:55,196Z [Messaging DLHgvDTwisgjr7SYU5QaikUH6cQ7pTSvaPRMzmygnVUgfB] messaging.P2PMessagingClient.createQueueIfAbsent - Create fresh queue internal.peers.DLEYbQx6CMXM95CNp2ig84hTtU8xvKVrG1qPnnZeyLNN9t bound on same address {}
[INFO ] 2019-01-07T12:55:55,217Z [Thread-0 (ActiveMQ-client-global-threads)] bridging.BridgeControlListener.processControlMessage - Received bridge control message Create(nodeIdentity=DLHgvDTwisgjr7SYU5QaikUH6cQ7pTSvaPRMzmygnVUgfB, bridgeInfo=BridgeEntry(queueName=internal.peers.DLEYbQx6CMXM95CNp2ig84hTtU8xvKVrG1qPnnZeyLNN9t, targets=[localhost:10010], legalNames=[O=PartyB, L=New York, C=US])) {actor_id=user1, actor_owningIdentity=O=PartyA, L=London, C=GB, actor_store_id=NODE_CONFIG, invocation_id=9f8a4193-8574-4b5f-bbb4-2e9b3969df11, invocation_timestamp=2019-01-07T12:55:31.120Z, session_id=ed3b430e-1844-4e2a-b1bf-1da80ecd20ad, session_timestamp=2019-01-07T12:55:17.232Z}
[INFO ] 2019-01-07T12:55:55,237Z [Thread-0 (ActiveMQ-client-global-threads)] peers.DLEYbQx6CMXM95CNp2ig84hTtU8xvKVrG1qPnnZeyLNN9t -> localhost:10010:O=PartyB, L=New York, C=US.start - Create new AMQP bridge {actor_id=user1, actor_owningIdentity=O=PartyA, L=London, C=GB, actor_store_id=NODE_CONFIG, invocation_id=9f8a4193-8574-4b5f-bbb4-2e9b3969df11, invocation_timestamp=2019-01-07T12:55:31.120Z, session_id=ed3b430e-1844-4e2a-b1bf-1da80ecd20ad, session_timestamp=2019-01-07T12:55:17.232Z}
[INFO ] 2019-01-07T12:55:55,239Z [Thread-0 (ActiveMQ-client-global-threads)] netty.AMQPClient.start - connect to: localhost:10010 {actor_id=user1, actor_owningIdentity=O=PartyA, L=London, C=GB, actor_store_id=NODE_CONFIG, invocation_id=9f8a4193-8574-4b5f-bbb4-2e9b3969df11, invocation_timestamp=2019-01-07T12:55:31.120Z, session_id=ed3b430e-1844-4e2a-b1bf-1da80ecd20ad, session_timestamp=2019-01-07T12:55:17.232Z}
[INFO ] 2019-01-07T12:55:55,279Z [nioEventLoopGroup-2-1] netty.AMQPClient.operationComplete - Connected to localhost:10010 {}
[INFO ] 2019-01-07T12:55:55,307Z [nioEventLoopGroup-2-1] O=PartyB, L=New York, C=US.channelActive - New client connection f42b49f6 from localhost/127.0.0.1:10010 to /127.0.0.1:57201 {}
[INFO ] 2019-01-07T12:55:55,351Z [nioEventLoopGroup-2-1] netty.LoggingTrustManagerWrapper.checkServerTrusted - Check Server Certpath:
  C=US,L=New York,O=PartyB[09B31DCB144B749309C301AC395297E6FA98569D] issued by C=US,L=New York,O=PartyB[null]
  C=US,L=New York,O=PartyB[915E30370ACD90D6ABC016070B2905E806883C8B] issued by C=US,L=New York,OU=Corda,O=R3 HoldCo LLC,CN=Corda Doorman CA[null]
  C=US,L=New York,OU=Corda,O=R3 HoldCo LLC,CN=Corda Doorman CA[EBEE2E30152940AE19981ED86FE37D7F07A2C213] issued by CN=Corda Node Root CA,O=R3,OU=corda,L=London,C=UK[7CAEA9DFB948012B13890B9AE645851C39170773]
  CN=Corda Node Root CA,O=R3,OU=corda,L=London,C=UK[7CAEA9DFB948012B13890B9AE645851C39170773] issued by CN=Corda Node Root CA,O=R3,OU=corda,L=London,C=UK[null] {}
[INFO ] 2019-01-07T12:55:55,382Z [nioEventLoopGroup-2-1] O=PartyB, L=New York, C=US.userEventTriggered - Handshake completed with subject: O=PartyB, L=New York, C=US {}
[INFO ] 2019-01-07T12:55:55,525Z [nioEventLoopGroup-2-1] peers.DLEYbQx6CMXM95CNp2ig84hTtU8xvKVrG1qPnnZeyLNN9t -> localhost:10010:O=PartyB, L=New York, C=US.onSocketConnected - Bridge Connected {}
[INFO ] 2019-01-07T12:55:55,537Z [nioEventLoopGroup-2-1] O=PartyA, L=London, C=GB.onConnectionLocalOpen - Connection local open org.apache.qpid.proton.engine.impl.ConnectionImpl@550aed86 {}
[INFO ] 2019-01-07T12:55:56,595Z [Thread-0 (ActiveMQ-client-global-threads)] messaging.P2PMessagingClient.artemisToCordaMessage - Received message from: p2p.inbound.DLHgvDTwisgjr7SYU5QaikUH6cQ7pTSvaPRMzmygnVUgfB user: O=PartyB, L=New York, C=US topic: platform.session uuid: feb65195-b87d-435e-ac70-bfcbc5998b1b {actor_id=user1, actor_owningIdentity=O=PartyA, L=London, C=GB, actor_store_id=NODE_CONFIG, invocation_id=9f8a4193-8574-4b5f-bbb4-2e9b3969df11, invocation_timestamp=2019-01-07T12:55:31.120Z, session_id=ed3b430e-1844-4e2a-b1bf-1da80ecd20ad, session_timestamp=2019-01-07T12:55:17.232Z}
[INFO ] 2019-01-07T12:55:56,898Z [Thread-0 (ActiveMQ-client-global-threads)] messaging.P2PMessagingClient.artemisToCordaMessage - Received message from: p2p.inbound.DLHgvDTwisgjr7SYU5QaikUH6cQ7pTSvaPRMzmygnVUgfB user: O=PartyB, L=New York, C=US topic: platform.session uuid: b24c7287-103a-4f21-ba50-673dfb9767b6 {actor_id=user1, actor_owningIdentity=O=PartyA, L=London, C=GB, actor_store_id=NODE_CONFIG, invocation_id=9f8a4193-8574-4b5f-bbb4-2e9b3969df11, invocation_timestamp=2019-01-07T12:55:31.120Z, session_id=ed3b430e-1844-4e2a-b1bf-1da80ecd20ad, session_timestamp=2019-01-07T12:55:17.232Z}
[INFO ] 2019-01-07T12:55:57,098Z [Thread-0 (ActiveMQ-client-global-threads)] messaging.P2PMessagingClient.artemisToCordaMessage - Received message from: p2p.inbound.DLHgvDTwisgjr7SYU5QaikUH6cQ7pTSvaPRMzmygnVUgfB user: O=PartyB, L=New York, C=US topic: platform.session uuid: 98e0dd87-18a5-4f92-a25c-9ee932fce445 {actor_id=user1, actor_owningIdentity=O=PartyA, L=London, C=GB, actor_store_id=NODE_CONFIG, invocation_id=9f8a4193-8574-4b5f-bbb4-2e9b3969df11, invocation_timestamp=2019-01-07T12:55:31.120Z, session_id=ed3b430e-1844-4e2a-b1bf-1da80ecd20ad, session_timestamp=2019-01-07T12:55:17.232Z}
[INFO ] 2019-01-07T12:55:57,137Z [Thread-0 (ActiveMQ-client-global-threads)] messaging.P2PMessagingClient.artemisToCordaMessage - Received message from: p2p.inbound.DLHgvDTwisgjr7SYU5QaikUH6cQ7pTSvaPRMzmygnVUgfB user: O=PartyB, L=New York, C=US topic: platform.session uuid: d928e9a2-5955-4d4e-9223-3fbb2ecad8c8 {actor_id=user1, actor_owningIdentity=O=PartyA, L=London, C=GB, actor_store_id=NODE_CONFIG, invocation_id=9f8a4193-8574-4b5f-bbb4-2e9b3969df11, invocation_timestamp=2019-01-07T12:55:31.120Z, session_id=ed3b430e-1844-4e2a-b1bf-1da80ecd20ad, session_timestamp=2019-01-07T12:55:17.232Z}
[INFO ] 2019-01-07T12:55:57,183Z [Node thread-1] flow.[58747ef0-762d-4811-a381-11b75e758ed8].initiateSession - Initiating flow session with party O=PartyB, L=New York, C=US. Session id for tracing purposes is SessionId(toLong=-24667579930376017). {}
[INFO ] 2019-01-07T12:55:57,299Z [Thread-1 (ActiveMQ-client-global-threads)] messaging.P2PMessagingClient.artemisToCordaMessage - Received message from: p2p.inbound.DLHgvDTwisgjr7SYU5QaikUH6cQ7pTSvaPRMzmygnVUgfB user: O=PartyB, L=New York, C=US topic: platform.session uuid: 7a9673cc-7328-4784-ba47-d89f9d96a683 {}
[INFO ] 2019-01-07T12:55:57,347Z [Thread-0 (ActiveMQ-client-global-threads)] messaging.P2PMessagingClient.artemisToCordaMessage - Received message from: p2p.inbound.DLHgvDTwisgjr7SYU5QaikUH6cQ7pTSvaPRMzmygnVUgfB user: O=PartyB, L=New York, C=US topic: platform.session uuid: 8159f070-2e3a-4aba-8793-630eaef568a4 {actor_id=user1, actor_owningIdentity=O=PartyA, L=London, C=GB, actor_store_id=NODE_CONFIG, invocation_id=9f8a4193-8574-4b5f-bbb4-2e9b3969df11, invocation_timestamp=2019-01-07T12:55:31.120Z, session_id=ed3b430e-1844-4e2a-b1bf-1da80ecd20ad, session_timestamp=2019-01-07T12:55:17.232Z}
[INFO ] 2019-01-07T12:55:57,418Z [Thread-0 (ActiveMQ-client-global-threads)] messaging.P2PMessagingClient.artemisToCordaMessage - Received message from: p2p.inbound.DLHgvDTwisgjr7SYU5QaikUH6cQ7pTSvaPRMzmygnVUgfB user: O=PartyB, L=New York, C=US topic: platform.session uuid: 50487696-9ce9-492f-a918-cdac6b5e5bd7 {actor_id=user1, actor_owningIdentity=O=PartyA, L=London, C=GB, actor_store_id=NODE_CONFIG, invocation_id=9f8a4193-8574-4b5f-bbb4-2e9b3969df11, invocation_timestamp=2019-01-07T12:55:31.120Z, session_id=ed3b430e-1844-4e2a-b1bf-1da80ecd20ad, session_timestamp=2019-01-07T12:55:17.232Z}
[INFO ] 2019-01-07T12:56:13,541Z [Thread-16] vault.NodeVaultService._queryBy - Vault Query for contract type: class com.example.state.IOUState, criteria: VaultQueryCriteria(status=UNCONSUMED, contractStateTypes=null, stateRefs=null, notary=null, softLockingCondition=null, timeCondition=null), pagination: PageSpecification(pageNumber=-1, pageSize=200), sorting: Sort(columns=[]) {invocation_id=47458735-7037-4325-ba39-0b6cf28db0dc, invocation_timestamp=2019-01-07T12:55:19.476Z, session_id=47458735-7037-4325-ba39-0b6cf28db0dc, session_timestamp=2019-01-07T12:55:19.476Z}
[INFO ] 2019-01-07T12:57:08,887Z [Node thread-1] vault.NodeVaultService._queryBy - Vault Query for contract type: class com.example.state.IOUState, criteria: LinearStateQueryCriteria(participants=null, uuid=[7f634092-12a7-483a-9287-d6054bb146f2], externalId=[], status=UNCONSUMED, contractStateTypes=null), pagination: PageSpecification(pageNumber=-1, pageSize=200), sorting: Sort(columns=[]) {}
[INFO ] 2019-01-07T12:57:09,013Z [Node thread-1] flow.[f09471ba-d2ef-43f6-9894-e05898924e96].initiateSession - Initiating flow session with party O=Notary, L=London, C=GB. Session id for tracing purposes is SessionId(toLong=-4829345661721959323). {}
[INFO ] 2019-01-07T12:57:09,037Z [Messaging DLHgvDTwisgjr7SYU5QaikUH6cQ7pTSvaPRMzmygnVUgfB] messaging.P2PMessagingClient.createQueueIfAbsent - Create fresh queue internal.peers.DLBiUFwUAC4wLCJLyKS3t1SkzaRvnPZ8T89bUJbYZttgtK bound on same address {}
[INFO ] 2019-01-07T12:57:09,051Z [Thread-2 (ActiveMQ-client-global-threads)] bridging.BridgeControlListener.processControlMessage - Received bridge control message Create(nodeIdentity=DLHgvDTwisgjr7SYU5QaikUH6cQ7pTSvaPRMzmygnVUgfB, bridgeInfo=BridgeEntry(queueName=internal.peers.DLBiUFwUAC4wLCJLyKS3t1SkzaRvnPZ8T89bUJbYZttgtK, targets=[localhost:10006], legalNames=[O=Notary, L=London, C=GB])) {}
[INFO ] 2019-01-07T12:57:09,053Z [Thread-2 (ActiveMQ-client-global-threads)] peers.DLBiUFwUAC4wLCJLyKS3t1SkzaRvnPZ8T89bUJbYZttgtK -> localhost:10006:O=Notary, L=London, C=GB.start - Create new AMQP bridge {}
[INFO ] 2019-01-07T12:57:09,054Z [Thread-2 (ActiveMQ-client-global-threads)] netty.AMQPClient.start - connect to: localhost:10006 {}
[INFO ] 2019-01-07T12:57:09,058Z [nioEventLoopGroup-2-2] netty.AMQPClient.operationComplete - Connected to localhost:10006 {}
[INFO ] 2019-01-07T12:57:09,059Z [nioEventLoopGroup-2-2] O=Notary, L=London, C=GB.channelActive - New client connection 4ef24504 from localhost/127.0.0.1:10006 to /127.0.0.1:57211 {}
[INFO ] 2019-01-07T12:57:09,078Z [nioEventLoopGroup-2-2] netty.LoggingTrustManagerWrapper.checkServerTrusted - Check Server Certpath:
  C=GB,L=London,O=Notary[129AF7B9F7AD582D5772297AA953210C1BC1C918] issued by C=GB,L=London,O=Notary[null]
  C=GB,L=London,O=Notary[95CA518167BEF5553697D42A958912F6BC176B7E] issued by C=US,L=New York,OU=Corda,O=R3 HoldCo LLC,CN=Corda Doorman CA[null]
  C=US,L=New York,OU=Corda,O=R3 HoldCo LLC,CN=Corda Doorman CA[EBEE2E30152940AE19981ED86FE37D7F07A2C213] issued by CN=Corda Node Root CA,O=R3,OU=corda,L=London,C=UK[7CAEA9DFB948012B13890B9AE645851C39170773]
  CN=Corda Node Root CA,O=R3,OU=corda,L=London,C=UK[7CAEA9DFB948012B13890B9AE645851C39170773] issued by CN=Corda Node Root CA,O=R3,OU=corda,L=London,C=UK[null] {}
[INFO ] 2019-01-07T12:57:09,104Z [nioEventLoopGroup-2-2] O=Notary, L=London, C=GB.userEventTriggered - Handshake completed with subject: O=Notary, L=London, C=GB {}
[INFO ] 2019-01-07T12:57:09,105Z [nioEventLoopGroup-2-2] peers.DLBiUFwUAC4wLCJLyKS3t1SkzaRvnPZ8T89bUJbYZttgtK -> localhost:10006:O=Notary, L=London, C=GB.onSocketConnected - Bridge Connected {}
[INFO ] 2019-01-07T12:57:09,108Z [nioEventLoopGroup-2-2] O=PartyA, L=London, C=GB.onConnectionLocalOpen - Connection local open org.apache.qpid.proton.engine.impl.ConnectionImpl@179547c1 {}
[INFO ] 2019-01-07T12:57:10,232Z [Thread-2 (ActiveMQ-client-global-threads)] messaging.P2PMessagingClient.artemisToCordaMessage - Received message from: p2p.inbound.DLHgvDTwisgjr7SYU5QaikUH6cQ7pTSvaPRMzmygnVUgfB user: O=Notary, L=London, C=GB topic: platform.session uuid: da19f0ec-e135-4bfb-aa2a-b75f28281dc9 {}
[INFO ] 2019-01-07T12:57:10,590Z [Thread-2 (ActiveMQ-client-global-threads)] messaging.P2PMessagingClient.artemisToCordaMessage - Received message from: p2p.inbound.DLHgvDTwisgjr7SYU5QaikUH6cQ7pTSvaPRMzmygnVUgfB user: O=Notary, L=London, C=GB topic: platform.session uuid: c9640b9a-98d8-419e-b7b7-6049cfab408d {}
[INFO ] 2019-01-07T12:57:10,785Z [Thread-2 (ActiveMQ-client-global-threads)] messaging.P2PMessagingClient.artemisToCordaMessage - Received message from: p2p.inbound.DLHgvDTwisgjr7SYU5QaikUH6cQ7pTSvaPRMzmygnVUgfB user: O=Notary, L=London, C=GB topic: platform.session uuid: 1a7b4d8e-4d52-495e-8a73-5567cb26af33 {}
[INFO ] 2019-01-07T12:57:10,946Z [Thread-2 (ActiveMQ-client-global-threads)] messaging.P2PMessagingClient.artemisToCordaMessage - Received message from: p2p.inbound.DLHgvDTwisgjr7SYU5QaikUH6cQ7pTSvaPRMzmygnVUgfB user: O=Notary, L=London, C=GB topic: platform.session uuid: 9a68de50-4b4b-4800-8fe7-6f948432f585 {}
[INFO ] 2019-01-07T12:57:10,968Z [Node thread-1] vault.NodeVaultService._queryBy - Vault Query for contract type: interface net.corda.core.contracts.ContractState, criteria: VaultQueryCriteria(status=UNCONSUMED, contractStateTypes=null, stateRefs=[0599179837B75A4C09B5262B0FFFF9154AA61F44B73D806476F593917E29E27F(0)], notary=null, softLockingCondition=null, timeCondition=null), pagination: PageSpecification(pageNumber=-1, pageSize=200), sorting: Sort(columns=[]) {}
[INFO ] 2019-01-07T12:57:10,978Z [Node thread-1] flow.[f09471ba-d2ef-43f6-9894-e05898924e96].initiateSession - Initiating flow session with party O=PartyB, L=New York, C=US. Session id for tracing purposes is SessionId(toLong=3295604115438929755). {}
[INFO ] 2019-01-07T12:57:10,987Z [Thread-2 (ActiveMQ-client-global-threads)] messaging.P2PMessagingClient.artemisToCordaMessage - Received message from: p2p.inbound.DLHgvDTwisgjr7SYU5QaikUH6cQ7pTSvaPRMzmygnVUgfB user: O=Notary, L=London, C=GB topic: platform.session uuid: db50d5b3-cb94-4b04-a0ef-f8d2c6c7695b {}
[INFO ] 2019-01-07T12:57:11,066Z [Thread-3 (ActiveMQ-client-global-threads)] messaging.P2PMessagingClient.artemisToCordaMessage - Received message from: p2p.inbound.DLHgvDTwisgjr7SYU5QaikUH6cQ7pTSvaPRMzmygnVUgfB user: O=PartyB, L=New York, C=US topic: platform.session uuid: 88c675d8-d7e4-41cb-9df6-bef65263f897 {}
[INFO ] 2019-01-07T12:57:11,170Z [Thread-2 (ActiveMQ-client-global-threads)] messaging.P2PMessagingClient.artemisToCordaMessage - Received message from: p2p.inbound.DLHgvDTwisgjr7SYU5QaikUH6cQ7pTSvaPRMzmygnVUgfB user: O=PartyB, L=New York, C=US topic: platform.session uuid: fe80e333-1a53-4620-ade1-2c77e43408a7 {}
[INFO ] 2019-01-07T12:57:11,285Z [Thread-2 (ActiveMQ-client-global-threads)] messaging.P2PMessagingClient.artemisToCordaMessage - Received message from: p2p.inbound.DLHgvDTwisgjr7SYU5QaikUH6cQ7pTSvaPRMzmygnVUgfB user: O=PartyB, L=New York, C=US topic: platform.session uuid: 59318f43-4119-4ee9-ad6e-7003e7df7605 {}
[INFO ] 2019-01-07T12:58:09,612Z [Thread-19] vault.NodeVaultService._queryBy - Vault Query for contract type: class com.example.state.IOUState, criteria: VaultQueryCriteria(status=UNCONSUMED, contractStateTypes=null, stateRefs=null, notary=null, softLockingCondition=null, timeCondition=null), pagination: PageSpecification(pageNumber=-1, pageSize=200), sorting: Sort(columns=[]) {invocation_id=47458735-7037-4325-ba39-0b6cf28db0dc, invocation_timestamp=2019-01-07T12:55:19.476Z, session_id=47458735-7037-4325-ba39-0b6cf28db0dc, session_timestamp=2019-01-07T12:55:19.476Z}
