[INFO ] 2019-01-07T12:52:43,903Z [main] manifests.Manifests.info - 111 attributes loaded from 124 stream(s) in 8s, 111 saved, 1959 ignored: ["ActiveMQ-Version", "Agent-Class", "Ant-Version", "Application-Class", "Application-Library-Allowable-Codebase", "Application-Name", "Application-Version", "Archiver-Version", "Automatic-Module-Name", "Bnd-LastModified", "Branch", "Build-Date", "Build-Host", "Build-Id", "Build-Java-Version", "Build-Jdk", "Build-Job", "Build-Number", "Build-Timestamp", "Built-By", "Built-OS", "Built-Status", "Bundle-Activator", "Bundle-Category", "Bundle-ClassPath", "Bundle-Copyright", "Bundle-Description", "Bundle-DocURL", "Bundle-License", "Bundle-ManifestVersion", "Bundle-Name", "Bundle-RequiredExecutionEnvironment", "Bundle-SymbolicName", "Bundle-Vendor", "Bundle-Version", "Caller-Allowable-Codebase", "Can-Redefine-Classes", "Can-Retransform-Classes", "Can-Set-Native-Method-Prefix", "Caplets", "Change", "Codebase", "Corda-Platform-Version", "Corda-Release-Version", "Corda-Revision", "Corda-Vendor", "Created-By", "DynamicImport-Package", "Eclipse-BuddyPolicy", "Eclipse-LazyStart", "Export-Package", "Extension-Name", "Fragment-Host", "Gradle-Version", "Ignore-Package", "Implementation-Build", "Implementation-Build-Date", "Implementation-Title", "Implementation-URL", "Implementation-Url", "Implementation-Vendor", "Implementation-Vendor-Id", "Implementation-Version", "Import-Package", "Include-Resource", "JCabi-Build", "JCabi-Date", "JCabi-Version", "JVM-Args", "Java-Agents", "Java-Vendor", "Java-Version", "Kotlin-Runtime-Component", "Kotlin-Version", "Log4jReleaseKey", "Log4jReleaseManager", "Log4jReleaseVersion", "Main-Class", "Main-class", "Manifest-Version", "Min-Java-Version", "Min-Update-Version", "Module-Email", "Module-Origin", "Module-Owner", "Module-Source", "Multi-Release", "Originally-Created-By", "Os-Arch", "Os-Name", "Os-Version", "Package", "Permissions", "Premain-Class", "Private-Package", "Provide-Capability", "Require-Capability", "SCM-Revision", "SCM-url", "Scm-Connection", "Scm-Revision", "Scm-Url", "Service-Component", "Specification-Title", "Specification-Vendor", "Specification-Version", "System-Properties", "Tool", "Trusted-Library", "X-Compile-Source-JDK", "X-Compile-Target-JDK"] {}
[INFO ] 2019-01-07T12:52:44,191Z [main] BasicInfo.printBasicNodeInfo - Logs can be found in                    : /Users/rinke/Projects/corda/samples/cordapp-example/kotlin-source/build/nodes/PartyB/logs {}
[INFO ] 2019-01-07T12:52:44,353Z [main] config.ConfigHelper.loadConfig - Config:
{
    # reference.conf @ jar:file:/Users/rinke/Projects/corda/samples/cordapp-example/kotlin-source/build/nodes/PartyB/corda.jar!/reference.conf: 20
    "activeMQServer" : {
        # reference.conf @ jar:file:/Users/rinke/Projects/corda/samples/cordapp-example/kotlin-source/build/nodes/PartyB/corda.jar!/reference.conf: 21
        "bridge" : {
            # reference.conf @ jar:file:/Users/rinke/Projects/corda/samples/cordapp-example/kotlin-source/build/nodes/PartyB/corda.jar!/reference.conf: 24
            "maxRetryIntervalMin" : 3,
            # reference.conf @ jar:file:/Users/rinke/Projects/corda/samples/cordapp-example/kotlin-source/build/nodes/PartyB/corda.jar!/reference.conf: 22
            "retryIntervalMs" : 5000,
            # reference.conf @ jar:file:/Users/rinke/Projects/corda/samples/cordapp-example/kotlin-source/build/nodes/PartyB/corda.jar!/reference.conf: 23
            "retryIntervalMultiplier" : 1.5
        }
    },
    # hardcoded value
    "baseDirectory" : "/Users/rinke/Projects/corda/samples/cordapp-example/kotlin-source/build/nodes/PartyB",
    # merge of reference.conf @ jar:file:/Users/rinke/Projects/corda/samples/cordapp-example/kotlin-source/build/nodes/PartyB/corda.jar!/reference.conf: 6,reference.conf @ jar:file:/Users/rinke/Projects/corda/samples/cordapp-example/kotlin-source/build/nodes/.cache/apps/net.corda.node.Corda_3.3-corda/corda-node-3.3-corda.jar!/reference.conf: 6
    "dataSourceProperties" : {
        # reference.conf @ jar:file:/Users/rinke/Projects/corda/samples/cordapp-example/kotlin-source/build/nodes/PartyB/corda.jar!/reference.conf: 10
        "dataSource.password" : "",
        # merge of reference.conf @ jar:file:/Users/rinke/Projects/corda/samples/cordapp-example/kotlin-source/build/nodes/PartyB/corda.jar!/reference.conf: 8,hardcoded value,reference.conf @ jar:file:/Users/rinke/Projects/corda/samples/cordapp-example/kotlin-source/build/nodes/PartyB/corda.jar!/reference.conf: 8,reference.conf @ jar:file:/Users/rinke/Projects/corda/samples/cordapp-example/kotlin-source/build/nodes/PartyB/corda.jar!/reference.conf: 17
        "dataSource.url" : "jdbc:h2:file:/Users/rinke/Projects/corda/samples/cordapp-example/kotlin-source/build/nodes/PartyB/persistence;DB_CLOSE_ON_EXIT=FALSE;LOCK_TIMEOUT=10000;WRITE_DELAY=100;AUTO_SERVER_PORT=0",
        # reference.conf @ jar:file:/Users/rinke/Projects/corda/samples/cordapp-example/kotlin-source/build/nodes/PartyB/corda.jar!/reference.conf: 9
        "dataSource.user" : "sa",
        # reference.conf @ jar:file:/Users/rinke/Projects/corda/samples/cordapp-example/kotlin-source/build/nodes/PartyB/corda.jar!/reference.conf: 7
        "dataSourceClassName" : "org.h2.jdbcx.JdbcDataSource"
    },
    # reference.conf @ jar:file:/Users/rinke/Projects/corda/samples/cordapp-example/kotlin-source/build/nodes/PartyB/corda.jar!/reference.conf: 12
    "database" : {
        # reference.conf @ jar:file:/Users/rinke/Projects/corda/samples/cordapp-example/kotlin-source/build/nodes/PartyB/corda.jar!/reference.conf: 14
        "exportHibernateJMXStatistics" : "false",
        # reference.conf @ jar:file:/Users/rinke/Projects/corda/samples/cordapp-example/kotlin-source/build/nodes/PartyB/corda.jar!/reference.conf: 13
        "transactionIsolationLevel" : "REPEATABLE_READ"
    },
    # reference.conf @ jar:file:/Users/rinke/Projects/corda/samples/cordapp-example/kotlin-source/build/nodes/PartyB/corda.jar!/reference.conf: 16
    "devMode" : true,
    # reference.conf @ jar:file:/Users/rinke/Projects/corda/samples/cordapp-example/kotlin-source/build/nodes/PartyB/corda.jar!/reference.conf: 2
    "emailAddress" : "admin@company.com",
    # reference.conf @ jar:file:/Users/rinke/Projects/corda/samples/cordapp-example/kotlin-source/build/nodes/PartyB/corda.jar!/reference.conf: 3
    "exportJMXto" : "http",
    # reference.conf @ jar:file:/Users/rinke/Projects/corda/samples/cordapp-example/kotlin-source/build/nodes/PartyB/corda.jar!/reference.conf: 31
    "flowTimeout" : {
        # reference.conf @ jar:file:/Users/rinke/Projects/corda/samples/cordapp-example/kotlin-source/build/nodes/PartyB/corda.jar!/reference.conf: 34
        "backoffBase" : 1.8,
        # reference.conf @ jar:file:/Users/rinke/Projects/corda/samples/cordapp-example/kotlin-source/build/nodes/PartyB/corda.jar!/reference.conf: 33
        "maxRestartCount" : 5,
        # reference.conf @ jar:file:/Users/rinke/Projects/corda/samples/cordapp-example/kotlin-source/build/nodes/PartyB/corda.jar!/reference.conf: 32
        "timeout" : "30 seconds"
    },
    # reference.conf @ jar:file:/Users/rinke/Projects/corda/samples/cordapp-example/kotlin-source/build/nodes/PartyB/corda.jar!/reference.conf: 17
    "h2port" : 0,
    # reference.conf @ jar:file:/Users/rinke/Projects/corda/samples/cordapp-example/kotlin-source/build/nodes/PartyB/corda.jar!/reference.conf: 4
    "keyStorePassword" : "cordacadevpass",
    # /Users/rinke/Projects/corda/samples/cordapp-example/kotlin-source/build/nodes/PartyB/node.conf: 1
    "myLegalName" : "O=PartyB,L=New York,C=US",
    # hardcoded value
    "noLocalShell" : false,
    # /Users/rinke/Projects/corda/samples/cordapp-example/kotlin-source/build/nodes/PartyB/node.conf: 2
    "p2pAddress" : "localhost:10010",
    # merge of /Users/rinke/Projects/corda/samples/cordapp-example/kotlin-source/build/nodes/PartyB/node.conf: 3,reference.conf @ jar:file:/Users/rinke/Projects/corda/samples/cordapp-example/kotlin-source/build/nodes/PartyB/corda.jar!/reference.conf: 27
    "rpcSettings" : {
        # /Users/rinke/Projects/corda/samples/cordapp-example/kotlin-source/build/nodes/PartyB/node.conf: 4
        "address" : "localhost:10011",
        # /Users/rinke/Projects/corda/samples/cordapp-example/kotlin-source/build/nodes/PartyB/node.conf: 5
        "adminAddress" : "localhost:10051",
        # reference.conf @ jar:file:/Users/rinke/Projects/corda/samples/cordapp-example/kotlin-source/build/nodes/PartyB/corda.jar!/reference.conf: 29
        "standAloneBroker" : false,
        # reference.conf @ jar:file:/Users/rinke/Projects/corda/samples/cordapp-example/kotlin-source/build/nodes/PartyB/corda.jar!/reference.conf: 28
        "useSsl" : false
    },
    # /Users/rinke/Projects/corda/samples/cordapp-example/kotlin-source/build/nodes/PartyB/node.conf: 7
    "rpcUsers" : [
        # /Users/rinke/Projects/corda/samples/cordapp-example/kotlin-source/build/nodes/PartyB/node.conf: 8
        {
            # /Users/rinke/Projects/corda/samples/cordapp-example/kotlin-source/build/nodes/PartyB/node.conf: 9
            "password" : "test",
            # /Users/rinke/Projects/corda/samples/cordapp-example/kotlin-source/build/nodes/PartyB/node.conf: 10
            "permissions" : [
                # /Users/rinke/Projects/corda/samples/cordapp-example/kotlin-source/build/nodes/PartyB/node.conf: 11
                "ALL"
            ],
            # /Users/rinke/Projects/corda/samples/cordapp-example/kotlin-source/build/nodes/PartyB/node.conf: 13
            "user" : "user1"
        }
    ],
    # reference.conf @ jar:file:/Users/rinke/Projects/corda/samples/cordapp-example/kotlin-source/build/nodes/PartyB/corda.jar!/reference.conf: 5
    "trustStorePassword" : "trustpass",
    # reference.conf @ jar:file:/Users/rinke/Projects/corda/samples/cordapp-example/kotlin-source/build/nodes/PartyB/corda.jar!/reference.conf: 18
    "useTestClock" : false,
    # reference.conf @ jar:file:/Users/rinke/Projects/corda/samples/cordapp-example/kotlin-source/build/nodes/PartyB/corda.jar!/reference.conf: 19
    "verifierType" : "InMemory",
    # /Users/rinke/Projects/corda/samples/cordapp-example/kotlin-source/build/nodes/PartyB/node.conf: 16
    "webAddress" : "localhost:10012"
}
 {}
[WARN ] 2019-01-07T12:52:45,864Z [main] internal.config.defaultToOldPath - Config key user has been deprecated and will be removed in a future release. Use username instead {}
[INFO ] 2019-01-07T12:52:45,928Z [main] internal.Node.logStartupInfo - Vendor: Corda Open Source {}
[INFO ] 2019-01-07T12:52:45,928Z [main] internal.Node.logStartupInfo - Release: 3.3-corda {}
[INFO ] 2019-01-07T12:52:45,928Z [main] internal.Node.logStartupInfo - Platform Version: 3 {}
[INFO ] 2019-01-07T12:52:45,929Z [main] internal.Node.logStartupInfo - Revision: c834162cd488784a0412bba4c9e638da89912ac2 {}
[INFO ] 2019-01-07T12:52:50,931Z [main] internal.Node.logStartupInfo - PID: 6254 {}
[INFO ] 2019-01-07T12:52:50,931Z [main] internal.Node.logStartupInfo - Main class: /Users/rinke/Projects/corda/samples/cordapp-example/kotlin-source/build/nodes/.cache/apps/net.corda.node.Corda_3.3-corda/corda-node-3.3-corda.jar {}
[INFO ] 2019-01-07T12:52:50,932Z [main] internal.Node.logStartupInfo - CommandLine Args: -Xmx200m -XX:+UseG1GC -javaagent:/Users/rinke/Projects/corda/samples/cordapp-example/kotlin-source/build/nodes/.cache/apps/net.corda.node.Corda_3.3-corda/quasar-core-0.7.9-jdk8.jar=x(antlr**;bftsmart**;ch**;co.paralleluniverse**;com.codahale**;com.esotericsoftware**;com.fasterxml**;com.google**;com.ibm**;com.intellij**;com.jcabi**;com.nhaarman**;com.opengamma**;com.typesafe**;com.zaxxer**;de.javakaffee**;groovy**;groovyjarjarantlr**;groovyjarjarasm**;io.atomix**;io.github**;io.netty**;jdk**;joptsimple**;junit**;kotlin**;net.bytebuddy**;net.i2p**;org.apache**;org.assertj**;org.bouncycastle**;org.codehaus**;org.crsh**;org.dom4j**;org.fusesource**;org.h2**;org.hamcrest**;org.hibernate**;org.jboss**;org.jcp**;org.joda**;org.junit**;org.mockito**;org.objectweb**;org.objenesis**;org.slf4j**;org.w3c**;org.xml**;org.yaml**;reflectasm**;rx**;org.jolokia**) -Dvisualvm.display.name=Corda -Djava.library.path=/Users/rinke/Library/Java/Extensions:/Library/Java/Extensions:/Network/Library/Java/Extensions:/System/Library/Java/Extensions:/usr/lib/java:/Users/rinke/Projects/corda/samples/cordapp-example/kotlin-source/build/nodes/.cache/apps/net.corda.node.Corda_3.3-corda -Dcapsule.app=net.corda.node.Corda_3.3-corda -Dcapsule.dir=/Users/rinke/Projects/corda/samples/cordapp-example/kotlin-source/build/nodes/.cache/apps/net.corda.node.Corda_3.3-corda -Dcapsule.jar=/Users/rinke/Projects/corda/samples/cordapp-example/kotlin-source/build/nodes/PartyB/corda.jar {}
[INFO ] 2019-01-07T12:52:50,932Z [main] internal.Node.logStartupInfo - Application Args: --just-generate-node-info {}
[INFO ] 2019-01-07T12:52:50,932Z [main] internal.Node.logStartupInfo - bootclasspath: /Library/Java/JavaVirtualMachines/jdk1.8.0_192.jdk/Contents/Home/jre/lib/resources.jar:/Library/Java/JavaVirtualMachines/jdk1.8.0_192.jdk/Contents/Home/jre/lib/rt.jar:/Library/Java/JavaVirtualMachines/jdk1.8.0_192.jdk/Contents/Home/jre/lib/sunrsasign.jar:/Library/Java/JavaVirtualMachines/jdk1.8.0_192.jdk/Contents/Home/jre/lib/jsse.jar:/Library/Java/JavaVirtualMachines/jdk1.8.0_192.jdk/Contents/Home/jre/lib/jce.jar:/Library/Java/JavaVirtualMachines/jdk1.8.0_192.jdk/Contents/Home/jre/lib/charsets.jar:/Library/Java/JavaVirtualMachines/jdk1.8.0_192.jdk/Contents/Home/jre/lib/jfr.jar:/Library/Java/JavaVirtualMachines/jdk1.8.0_192.jdk/Contents/Home/jre/classes {}
[INFO ] 2019-01-07T12:52:50,932Z [main] internal.Node.logStartupInfo - classpath: /Users/rinke/Projects/corda/samples/cordapp-example/kotlin-source/build/nodes/PartyB/corda.jar:/Users/rinke/Projects/corda/samples/cordapp-example/kotlin-source/build/nodes/.cache/apps/net.corda.node.Corda_3.3-corda/corda-rpc-3.3-corda.jar:/Users/rinke/Projects/corda/samples/cordapp-example/kotlin-source/build/nodes/.cache/apps/net.corda.node.Corda_3.3-corda/corda-node-api-3.3-corda.jar:/Users/rinke/Projects/corda/samples/cordapp-example/kotlin-source/build/nodes/.cache/apps/net.corda.node.Corda_3.3-corda/corda-confidential-identities-3.3-corda.jar:/Users/rinke/Projects/corda/samples/cordapp-example/kotlin-source/build/nodes/.cache/apps/net.corda.node.Corda_3.3-corda/cordform-common-3.2.1.jar:/Users/rinke/Projects/corda/samples/cordapp-example/kotlin-source/build/nodes/.cache/apps/net.corda.node.Corda_3.3-corda/log4j-slf4j-impl-2.9.1.jar:/Users/rinke/Projects/corda/samples/cordapp-example/kotlin-source/build/nodes/.cache/apps/net.corda.node.Corda_3.3-corda/log4j-web-2.9.1.jar:/Users/rinke/Projects/corda/samples/cordapp-example/kotlin-source/build/nodes/.cache/apps/net.corda.node.Corda_3.3-corda/jul-to-slf4j-1.7.25.jar:/Users/rinke/Projects/corda/samples/cordapp-example/kotlin-source/build/nodes/.cache/apps/net.corda.node.Corda_3.3-corda/corda-jackson-3.3-corda.jar:/Users/rinke/Projects/corda/samples/cordapp-example/kotlin-source/build/nodes/.cache/apps/net.corda.node.Corda_3.3-corda/corda-core-3.3-corda.jar:/Users/rinke/Projects/corda/samples/cordapp-example/kotlin-source/build/nodes/.cache/apps/net.corda.node.Corda_3.3-corda/kotlin-stdlib-jre8-1.1.60.jar:/Users/rinke/Projects/corda/samples/cordapp-example/kotlin-source/build/nodes/.cache/apps/net.corda.node.Corda_3.3-corda/jackson-module-kotlin-2.9.2.jar:/Users/rinke/Projects/corda/samples/cordapp-example/kotlin-source/build/nodes/.cache/apps/net.corda.node.Corda_3.3-corda/kotlin-reflect-1.1.60.jar:/Users/rinke/Projects/corda/samples/cordapp-example/kotlin-source/build/nodes/.cache/apps/net.corda.node.Corda_3.3-corda/jimfs-1.1.jar:/Users/rinke/Projects/corda/samples/cordapp-example/kotlin-source/build/nodes/.cache/apps/net.corda.node.Corda_3.3-corda/artemis-amqp-protocol-2.2.0.jar:/Users/rinke/Projects/corda/samples/cordapp-example/kotlin-source/build/nodes/.cache/apps/net.corda.node.Corda_3.3-corda/artemis-server-2.2.0.jar:/Users/rinke/Projects/corda/samples/cordapp-example/kotlin-source/build/nodes/.cache/apps/net.corda.node.Corda_3.3-corda/artemis-jdbc-store-2.2.0.jar:/Users/rinke/Projects/corda/samples/cordapp-example/kotlin-source/build/nodes/.cache/apps/net.corda.node.Corda_3.3-corda/artemis-jms-client-2.2.0.jar:/Users/rinke/Projects/corda/samples/cordapp-example/kotlin-source/build/nodes/.cache/apps/net.corda.node.Corda_3.3-corda/artemis-core-client-2.2.0.jar:/Users/rinke/Projects/corda/samples/cordapp-example/kotlin-source/build/nodes/.cache/apps/net.corda.node.Corda_3.3-corda/artemis-journal-2.2.0.jar:/Users/rinke/Projects/corda/samples/cordapp-example/kotlin-source/build/nodes/.cache/apps/net.corda.node.Corda_3.3-corda/artemis-commons-2.2.0.jar:/Users/rinke/Projects/corda/samples/cordapp-example/kotlin-source/build/nodes/.cache/apps/net.corda.node.Corda_3.3-corda/guava-21.0.jar:/Users/rinke/Projects/corda/samples/cordapp-example/kotlin-source/build/nodes/.cache/apps/net.corda.node.Corda_3.3-corda/jopt-simple-5.0.2.jar:/Users/rinke/Projects/corda/samples/cordapp-example/kotlin-source/build/nodes/.cache/apps/net.corda.node.Corda_3.3-corda/commons-collections4-4.1.jar:/Users/rinke/Projects/corda/samples/cordapp-example/kotlin-source/build/nodes/.cache/apps/net.corda.node.Corda_3.3-corda/shiro-core-1.4.0.jar:/Users/rinke/Projects/corda/samples/cordapp-example/kotlin-source/build/nodes/.cache/apps/net.corda.node.Corda_3.3-corda/shiro-config-ogdl-1.4.0.jar:/Users/rinke/Projects/corda/samples/cordapp-example/kotlin-source/build/nodes/.cache/apps/net.corda.node.Corda_3.3-corda/commons-beanutils-1.9.3.jar:/Users/rinke/Projects/corda/samples/cordapp-example/kotlin-source/build/nodes/.cache/apps/net.corda.node.Corda_3.3-corda/jansi-1.14.jar:/Users/rinke/Projects/corda/samples/cordapp-example/kotlin-source/build/nodes/.cache/apps/net.corda.node.Corda_3.3-corda/jcabi-manifests-1.1.jar:/Users/rinke/Projects/corda/samples/cordapp-example/kotlin-source/build/nodes/.cache/apps/net.corda.node.Corda_3.3-corda/forms_rt-7.0.3.jar:/Users/rinke/Projects/corda/samples/cordapp-example/kotlin-source/build/nodes/.cache/apps/net.corda.node.Corda_3.3-corda/metrics-core-3.1.2.jar:/Users/rinke/Projects/corda/samples/cordapp-example/kotlin-source/build/nodes/.cache/apps/net.corda.node.Corda_3.3-corda/config-1.3.1.jar:/Users/rinke/Projects/corda/samples/cordapp-example/kotlin-source/build/nodes/.cache/apps/net.corda.node.Corda_3.3-corda/h2-1.4.194.jar:/Users/rinke/Projects/corda/samples/cordapp-example/kotlin-source/build/nodes/.cache/apps/net.corda.node.Corda_3.3-corda/postgresql-42.1.4.jar:/Users/rinke/Projects/corda/samples/cordapp-example/kotlin-source/build/nodes/.cache/apps/net.corda.node.Corda_3.3-corda/HikariCP-2.5.1.jar:/Users/rinke/Projects/corda/samples/cordapp-example/kotlin-source/build/nodes/.cache/apps/net.corda.node.Corda_3.3-corda/hibernate-java8-5.2.6.Final.jar:/Users/rinke/Projects/corda/samples/cordapp-example/kotlin-source/build/nodes/.cache/apps/net.corda.node.Corda_3.3-corda/hibernate-core-5.2.6.Final.jar:/Users/rinke/Projects/corda/samples/cordapp-example/kotlin-source/build/nodes/.cache/apps/net.corda.node.Corda_3.3-corda/copycat-client-1.2.3.jar:/Users/rinke/Projects/corda/samples/cordapp-example/kotlin-source/build/nodes/.cache/apps/net.corda.node.Corda_3.3-corda/copycat-server-1.2.3.jar:/Users/rinke/Projects/corda/samples/cordapp-example/kotlin-source/build/nodes/.cache/apps/net.corda.node.Corda_3.3-corda/catalyst-netty-1.1.2.jar:/Users/rinke/Projects/corda/samples/cordapp-example/kotlin-source/build/nodes/.cache/apps/net.corda.node.Corda_3.3-corda/netty-all-4.1.9.Final.jar:/Users/rinke/Projects/corda/samples/cordapp-example/kotlin-source/build/nodes/.cache/apps/net.corda.node.Corda_3.3-corda/crash.connectors.ssh-cadb53544fbb3c0fb901445da614998a6a419488.jar:/Users/rinke/Projects/corda/samples/cordapp-example/kotlin-source/build/nodes/.cache/apps/net.corda.node.Corda_3.3-corda/crash.shell-cadb53544fbb3c0fb901445da614998a6a419488.jar:/Users/rinke/Projects/corda/samples/cordapp-example/kotlin-source/build/nodes/.cache/apps/net.corda.node.Corda_3.3-corda/okhttp-3.5.0.jar:/Users/rinke/Projects/corda/samples/cordapp-example/kotlin-source/build/nodes/.cache/apps/net.corda.node.Corda_3.3-corda/commons-codec-1.10.jar:/Users/rinke/Projects/corda/samples/cordapp-example/kotlin-source/build/nodes/.cache/apps/net.corda.node.Corda_3.3-corda/library-master-v1.1-beta-g6215ec8-87.jar:/Users/rinke/Projects/corda/samples/cordapp-example/kotlin-source/build/nodes/.cache/apps/net.corda.node.Corda_3.3-corda/jolokia-jvm-1.6.0-agent.jar:/Users/rinke/Projects/corda/samples/cordapp-example/kotlin-source/build/nodes/.cache/apps/net.corda.node.Corda_3.3-corda/quasar-core-0.7.9-jdk8.jar:/Users/rinke/Projects/corda/samples/cordapp-example/kotlin-source/build/nodes/.cache/apps/net.corda.node.Corda_3.3-corda/commons-fileupload-1.3.3.jar:/Users/rinke/Projects/corda/samples/cordapp-example/kotlin-source/build/nodes/.cache/apps/net.corda.node.Corda_3.3-corda/kryo-serializers-0.41.jar:/Users/rinke/Projects/corda/samples/cordapp-example/kotlin-source/build/nodes/.cache/apps/net.corda.node.Corda_3.3-corda/kryo-4.0.0.jar:/Users/rinke/Projects/corda/samples/cordapp-example/kotlin-source/build/nodes/.cache/apps/net.corda.node.Corda_3.3-corda/proton-j-0.21.0.jar:/Users/rinke/Projects/corda/samples/cordapp-example/kotlin-source/build/nodes/.cache/apps/net.corda.node.Corda_3.3-corda/fast-classpath-scanner-2.12.3.jar:/Users/rinke/Projects/corda/samples/cordapp-example/kotlin-source/build/nodes/.cache/apps/net.corda.node.Corda_3.3-corda/jsr305-3.0.2.jar:/Users/rinke/Projects/corda/samples/cordapp-example/kotlin-source/build/nodes/.cache/apps/net.corda.node.Corda_3.3-corda/jcabi-log-0.14.jar:/Users/rinke/Projects/corda/samples/cordapp-example/kotlin-source/build/nodes/.cache/apps/net.corda.node.Corda_3.3-corda/copycat-protocol-1.2.3.jar:/Users/rinke/Projects/corda/samples/cordapp-example/kotlin-source/build/nodes/.cache/apps/net.corda.node.Corda_3.3-corda/catalyst-transport-1.1.2.jar:/Users/rinke/Projects/corda/samples/cordapp-example/kotlin-source/build/nodes/.cache/apps/net.corda.node.Corda_3.3-corda/mina-core-2.0.16.jar:/Users/rinke/Projects/corda/samples/cordapp-example/kotlin-source/build/nodes/.cache/apps/net.corda.node.Corda_3.3-corda/shiro-cache-1.4.0.jar:/Users/rinke/Projects/corda/samples/cordapp-example/kotlin-source/build/nodes/.cache/apps/net.corda.node.Corda_3.3-corda/shiro-crypto-hash-1.4.0.jar:/Users/rinke/Projects/corda/samples/cordapp-example/kotlin-source/build/nodes/.cache/apps/net.corda.node.Corda_3.3-corda/shiro-crypto-cipher-1.4.0.jar:/Users/rinke/Projects/corda/samples/cordapp-example/kotlin-source/build/nodes/.cache/apps/net.corda.node.Corda_3.3-corda/shiro-config-core-1.4.0.jar:/Users/rinke/Projects/corda/samples/cordapp-example/kotlin-source/build/nodes/.cache/apps/net.corda.node.Corda_3.3-corda/shiro-event-1.4.0.jar:/Users/rinke/Projects/corda/samples/cordapp-example/kotlin-source/build/nodes/.cache/apps/net.corda.node.Corda_3.3-corda/shiro-crypto-core-1.4.0.jar:/Users/rinke/Projects/corda/samples/cordapp-example/kotlin-source/build/nodes/.cache/apps/net.corda.node.Corda_3.3-corda/shiro-lang-1.4.0.jar:/Users/rinke/Projects/corda/samples/cordapp-example/kotlin-source/build/nodes/.cache/apps/net.corda.node.Corda_3.3-corda/jcl-over-slf4j-1.7.25.jar:/Users/rinke/Projects/corda/samples/cordapp-example/kotlin-source/build/nodes/.cache/apps/net.corda.node.Corda_3.3-corda/catalyst-concurrent-1.1.2.jar:/Users/rinke/Projects/corda/samples/cordapp-example/kotlin-source/build/nodes/.cache/apps/net.corda.node.Corda_3.3-corda/catalyst-serializer-1.1.2.jar:/Users/rinke/Projects/corda/samples/cordapp-example/kotlin-source/build/nodes/.cache/apps/net.corda.node.Corda_3.3-corda/catalyst-buffer-1.1.2.jar:/Users/rinke/Projects/corda/samples/cordapp-example/kotlin-source/build/nodes/.cache/apps/net.corda.node.Corda_3.3-corda/catalyst-common-1.1.2.jar:/Users/rinke/Projects/corda/samples/cordapp-example/kotlin-source/build/nodes/.cache/apps/net.corda.node.Corda_3.3-corda/sshd-pam-0.11.0.jar:/Users/rinke/Projects/corda/samples/cordapp-example/kotlin-source/build/nodes/.cache/apps/net.corda.node.Corda_3.3-corda/sshd-core-1.6.0.jar:/Users/rinke/Projects/corda/samples/cordapp-example/kotlin-source/build/nodes/.cache/apps/net.corda.node.Corda_3.3-corda/slf4j-api-1.7.25.jar:/Users/rinke/Projects/corda/samples/cordapp-example/kotlin-source/build/nodes/.cache/apps/net.corda.node.Corda_3.3-corda/log4j-core-2.9.1.jar:/Users/rinke/Projects/corda/samples/cordapp-example/kotlin-source/build/nodes/.cache/apps/net.corda.node.Corda_3.3-corda/log4j-api-2.9.1.jar:/Users/rinke/Projects/corda/samples/cordapp-example/kotlin-source/build/nodes/.cache/apps/net.corda.node.Corda_3.3-corda/kotlin-stdlib-jre7-1.1.60.jar:/Users/rinke/Projects/corda/samples/cordapp-example/kotlin-source/build/nodes/.cache/apps/net.corda.node.Corda_3.3-corda/kotlin-stdlib-1.1.60.jar:/Users/rinke/Projects/corda/samples/cordapp-example/kotlin-source/build/nodes/.cache/apps/net.corda.node.Corda_3.3-corda/commons-collections-3.2.2.jar:/Users/rinke/Projects/corda/samples/cordapp-example/kotlin-source/build/nodes/.cache/apps/net.corda.node.Corda_3.3-corda/hibernate-commons-annotations-5.0.1.Final.jar:/Users/rinke/Projects/corda/samples/cordapp-example/kotlin-source/build/nodes/.cache/apps/net.corda.node.Corda_3.3-corda/artemis-native-2.2.0.jar:/Users/rinke/Projects/corda/samples/cordapp-example/kotlin-source/build/nodes/.cache/apps/net.corda.node.Corda_3.3-corda/jboss-logging-3.3.0.Final.jar:/Users/rinke/Projects/corda/samples/cordapp-example/kotlin-source/build/nodes/.cache/apps/net.corda.node.Corda_3.3-corda/artemis-selector-2.2.0.jar:/Users/rinke/Projects/corda/samples/cordapp-example/kotlin-source/build/nodes/.cache/apps/net.corda.node.Corda_3.3-corda/jgroups-3.6.13.Final.jar:/Users/rinke/Projects/corda/samples/cordapp-example/kotlin-source/build/nodes/.cache/apps/net.corda.node.Corda_3.3-corda/geronimo-json_1.0_spec-1.0-alpha-1.jar:/Users/rinke/Projects/corda/samples/cordapp-example/kotlin-source/build/nodes/.cache/apps/net.corda.node.Corda_3.3-corda/johnzon-core-0.9.5.jar:/Users/rinke/Projects/corda/samples/cordapp-example/kotlin-source/build/nodes/.cache/apps/net.corda.node.Corda_3.3-corda/forms-1.1-preview.jar:/Users/rinke/Projects/corda/samples/cordapp-example/kotlin-source/build/nodes/.cache/apps/net.corda.node.Corda_3.3-corda/jdom-1.0.jar:/Users/rinke/Projects/corda/samples/cordapp-example/kotlin-source/build/nodes/.cache/apps/net.corda.node.Corda_3.3-corda/jackson-dataformat-yaml-2.9.2.jar:/Users/rinke/Projects/corda/samples/cordapp-example/kotlin-source/build/nodes/.cache/apps/net.corda.node.Corda_3.3-corda/jackson-datatype-jsr310-2.9.2.jar:/Users/rinke/Projects/corda/samples/cordapp-example/kotlin-source/build/nodes/.cache/apps/net.corda.node.Corda_3.3-corda/hibernate-jpa-2.1-api-1.0.0.Final.jar:/Users/rinke/Projects/corda/samples/cordapp-example/kotlin-source/build/nodes/.cache/apps/net.corda.node.Corda_3.3-corda/javassist-3.20.0-GA.jar:/Users/rinke/Projects/corda/samples/cordapp-example/kotlin-source/build/nodes/.cache/apps/net.corda.node.Corda_3.3-corda/antlr-2.7.7.jar:/Users/rinke/Projects/corda/samples/cordapp-example/kotlin-source/build/nodes/.cache/apps/net.corda.node.Corda_3.3-corda/geronimo-jta_1.1_spec-1.1.1.jar:/Users/rinke/Projects/corda/samples/cordapp-example/kotlin-source/build/nodes/.cache/apps/net.corda.node.Corda_3.3-corda/jandex-2.0.3.Final.jar:/Users/rinke/Projects/corda/samples/cordapp-example/kotlin-source/build/nodes/.cache/apps/net.corda.node.Corda_3.3-corda/classmate-1.3.0.jar:/Users/rinke/Projects/corda/samples/cordapp-example/kotlin-source/build/nodes/.cache/apps/net.corda.node.Corda_3.3-corda/dom4j-1.6.1.jar:/Users/rinke/Projects/corda/samples/cordapp-example/kotlin-source/build/nodes/.cache/apps/net.corda.node.Corda_3.3-corda/cdi-api-1.1.jar:/Users/rinke/Projects/corda/samples/cordapp-example/kotlin-source/build/nodes/.cache/apps/net.corda.node.Corda_3.3-corda/crash.cli-cadb53544fbb3c0fb901445da614998a6a419488.jar:/Users/rinke/Projects/corda/samples/cordapp-example/kotlin-source/build/nodes/.cache/apps/net.corda.node.Corda_3.3-corda/groovy-all-1.8.9.jar:/Users/rinke/Projects/corda/samples/cordapp-example/kotlin-source/build/nodes/.cache/apps/net.corda.node.Corda_3.3-corda/okio-1.11.0.jar:/Users/rinke/Projects/corda/samples/cordapp-example/kotlin-source/build/nodes/.cache/apps/net.corda.node.Corda_3.3-corda/jolokia-core-1.6.0.jar:/Users/rinke/Projects/corda/samples/cordapp-example/kotlin-source/build/nodes/.cache/apps/net.corda.node.Corda_3.3-corda/json-simple-1.1.1.jar:/Users/rinke/Projects/corda/samples/cordapp-example/kotlin-source/build/nodes/.cache/apps/net.corda.node.Corda_3.3-corda/rxjava-1.2.4.jar:/Users/rinke/Projects/corda/samples/cordapp-example/kotlin-source/build/nodes/.cache/apps/net.corda.node.Corda_3.3-corda/commons-jexl3-3.0.jar:/Users/rinke/Projects/corda/samples/cordapp-example/kotlin-source/build/nodes/.cache/apps/net.corda.node.Corda_3.3-corda/jackson-databind-2.9.2.jar:/Users/rinke/Projects/corda/samples/cordapp-example/kotlin-source/build/nodes/.cache/apps/net.corda.node.Corda_3.3-corda/eddsa-0.2.0.jar:/Users/rinke/Projects/corda/samples/cordapp-example/kotlin-source/build/nodes/.cache/apps/net.corda.node.Corda_3.3-corda/bcpkix-jdk15on-1.57.jar:/Users/rinke/Projects/corda/samples/cordapp-example/kotlin-source/build/nodes/.cache/apps/net.corda.node.Corda_3.3-corda/bcprov-jdk15on-1.57.jar:/Users/rinke/Projects/corda/samples/cordapp-example/kotlin-source/build/nodes/.cache/apps/net.corda.node.Corda_3.3-corda/commons-io-2.2.jar:/Users/rinke/Projects/corda/samples/cordapp-example/kotlin-source/build/nodes/.cache/apps/net.corda.node.Corda_3.3-corda/reflectasm-1.11.3.jar:/Users/rinke/Projects/corda/samples/cordapp-example/kotlin-source/build/nodes/.cache/apps/net.corda.node.Corda_3.3-corda/minlog-1.3.0.jar:/Users/rinke/Projects/corda/samples/cordapp-example/kotlin-source/build/nodes/.cache/apps/net.corda.node.Corda_3.3-corda/objenesis-2.2.jar:/Users/rinke/Projects/corda/samples/cordapp-example/kotlin-source/build/nodes/.cache/apps/net.corda.node.Corda_3.3-corda/annotations-13.0.jar:/Users/rinke/Projects/corda/samples/cordapp-example/kotlin-source/build/nodes/.cache/apps/net.corda.node.Corda_3.3-corda/jackson-annotations-2.9.0.jar:/Users/rinke/Projects/corda/samples/cordapp-example/kotlin-source/build/nodes/.cache/apps/net.corda.node.Corda_3.3-corda/snakeyaml-1.18.jar:/Users/rinke/Projects/corda/samples/cordapp-example/kotlin-source/build/nodes/.cache/apps/net.corda.node.Corda_3.3-corda/jackson-core-2.9.2.jar:/Users/rinke/Projects/corda/samples/cordapp-example/kotlin-source/build/nodes/.cache/apps/net.corda.node.Corda_3.3-corda/el-api-2.2.jar:/Users/rinke/Projects/corda/samples/cordapp-example/kotlin-source/build/nodes/.cache/apps/net.corda.node.Corda_3.3-corda/jboss-interceptors-api_1.1_spec-1.0.0.Beta1.jar:/Users/rinke/Projects/corda/samples/cordapp-example/kotlin-source/build/nodes/.cache/apps/net.corda.node.Corda_3.3-corda/jsr250-api-1.0.jar:/Users/rinke/Projects/corda/samples/cordapp-example/kotlin-source/build/nodes/.cache/apps/net.corda.node.Corda_3.3-corda/javax.inject-1.jar:/Users/rinke/Projects/corda/samples/cordapp-example/kotlin-source/build/nodes/.cache/apps/net.corda.node.Corda_3.3-corda/jpam-1.1.jar:/Users/rinke/Projects/corda/samples/cordapp-example/kotlin-source/build/nodes/.cache/apps/net.corda.node.Corda_3.3-corda/geronimo-jms_2.0_spec-1.0-alpha-2.jar:/Users/rinke/Projects/corda/samples/cordapp-example/kotlin-source/build/nodes/.cache/apps/net.corda.node.Corda_3.3-corda/asm-5.0.4.jar:/Users/rinke/Projects/corda/samples/cordapp-example/kotlin-source/build/nodes/.cache/apps/net.corda.node.Corda_3.3-corda/corda-node-3.3-corda.jar:/Users/rinke/Projects/corda/samples/cordapp-example/kotlin-source/build/nodes/.cache/apps/net.corda.node.Corda_3.3-corda/quasar-core-0.7.9-jdk8.jar {}
[INFO ] 2019-01-07T12:52:50,934Z [main] internal.Node.logStartupInfo - VM Java HotSpot(TM) 64-Bit Server VM Oracle Corporation 25.192-b12 {}
[WARN ] 2019-01-07T12:52:55,938Z [main] internal.Node.lookupMachineNameAndMaybeWarn - Your computer took over a second to resolve localhost due an incorrect configuration. Corda will work but start very slowly until this is fixed. Please see https://docs.corda.net/troubleshooting.html#slow-localhost-resolution for information on how to fix this. It will only take a few seconds for you to resolve. {}
[INFO ] 2019-01-07T12:52:55,939Z [main] internal.Node.logStartupInfo - Machine: Rinkes-MacBook-Pro.local {}
[INFO ] 2019-01-07T12:52:55,939Z [main] internal.Node.logStartupInfo - Working Directory: /Users/rinke/Projects/corda/samples/cordapp-example/kotlin-source/build/nodes/PartyB {}
[INFO ] 2019-01-07T12:52:55,939Z [main] internal.Node.logStartupInfo - Starting as node on localhost:10010 {}
[INFO ] 2019-01-07T12:52:56,128Z [main] cordapp.CordappLoader.<init> - No CorDapp paths provided {}
[INFO ] 2019-01-07T12:52:56,469Z [main] internal.Node.generateAndSaveNodeInfo - Generating nodeInfo ... {}
[WARN ] 2019-01-07T12:52:56,469Z [main] internal.Node.initCertificate - Corda node is running in dev mode. {}
[INFO ] 2019-01-07T12:52:57,944Z [main] internal.Node.obtainIdentity - identity-private-key not found in key store /Users/rinke/Projects/corda/samples/cordapp-example/kotlin-source/build/nodes/PartyB/certificates/nodekeystore.jks, generating fresh key! {}
[INFO ] 2019-01-07T12:53:13,406Z [main] BasicInfo.printBasicNodeInfo - Database connection url is              : jdbc:h2:tcp://192.168.34.54:57049/node {}
[INFO ] 2019-01-07T12:53:13,482Z [main] hikari.HikariDataSource.<init> - HikariPool-1 - Started. {}
[INFO ] 2019-01-07T12:53:13,792Z [main] internal.Node.invoke - Connected to H2 database. {}
[INFO ] 2019-01-07T12:53:13,922Z [main] persistence.HibernateConfiguration.<init> - Init HibernateConfiguration for schemas: [CommonSchemaV1(name=net.corda.core.schemas.CommonSchema, version=1), VaultSchemaV1(name=net.corda.node.services.vault.VaultSchema, version=1), NodeInfoSchemaV1(name=net.corda.node.internal.schemas.NodeInfoSchema, version=1), NodeCoreV1(name=net.corda.node.services.schema.NodeSchemaService$NodeCore, version=1)] {}
[INFO ] 2019-01-07T12:53:13,923Z [main] persistence.HibernateConfiguration.makeSessionFactoryForSchemas - Creating session factory for schemas: [CommonSchemaV1(name=net.corda.core.schemas.CommonSchema, version=1), VaultSchemaV1(name=net.corda.node.services.vault.VaultSchema, version=1), NodeInfoSchemaV1(name=net.corda.node.internal.schemas.NodeInfoSchema, version=1), NodeCoreV1(name=net.corda.node.services.schema.NodeSchemaService$NodeCore, version=1)] {}
[INFO ] 2019-01-07T12:53:14,246Z [main] hibernate.Version.logVersion - HHH000412: Hibernate Core {5.2.6.Final} {}
[INFO ] 2019-01-07T12:53:14,248Z [main] cfg.Environment.<clinit> - HHH000206: hibernate.properties not found {}
[INFO ] 2019-01-07T12:53:14,342Z [main] common.Version.<clinit> - HCANN000001: Hibernate Commons Annotations {5.0.1.Final} {}
[INFO ] 2019-01-07T12:53:14,510Z [main] internal.ConnectionProviderInitiator.initiateService - HHH000130: Instantiating explicit connection provider: net.corda.nodeapi.internal.persistence.HibernateConfiguration$NodeDatabaseConnectionProvider {}
[INFO ] 2019-01-07T12:53:14,551Z [main] dialect.Dialect.<init> - HHH000400: Using dialect: org.hibernate.dialect.H2Dialect {}
[INFO ] 2019-01-07T12:53:14,642Z [main] type.BasicTypeRegistry.register - HHH000270: Type registration [materialized_blob] overrides previous : org.hibernate.type.MaterializedBlobType@38d80d65 {}
[INFO ] 2019-01-07T12:53:16,810Z [main] connections.access.getIsolatedConnection - HHH10001501: Connection obtained from JdbcConnectionAccess [org.hibernate.engine.jdbc.env.internal.JdbcEnvironmentInitiator$ConnectionProviderJdbcConnectionAccess@ca546a1] for (non-JTA) DDL execution was not in auto-commit mode; the Connection 'local transaction' will be committed and the Connection will be set into auto-commit mode. {}
[INFO ] 2019-01-07T12:53:17,060Z [main] persistence.HibernateConfiguration.makeSessionFactoryForSchemas - Created session factory for schemas: [CommonSchemaV1(name=net.corda.core.schemas.CommonSchema, version=1), VaultSchemaV1(name=net.corda.node.services.vault.VaultSchema, version=1), NodeInfoSchemaV1(name=net.corda.node.internal.schemas.NodeInfoSchema, version=1), NodeCoreV1(name=net.corda.node.services.schema.NodeSchemaService$NodeCore, version=1)] {}
[INFO ] 2019-01-07T12:53:17,466Z [main] internal.QueryTranslatorFactoryInitiator.initiateService - HHH000397: Using ASTQueryTranslatorFactory {}
[INFO ] 2019-01-07T12:53:17,816Z [main] internal.Node.updateNodeInfo - Node-info has changed so submitting update. Old node-info was null {}
[INFO ] 2019-01-07T12:53:17,817Z [main] network.PersistentNetworkMapCache.addNode - Adding node with info: NodeInfo(addresses=[localhost:10010], legalIdentitiesAndCerts=[O=PartyB, L=New York, C=US], platformVersion=3, serial=1546865597816) {}
[INFO ] 2019-01-07T12:53:17,866Z [main] network.PersistentNetworkMapCache.addNode - No previous node found {}
[INFO ] 2019-01-07T12:53:18,677Z [main] network.PersistentNetworkMapCache.addNode - Done adding node with info: NodeInfo(addresses=[localhost:10010], legalIdentitiesAndCerts=[O=PartyB, L=New York, C=US], platformVersion=3, serial=1546865597816) {}
[INFO ] 2019-01-07T12:53:18,677Z [main] internal.Node.updateNodeInfo - New node-info: NodeInfo(addresses=[localhost:10010], legalIdentitiesAndCerts=[O=PartyB, L=New York, C=US], platformVersion=3, serial=1546865597816) {}
[INFO ] 2019-01-07T12:53:18,995Z [main] internal.Node.run - Node exiting successfully {}
[INFO ] 2019-01-07T12:54:26,160Z [main] manifests.Manifests.info - 111 attributes loaded from 127 stream(s) in 501ms, 111 saved, 1977 ignored: ["ActiveMQ-Version", "Agent-Class", "Ant-Version", "Application-Class", "Application-Library-Allowable-Codebase", "Application-Name", "Application-Version", "Archiver-Version", "Automatic-Module-Name", "Bnd-LastModified", "Branch", "Build-Date", "Build-Host", "Build-Id", "Build-Java-Version", "Build-Jdk", "Build-Job", "Build-Number", "Build-Timestamp", "Built-By", "Built-OS", "Built-Status", "Bundle-Activator", "Bundle-Category", "Bundle-ClassPath", "Bundle-Copyright", "Bundle-Description", "Bundle-DocURL", "Bundle-License", "Bundle-ManifestVersion", "Bundle-Name", "Bundle-RequiredExecutionEnvironment", "Bundle-SymbolicName", "Bundle-Vendor", "Bundle-Version", "Caller-Allowable-Codebase", "Can-Redefine-Classes", "Can-Retransform-Classes", "Can-Set-Native-Method-Prefix", "Caplets", "Change", "Codebase", "Corda-Platform-Version", "Corda-Release-Version", "Corda-Revision", "Corda-Vendor", "Created-By", "DynamicImport-Package", "Eclipse-BuddyPolicy", "Eclipse-LazyStart", "Export-Package", "Extension-Name", "Fragment-Host", "Gradle-Version", "Ignore-Package", "Implementation-Build", "Implementation-Build-Date", "Implementation-Title", "Implementation-URL", "Implementation-Url", "Implementation-Vendor", "Implementation-Vendor-Id", "Implementation-Version", "Import-Package", "Include-Resource", "JCabi-Build", "JCabi-Date", "JCabi-Version", "JVM-Args", "Java-Agents", "Java-Vendor", "Java-Version", "Kotlin-Runtime-Component", "Kotlin-Version", "Log4jReleaseKey", "Log4jReleaseManager", "Log4jReleaseVersion", "Main-Class", "Main-class", "Manifest-Version", "Min-Java-Version", "Min-Update-Version", "Module-Email", "Module-Origin", "Module-Owner", "Module-Source", "Multi-Release", "Originally-Created-By", "Os-Arch", "Os-Name", "Os-Version", "Package", "Permissions", "Premain-Class", "Private-Package", "Provide-Capability", "Require-Capability", "SCM-Revision", "SCM-url", "Scm-Connection", "Scm-Revision", "Scm-Url", "Service-Component", "Specification-Title", "Specification-Vendor", "Specification-Version", "System-Properties", "Tool", "Trusted-Library", "X-Compile-Source-JDK", "X-Compile-Target-JDK"] {}
[INFO ] 2019-01-07T12:54:26,726Z [main] BasicInfo.printBasicNodeInfo - Logs can be found in                    : /Users/rinke/Projects/corda/samples/cordapp-example/kotlin-source/build/nodes/PartyB/logs {}
[INFO ] 2019-01-07T12:54:27,176Z [main] config.ConfigHelper.loadConfig - Config:
{
    # reference.conf @ jar:file:/Users/rinke/Projects/corda/samples/cordapp-example/kotlin-source/build/nodes/PartyB/corda.jar!/reference.conf: 20
    "activeMQServer" : {
        # reference.conf @ jar:file:/Users/rinke/Projects/corda/samples/cordapp-example/kotlin-source/build/nodes/PartyB/corda.jar!/reference.conf: 21
        "bridge" : {
            # reference.conf @ jar:file:/Users/rinke/Projects/corda/samples/cordapp-example/kotlin-source/build/nodes/PartyB/corda.jar!/reference.conf: 24
            "maxRetryIntervalMin" : 3,
            # reference.conf @ jar:file:/Users/rinke/Projects/corda/samples/cordapp-example/kotlin-source/build/nodes/PartyB/corda.jar!/reference.conf: 22
            "retryIntervalMs" : 5000,
            # reference.conf @ jar:file:/Users/rinke/Projects/corda/samples/cordapp-example/kotlin-source/build/nodes/PartyB/corda.jar!/reference.conf: 23
            "retryIntervalMultiplier" : 1.5
        }
    },
    # hardcoded value
    "baseDirectory" : "/Users/rinke/Projects/corda/samples/cordapp-example/kotlin-source/build/nodes/PartyB",
    # merge of reference.conf @ jar:file:/Users/rinke/Projects/corda/samples/cordapp-example/kotlin-source/build/nodes/PartyB/corda.jar!/reference.conf: 6,reference.conf @ jar:file:/Users/rinke/.capsule/apps/net.corda.node.Corda_3.3-corda/corda-node-3.3-corda.jar!/reference.conf: 6
    "dataSourceProperties" : {
        # reference.conf @ jar:file:/Users/rinke/Projects/corda/samples/cordapp-example/kotlin-source/build/nodes/PartyB/corda.jar!/reference.conf: 10
        "dataSource.password" : "",
        # merge of reference.conf @ jar:file:/Users/rinke/Projects/corda/samples/cordapp-example/kotlin-source/build/nodes/PartyB/corda.jar!/reference.conf: 8,hardcoded value,reference.conf @ jar:file:/Users/rinke/Projects/corda/samples/cordapp-example/kotlin-source/build/nodes/PartyB/corda.jar!/reference.conf: 8,reference.conf @ jar:file:/Users/rinke/Projects/corda/samples/cordapp-example/kotlin-source/build/nodes/PartyB/corda.jar!/reference.conf: 17
        "dataSource.url" : "jdbc:h2:file:/Users/rinke/Projects/corda/samples/cordapp-example/kotlin-source/build/nodes/PartyB/persistence;DB_CLOSE_ON_EXIT=FALSE;LOCK_TIMEOUT=10000;WRITE_DELAY=100;AUTO_SERVER_PORT=0",
        # reference.conf @ jar:file:/Users/rinke/Projects/corda/samples/cordapp-example/kotlin-source/build/nodes/PartyB/corda.jar!/reference.conf: 9
        "dataSource.user" : "sa",
        # reference.conf @ jar:file:/Users/rinke/Projects/corda/samples/cordapp-example/kotlin-source/build/nodes/PartyB/corda.jar!/reference.conf: 7
        "dataSourceClassName" : "org.h2.jdbcx.JdbcDataSource"
    },
    # reference.conf @ jar:file:/Users/rinke/Projects/corda/samples/cordapp-example/kotlin-source/build/nodes/PartyB/corda.jar!/reference.conf: 12
    "database" : {
        # reference.conf @ jar:file:/Users/rinke/Projects/corda/samples/cordapp-example/kotlin-source/build/nodes/PartyB/corda.jar!/reference.conf: 14
        "exportHibernateJMXStatistics" : "false",
        # reference.conf @ jar:file:/Users/rinke/Projects/corda/samples/cordapp-example/kotlin-source/build/nodes/PartyB/corda.jar!/reference.conf: 13
        "transactionIsolationLevel" : "REPEATABLE_READ"
    },
    # reference.conf @ jar:file:/Users/rinke/Projects/corda/samples/cordapp-example/kotlin-source/build/nodes/PartyB/corda.jar!/reference.conf: 16
    "devMode" : true,
    # reference.conf @ jar:file:/Users/rinke/Projects/corda/samples/cordapp-example/kotlin-source/build/nodes/PartyB/corda.jar!/reference.conf: 2
    "emailAddress" : "admin@company.com",
    # reference.conf @ jar:file:/Users/rinke/Projects/corda/samples/cordapp-example/kotlin-source/build/nodes/PartyB/corda.jar!/reference.conf: 3
    "exportJMXto" : "http",
    # reference.conf @ jar:file:/Users/rinke/Projects/corda/samples/cordapp-example/kotlin-source/build/nodes/PartyB/corda.jar!/reference.conf: 31
    "flowTimeout" : {
        # reference.conf @ jar:file:/Users/rinke/Projects/corda/samples/cordapp-example/kotlin-source/build/nodes/PartyB/corda.jar!/reference.conf: 34
        "backoffBase" : 1.8,
        # reference.conf @ jar:file:/Users/rinke/Projects/corda/samples/cordapp-example/kotlin-source/build/nodes/PartyB/corda.jar!/reference.conf: 33
        "maxRestartCount" : 5,
        # reference.conf @ jar:file:/Users/rinke/Projects/corda/samples/cordapp-example/kotlin-source/build/nodes/PartyB/corda.jar!/reference.conf: 32
        "timeout" : "30 seconds"
    },
    # reference.conf @ jar:file:/Users/rinke/Projects/corda/samples/cordapp-example/kotlin-source/build/nodes/PartyB/corda.jar!/reference.conf: 17
    "h2port" : 0,
    # reference.conf @ jar:file:/Users/rinke/Projects/corda/samples/cordapp-example/kotlin-source/build/nodes/PartyB/corda.jar!/reference.conf: 4
    "keyStorePassword" : "cordacadevpass",
    # /Users/rinke/Projects/corda/samples/cordapp-example/kotlin-source/build/nodes/PartyB/node.conf: 1
    "myLegalName" : "O=PartyB,L=New York,C=US",
    # hardcoded value
    "noLocalShell" : false,
    # /Users/rinke/Projects/corda/samples/cordapp-example/kotlin-source/build/nodes/PartyB/node.conf: 2
    "p2pAddress" : "localhost:10010",
    # merge of /Users/rinke/Projects/corda/samples/cordapp-example/kotlin-source/build/nodes/PartyB/node.conf: 3,reference.conf @ jar:file:/Users/rinke/Projects/corda/samples/cordapp-example/kotlin-source/build/nodes/PartyB/corda.jar!/reference.conf: 27
    "rpcSettings" : {
        # /Users/rinke/Projects/corda/samples/cordapp-example/kotlin-source/build/nodes/PartyB/node.conf: 4
        "address" : "localhost:10011",
        # /Users/rinke/Projects/corda/samples/cordapp-example/kotlin-source/build/nodes/PartyB/node.conf: 5
        "adminAddress" : "localhost:10051",
        # reference.conf @ jar:file:/Users/rinke/Projects/corda/samples/cordapp-example/kotlin-source/build/nodes/PartyB/corda.jar!/reference.conf: 29
        "standAloneBroker" : false,
        # reference.conf @ jar:file:/Users/rinke/Projects/corda/samples/cordapp-example/kotlin-source/build/nodes/PartyB/corda.jar!/reference.conf: 28
        "useSsl" : false
    },
    # /Users/rinke/Projects/corda/samples/cordapp-example/kotlin-source/build/nodes/PartyB/node.conf: 7
    "rpcUsers" : [
        # /Users/rinke/Projects/corda/samples/cordapp-example/kotlin-source/build/nodes/PartyB/node.conf: 8
        {
            # /Users/rinke/Projects/corda/samples/cordapp-example/kotlin-source/build/nodes/PartyB/node.conf: 9
            "password" : "test",
            # /Users/rinke/Projects/corda/samples/cordapp-example/kotlin-source/build/nodes/PartyB/node.conf: 10
            "permissions" : [
                # /Users/rinke/Projects/corda/samples/cordapp-example/kotlin-source/build/nodes/PartyB/node.conf: 11
                "ALL"
            ],
            # /Users/rinke/Projects/corda/samples/cordapp-example/kotlin-source/build/nodes/PartyB/node.conf: 13
            "user" : "user1"
        }
    ],
    # reference.conf @ jar:file:/Users/rinke/Projects/corda/samples/cordapp-example/kotlin-source/build/nodes/PartyB/corda.jar!/reference.conf: 5
    "trustStorePassword" : "trustpass",
    # reference.conf @ jar:file:/Users/rinke/Projects/corda/samples/cordapp-example/kotlin-source/build/nodes/PartyB/corda.jar!/reference.conf: 18
    "useTestClock" : false,
    # reference.conf @ jar:file:/Users/rinke/Projects/corda/samples/cordapp-example/kotlin-source/build/nodes/PartyB/corda.jar!/reference.conf: 19
    "verifierType" : "InMemory",
    # /Users/rinke/Projects/corda/samples/cordapp-example/kotlin-source/build/nodes/PartyB/node.conf: 16
    "webAddress" : "localhost:10012"
}
 {}
[WARN ] 2019-01-07T12:54:29,993Z [main] internal.config.defaultToOldPath - Config key user has been deprecated and will be removed in a future release. Use username instead {}
[INFO ] 2019-01-07T12:54:30,145Z [main] internal.Node.logStartupInfo - Vendor: Corda Open Source {}
[INFO ] 2019-01-07T12:54:30,145Z [main] internal.Node.logStartupInfo - Release: 3.3-corda {}
[INFO ] 2019-01-07T12:54:30,145Z [main] internal.Node.logStartupInfo - Platform Version: 3 {}
[INFO ] 2019-01-07T12:54:30,146Z [main] internal.Node.logStartupInfo - Revision: c834162cd488784a0412bba4c9e638da89912ac2 {}
[INFO ] 2019-01-07T12:54:35,154Z [main] internal.Node.logStartupInfo - PID: 6343 {}
[INFO ] 2019-01-07T12:54:35,154Z [main] internal.Node.logStartupInfo - Main class: /Users/rinke/.capsule/apps/net.corda.node.Corda_3.3-corda/corda-node-3.3-corda.jar {}
[INFO ] 2019-01-07T12:54:35,155Z [main] internal.Node.logStartupInfo - CommandLine Args: -Xmx200m -XX:+UseG1GC -agentlib:jdwp=transport=dt_socket,server=y,suspend=n,address=5010 -javaagent:drivers/jolokia-jvm-1.3.7-agent.jar=port=7010,logHandlerClass=net.corda.node.JolokiaSlf4Adapter -javaagent:/Users/rinke/.capsule/apps/net.corda.node.Corda_3.3-corda/quasar-core-0.7.9-jdk8.jar=x(antlr**;bftsmart**;ch**;co.paralleluniverse**;com.codahale**;com.esotericsoftware**;com.fasterxml**;com.google**;com.ibm**;com.intellij**;com.jcabi**;com.nhaarman**;com.opengamma**;com.typesafe**;com.zaxxer**;de.javakaffee**;groovy**;groovyjarjarantlr**;groovyjarjarasm**;io.atomix**;io.github**;io.netty**;jdk**;joptsimple**;junit**;kotlin**;net.bytebuddy**;net.i2p**;org.apache**;org.assertj**;org.bouncycastle**;org.codehaus**;org.crsh**;org.dom4j**;org.fusesource**;org.h2**;org.hamcrest**;org.hibernate**;org.jboss**;org.jcp**;org.joda**;org.junit**;org.mockito**;org.objectweb**;org.objenesis**;org.slf4j**;org.w3c**;org.xml**;org.yaml**;reflectasm**;rx**;org.jolokia**) -Dvisualvm.display.name=Corda -Djava.library.path=/Users/rinke/Library/Java/Extensions:/Library/Java/Extensions:/Network/Library/Java/Extensions:/System/Library/Java/Extensions:/usr/lib/java:/Users/rinke/.capsule/apps/net.corda.node.Corda_3.3-corda -Dcapsule.app=net.corda.node.Corda_3.3-corda -Dname=PartyB-corda.jar -Dcapsule.dir=/Users/rinke/.capsule/apps/net.corda.node.Corda_3.3-corda -Dcapsule.jar=/Users/rinke/Projects/corda/samples/cordapp-example/kotlin-source/build/nodes/PartyB/corda.jar {}
[INFO ] 2019-01-07T12:54:35,155Z [main] internal.Node.logStartupInfo - Application Args:  {}
[INFO ] 2019-01-07T12:54:35,155Z [main] internal.Node.logStartupInfo - bootclasspath: /Library/Java/JavaVirtualMachines/jdk1.8.0_192.jdk/Contents/Home/jre/lib/resources.jar:/Library/Java/JavaVirtualMachines/jdk1.8.0_192.jdk/Contents/Home/jre/lib/rt.jar:/Library/Java/JavaVirtualMachines/jdk1.8.0_192.jdk/Contents/Home/jre/lib/sunrsasign.jar:/Library/Java/JavaVirtualMachines/jdk1.8.0_192.jdk/Contents/Home/jre/lib/jsse.jar:/Library/Java/JavaVirtualMachines/jdk1.8.0_192.jdk/Contents/Home/jre/lib/jce.jar:/Library/Java/JavaVirtualMachines/jdk1.8.0_192.jdk/Contents/Home/jre/lib/charsets.jar:/Library/Java/JavaVirtualMachines/jdk1.8.0_192.jdk/Contents/Home/jre/lib/jfr.jar:/Library/Java/JavaVirtualMachines/jdk1.8.0_192.jdk/Contents/Home/jre/classes {}
[INFO ] 2019-01-07T12:54:35,155Z [main] internal.Node.logStartupInfo - classpath: /Users/rinke/Projects/corda/samples/cordapp-example/kotlin-source/build/nodes/PartyB/corda.jar:/Users/rinke/.capsule/apps/net.corda.node.Corda_3.3-corda/corda-rpc-3.3-corda.jar:/Users/rinke/.capsule/apps/net.corda.node.Corda_3.3-corda/corda-node-api-3.3-corda.jar:/Users/rinke/.capsule/apps/net.corda.node.Corda_3.3-corda/corda-confidential-identities-3.3-corda.jar:/Users/rinke/.capsule/apps/net.corda.node.Corda_3.3-corda/cordform-common-3.2.1.jar:/Users/rinke/.capsule/apps/net.corda.node.Corda_3.3-corda/log4j-slf4j-impl-2.9.1.jar:/Users/rinke/.capsule/apps/net.corda.node.Corda_3.3-corda/log4j-web-2.9.1.jar:/Users/rinke/.capsule/apps/net.corda.node.Corda_3.3-corda/jul-to-slf4j-1.7.25.jar:/Users/rinke/.capsule/apps/net.corda.node.Corda_3.3-corda/corda-jackson-3.3-corda.jar:/Users/rinke/.capsule/apps/net.corda.node.Corda_3.3-corda/corda-core-3.3-corda.jar:/Users/rinke/.capsule/apps/net.corda.node.Corda_3.3-corda/kotlin-stdlib-jre8-1.1.60.jar:/Users/rinke/.capsule/apps/net.corda.node.Corda_3.3-corda/jackson-module-kotlin-2.9.2.jar:/Users/rinke/.capsule/apps/net.corda.node.Corda_3.3-corda/kotlin-reflect-1.1.60.jar:/Users/rinke/.capsule/apps/net.corda.node.Corda_3.3-corda/jimfs-1.1.jar:/Users/rinke/.capsule/apps/net.corda.node.Corda_3.3-corda/artemis-amqp-protocol-2.2.0.jar:/Users/rinke/.capsule/apps/net.corda.node.Corda_3.3-corda/artemis-server-2.2.0.jar:/Users/rinke/.capsule/apps/net.corda.node.Corda_3.3-corda/artemis-jdbc-store-2.2.0.jar:/Users/rinke/.capsule/apps/net.corda.node.Corda_3.3-corda/artemis-jms-client-2.2.0.jar:/Users/rinke/.capsule/apps/net.corda.node.Corda_3.3-corda/artemis-core-client-2.2.0.jar:/Users/rinke/.capsule/apps/net.corda.node.Corda_3.3-corda/artemis-journal-2.2.0.jar:/Users/rinke/.capsule/apps/net.corda.node.Corda_3.3-corda/artemis-commons-2.2.0.jar:/Users/rinke/.capsule/apps/net.corda.node.Corda_3.3-corda/guava-21.0.jar:/Users/rinke/.capsule/apps/net.corda.node.Corda_3.3-corda/jopt-simple-5.0.2.jar:/Users/rinke/.capsule/apps/net.corda.node.Corda_3.3-corda/commons-collections4-4.1.jar:/Users/rinke/.capsule/apps/net.corda.node.Corda_3.3-corda/shiro-core-1.4.0.jar:/Users/rinke/.capsule/apps/net.corda.node.Corda_3.3-corda/shiro-config-ogdl-1.4.0.jar:/Users/rinke/.capsule/apps/net.corda.node.Corda_3.3-corda/commons-beanutils-1.9.3.jar:/Users/rinke/.capsule/apps/net.corda.node.Corda_3.3-corda/jansi-1.14.jar:/Users/rinke/.capsule/apps/net.corda.node.Corda_3.3-corda/jcabi-manifests-1.1.jar:/Users/rinke/.capsule/apps/net.corda.node.Corda_3.3-corda/forms_rt-7.0.3.jar:/Users/rinke/.capsule/apps/net.corda.node.Corda_3.3-corda/metrics-core-3.1.2.jar:/Users/rinke/.capsule/apps/net.corda.node.Corda_3.3-corda/config-1.3.1.jar:/Users/rinke/.capsule/apps/net.corda.node.Corda_3.3-corda/h2-1.4.194.jar:/Users/rinke/.capsule/apps/net.corda.node.Corda_3.3-corda/postgresql-42.1.4.jar:/Users/rinke/.capsule/apps/net.corda.node.Corda_3.3-corda/HikariCP-2.5.1.jar:/Users/rinke/.capsule/apps/net.corda.node.Corda_3.3-corda/hibernate-java8-5.2.6.Final.jar:/Users/rinke/.capsule/apps/net.corda.node.Corda_3.3-corda/hibernate-core-5.2.6.Final.jar:/Users/rinke/.capsule/apps/net.corda.node.Corda_3.3-corda/copycat-client-1.2.3.jar:/Users/rinke/.capsule/apps/net.corda.node.Corda_3.3-corda/copycat-server-1.2.3.jar:/Users/rinke/.capsule/apps/net.corda.node.Corda_3.3-corda/catalyst-netty-1.1.2.jar:/Users/rinke/.capsule/apps/net.corda.node.Corda_3.3-corda/netty-all-4.1.9.Final.jar:/Users/rinke/.capsule/apps/net.corda.node.Corda_3.3-corda/crash.connectors.ssh-cadb53544fbb3c0fb901445da614998a6a419488.jar:/Users/rinke/.capsule/apps/net.corda.node.Corda_3.3-corda/crash.shell-cadb53544fbb3c0fb901445da614998a6a419488.jar:/Users/rinke/.capsule/apps/net.corda.node.Corda_3.3-corda/okhttp-3.5.0.jar:/Users/rinke/.capsule/apps/net.corda.node.Corda_3.3-corda/commons-codec-1.10.jar:/Users/rinke/.capsule/apps/net.corda.node.Corda_3.3-corda/library-master-v1.1-beta-g6215ec8-87.jar:/Users/rinke/.capsule/apps/net.corda.node.Corda_3.3-corda/jolokia-jvm-1.6.0-agent.jar:/Users/rinke/.capsule/apps/net.corda.node.Corda_3.3-corda/quasar-core-0.7.9-jdk8.jar:/Users/rinke/.capsule/apps/net.corda.node.Corda_3.3-corda/commons-fileupload-1.3.3.jar:/Users/rinke/.capsule/apps/net.corda.node.Corda_3.3-corda/kryo-serializers-0.41.jar:/Users/rinke/.capsule/apps/net.corda.node.Corda_3.3-corda/kryo-4.0.0.jar:/Users/rinke/.capsule/apps/net.corda.node.Corda_3.3-corda/proton-j-0.21.0.jar:/Users/rinke/.capsule/apps/net.corda.node.Corda_3.3-corda/fast-classpath-scanner-2.12.3.jar:/Users/rinke/.capsule/apps/net.corda.node.Corda_3.3-corda/jsr305-3.0.2.jar:/Users/rinke/.capsule/apps/net.corda.node.Corda_3.3-corda/jcabi-log-0.14.jar:/Users/rinke/.capsule/apps/net.corda.node.Corda_3.3-corda/copycat-protocol-1.2.3.jar:/Users/rinke/.capsule/apps/net.corda.node.Corda_3.3-corda/catalyst-transport-1.1.2.jar:/Users/rinke/.capsule/apps/net.corda.node.Corda_3.3-corda/mina-core-2.0.16.jar:/Users/rinke/.capsule/apps/net.corda.node.Corda_3.3-corda/shiro-cache-1.4.0.jar:/Users/rinke/.capsule/apps/net.corda.node.Corda_3.3-corda/shiro-crypto-hash-1.4.0.jar:/Users/rinke/.capsule/apps/net.corda.node.Corda_3.3-corda/shiro-crypto-cipher-1.4.0.jar:/Users/rinke/.capsule/apps/net.corda.node.Corda_3.3-corda/shiro-config-core-1.4.0.jar:/Users/rinke/.capsule/apps/net.corda.node.Corda_3.3-corda/shiro-event-1.4.0.jar:/Users/rinke/.capsule/apps/net.corda.node.Corda_3.3-corda/shiro-crypto-core-1.4.0.jar:/Users/rinke/.capsule/apps/net.corda.node.Corda_3.3-corda/shiro-lang-1.4.0.jar:/Users/rinke/.capsule/apps/net.corda.node.Corda_3.3-corda/jcl-over-slf4j-1.7.25.jar:/Users/rinke/.capsule/apps/net.corda.node.Corda_3.3-corda/catalyst-concurrent-1.1.2.jar:/Users/rinke/.capsule/apps/net.corda.node.Corda_3.3-corda/catalyst-serializer-1.1.2.jar:/Users/rinke/.capsule/apps/net.corda.node.Corda_3.3-corda/catalyst-buffer-1.1.2.jar:/Users/rinke/.capsule/apps/net.corda.node.Corda_3.3-corda/catalyst-common-1.1.2.jar:/Users/rinke/.capsule/apps/net.corda.node.Corda_3.3-corda/sshd-pam-0.11.0.jar:/Users/rinke/.capsule/apps/net.corda.node.Corda_3.3-corda/sshd-core-1.6.0.jar:/Users/rinke/.capsule/apps/net.corda.node.Corda_3.3-corda/slf4j-api-1.7.25.jar:/Users/rinke/.capsule/apps/net.corda.node.Corda_3.3-corda/log4j-core-2.9.1.jar:/Users/rinke/.capsule/apps/net.corda.node.Corda_3.3-corda/log4j-api-2.9.1.jar:/Users/rinke/.capsule/apps/net.corda.node.Corda_3.3-corda/kotlin-stdlib-jre7-1.1.60.jar:/Users/rinke/.capsule/apps/net.corda.node.Corda_3.3-corda/kotlin-stdlib-1.1.60.jar:/Users/rinke/.capsule/apps/net.corda.node.Corda_3.3-corda/commons-collections-3.2.2.jar:/Users/rinke/.capsule/apps/net.corda.node.Corda_3.3-corda/hibernate-commons-annotations-5.0.1.Final.jar:/Users/rinke/.capsule/apps/net.corda.node.Corda_3.3-corda/artemis-native-2.2.0.jar:/Users/rinke/.capsule/apps/net.corda.node.Corda_3.3-corda/jboss-logging-3.3.0.Final.jar:/Users/rinke/.capsule/apps/net.corda.node.Corda_3.3-corda/artemis-selector-2.2.0.jar:/Users/rinke/.capsule/apps/net.corda.node.Corda_3.3-corda/jgroups-3.6.13.Final.jar:/Users/rinke/.capsule/apps/net.corda.node.Corda_3.3-corda/geronimo-json_1.0_spec-1.0-alpha-1.jar:/Users/rinke/.capsule/apps/net.corda.node.Corda_3.3-corda/johnzon-core-0.9.5.jar:/Users/rinke/.capsule/apps/net.corda.node.Corda_3.3-corda/forms-1.1-preview.jar:/Users/rinke/.capsule/apps/net.corda.node.Corda_3.3-corda/jdom-1.0.jar:/Users/rinke/.capsule/apps/net.corda.node.Corda_3.3-corda/jackson-dataformat-yaml-2.9.2.jar:/Users/rinke/.capsule/apps/net.corda.node.Corda_3.3-corda/jackson-datatype-jsr310-2.9.2.jar:/Users/rinke/.capsule/apps/net.corda.node.Corda_3.3-corda/hibernate-jpa-2.1-api-1.0.0.Final.jar:/Users/rinke/.capsule/apps/net.corda.node.Corda_3.3-corda/javassist-3.20.0-GA.jar:/Users/rinke/.capsule/apps/net.corda.node.Corda_3.3-corda/antlr-2.7.7.jar:/Users/rinke/.capsule/apps/net.corda.node.Corda_3.3-corda/geronimo-jta_1.1_spec-1.1.1.jar:/Users/rinke/.capsule/apps/net.corda.node.Corda_3.3-corda/jandex-2.0.3.Final.jar:/Users/rinke/.capsule/apps/net.corda.node.Corda_3.3-corda/classmate-1.3.0.jar:/Users/rinke/.capsule/apps/net.corda.node.Corda_3.3-corda/dom4j-1.6.1.jar:/Users/rinke/.capsule/apps/net.corda.node.Corda_3.3-corda/cdi-api-1.1.jar:/Users/rinke/.capsule/apps/net.corda.node.Corda_3.3-corda/crash.cli-cadb53544fbb3c0fb901445da614998a6a419488.jar:/Users/rinke/.capsule/apps/net.corda.node.Corda_3.3-corda/groovy-all-1.8.9.jar:/Users/rinke/.capsule/apps/net.corda.node.Corda_3.3-corda/okio-1.11.0.jar:/Users/rinke/.capsule/apps/net.corda.node.Corda_3.3-corda/jolokia-core-1.6.0.jar:/Users/rinke/.capsule/apps/net.corda.node.Corda_3.3-corda/json-simple-1.1.1.jar:/Users/rinke/.capsule/apps/net.corda.node.Corda_3.3-corda/rxjava-1.2.4.jar:/Users/rinke/.capsule/apps/net.corda.node.Corda_3.3-corda/commons-jexl3-3.0.jar:/Users/rinke/.capsule/apps/net.corda.node.Corda_3.3-corda/jackson-databind-2.9.2.jar:/Users/rinke/.capsule/apps/net.corda.node.Corda_3.3-corda/eddsa-0.2.0.jar:/Users/rinke/.capsule/apps/net.corda.node.Corda_3.3-corda/bcpkix-jdk15on-1.57.jar:/Users/rinke/.capsule/apps/net.corda.node.Corda_3.3-corda/bcprov-jdk15on-1.57.jar:/Users/rinke/.capsule/apps/net.corda.node.Corda_3.3-corda/commons-io-2.2.jar:/Users/rinke/.capsule/apps/net.corda.node.Corda_3.3-corda/reflectasm-1.11.3.jar:/Users/rinke/.capsule/apps/net.corda.node.Corda_3.3-corda/minlog-1.3.0.jar:/Users/rinke/.capsule/apps/net.corda.node.Corda_3.3-corda/objenesis-2.2.jar:/Users/rinke/.capsule/apps/net.corda.node.Corda_3.3-corda/annotations-13.0.jar:/Users/rinke/.capsule/apps/net.corda.node.Corda_3.3-corda/jackson-annotations-2.9.0.jar:/Users/rinke/.capsule/apps/net.corda.node.Corda_3.3-corda/snakeyaml-1.18.jar:/Users/rinke/.capsule/apps/net.corda.node.Corda_3.3-corda/jackson-core-2.9.2.jar:/Users/rinke/.capsule/apps/net.corda.node.Corda_3.3-corda/el-api-2.2.jar:/Users/rinke/.capsule/apps/net.corda.node.Corda_3.3-corda/jboss-interceptors-api_1.1_spec-1.0.0.Beta1.jar:/Users/rinke/.capsule/apps/net.corda.node.Corda_3.3-corda/jsr250-api-1.0.jar:/Users/rinke/.capsule/apps/net.corda.node.Corda_3.3-corda/javax.inject-1.jar:/Users/rinke/.capsule/apps/net.corda.node.Corda_3.3-corda/jpam-1.1.jar:/Users/rinke/.capsule/apps/net.corda.node.Corda_3.3-corda/geronimo-jms_2.0_spec-1.0-alpha-2.jar:/Users/rinke/.capsule/apps/net.corda.node.Corda_3.3-corda/asm-5.0.4.jar:/Users/rinke/.capsule/apps/net.corda.node.Corda_3.3-corda/corda-node-3.3-corda.jar:/Users/rinke/Projects/corda/samples/cordapp-example/kotlin-source/build/nodes/PartyB/cordapps/corda-finance-3.3-corda.jar:/Users/rinke/Projects/corda/samples/cordapp-example/kotlin-source/build/nodes/PartyB/cordapps/cordapp-example-0.1.jar:drivers/jolokia-jvm-1.3.7-agent.jar:/Users/rinke/.capsule/apps/net.corda.node.Corda_3.3-corda/quasar-core-0.7.9-jdk8.jar {}
[INFO ] 2019-01-07T12:54:35,157Z [main] internal.Node.logStartupInfo - VM Java HotSpot(TM) 64-Bit Server VM Oracle Corporation 25.192-b12 {}
[WARN ] 2019-01-07T12:54:40,160Z [main] internal.Node.lookupMachineNameAndMaybeWarn - Your computer took over a second to resolve localhost due an incorrect configuration. Corda will work but start very slowly until this is fixed. Please see https://docs.corda.net/troubleshooting.html#slow-localhost-resolution for information on how to fix this. It will only take a few seconds for you to resolve. {}
[INFO ] 2019-01-07T12:54:40,161Z [main] internal.Node.logStartupInfo - Machine: Rinkes-MacBook-Pro.local {}
[INFO ] 2019-01-07T12:54:40,161Z [main] internal.Node.logStartupInfo - Working Directory: /Users/rinke/Projects/corda/samples/cordapp-example/kotlin-source/build/nodes/PartyB {}
[INFO ] 2019-01-07T12:54:40,162Z [main] internal.Node.logStartupInfo - Debug port: dt_socket:5010 {}
[INFO ] 2019-01-07T12:54:40,162Z [main] internal.Node.logStartupInfo - Starting as node on localhost:10010 {}
[INFO ] 2019-01-07T12:54:40,550Z [main] cordapp.CordappLoader.<init> - Loading CorDapps from RestrictedURL(url=file:/Users/rinke/Projects/corda/samples/cordapp-example/kotlin-source/build/nodes/PartyB/cordapps/corda-finance-3.3-corda.jar, rootPackageName=null), RestrictedURL(url=file:/Users/rinke/Projects/corda/samples/cordapp-example/kotlin-source/build/nodes/PartyB/cordapps/cordapp-example-0.1.jar, rootPackageName=null) {}
[INFO ] 2019-01-07T12:54:40,880Z [main] cordapp.CordappLoader.scanCordapp - Scanning CorDapp in file:/Users/rinke/Projects/corda/samples/cordapp-example/kotlin-source/build/nodes/PartyB/cordapps/corda-finance-3.3-corda.jar {}
[INFO ] 2019-01-07T12:54:41,275Z [main] cordapp.CordappLoader.scanCordapp - Scanning CorDapp in file:/Users/rinke/Projects/corda/samples/cordapp-example/kotlin-source/build/nodes/PartyB/cordapps/cordapp-example-0.1.jar {}
[INFO ] 2019-01-07T12:54:41,770Z [main] internal.Node.start - Node starting up ... {}
[WARN ] 2019-01-07T12:54:41,771Z [main] internal.Node.initCertificate - Corda node is running in dev mode. {}
[INFO ] 2019-01-07T12:54:44,862Z [main] internal.NetworkParametersReader.retrieveNetworkParameters - Loaded network parameters: net.corda.core.internal.SignedDataWithCert@5d5a51b1 {}
[INFO ] 2019-01-07T12:55:01,199Z [main] BasicInfo.printBasicNodeInfo - Database connection url is              : jdbc:h2:tcp://192.168.34.54:57075/node {}
[INFO ] 2019-01-07T12:55:01,278Z [main] hikari.HikariDataSource.<init> - HikariPool-1 - Started. {}
[INFO ] 2019-01-07T12:55:01,726Z [main] internal.Node.invoke - Connected to H2 database. {}
[INFO ] 2019-01-07T12:55:01,892Z [main] persistence.HibernateConfiguration.<init> - Init HibernateConfiguration for schemas: [CommonSchemaV1(name=net.corda.core.schemas.CommonSchema, version=1), VaultSchemaV1(name=net.corda.node.services.vault.VaultSchema, version=1), NodeInfoSchemaV1(name=net.corda.node.internal.schemas.NodeInfoSchema, version=1), NodeCoreV1(name=net.corda.node.services.schema.NodeSchemaService$NodeCore, version=1), CashSchemaV1(name=net.corda.finance.schemas.CashSchema, version=1), CommercialPaperSchemaV1(name=net.corda.finance.schemas.CommercialPaperSchema, version=1), IOUSchemaV1(name=com.example.schema.IOUSchema, version=1)] {}
[INFO ] 2019-01-07T12:55:01,893Z [main] persistence.HibernateConfiguration.makeSessionFactoryForSchemas - Creating session factory for schemas: [CommonSchemaV1(name=net.corda.core.schemas.CommonSchema, version=1), VaultSchemaV1(name=net.corda.node.services.vault.VaultSchema, version=1), NodeInfoSchemaV1(name=net.corda.node.internal.schemas.NodeInfoSchema, version=1), NodeCoreV1(name=net.corda.node.services.schema.NodeSchemaService$NodeCore, version=1), CashSchemaV1(name=net.corda.finance.schemas.CashSchema, version=1), CommercialPaperSchemaV1(name=net.corda.finance.schemas.CommercialPaperSchema, version=1), IOUSchemaV1(name=com.example.schema.IOUSchema, version=1)] {}
[INFO ] 2019-01-07T12:55:02,328Z [main] hibernate.Version.logVersion - HHH000412: Hibernate Core {5.2.6.Final} {}
[INFO ] 2019-01-07T12:55:02,330Z [main] cfg.Environment.<clinit> - HHH000206: hibernate.properties not found {}
[INFO ] 2019-01-07T12:55:02,552Z [main] common.Version.<clinit> - HCANN000001: Hibernate Commons Annotations {5.0.1.Final} {}
[INFO ] 2019-01-07T12:55:02,834Z [main] internal.ConnectionProviderInitiator.initiateService - HHH000130: Instantiating explicit connection provider: net.corda.nodeapi.internal.persistence.HibernateConfiguration$NodeDatabaseConnectionProvider {}
[INFO ] 2019-01-07T12:55:02,883Z [main] dialect.Dialect.<init> - HHH000400: Using dialect: org.hibernate.dialect.H2Dialect {}
[INFO ] 2019-01-07T12:55:03,058Z [main] type.BasicTypeRegistry.register - HHH000270: Type registration [materialized_blob] overrides previous : org.hibernate.type.MaterializedBlobType@2296127 {}
[INFO ] 2019-01-07T12:55:06,259Z [main] connections.access.getIsolatedConnection - HHH10001501: Connection obtained from JdbcConnectionAccess [org.hibernate.engine.jdbc.env.internal.JdbcEnvironmentInitiator$ConnectionProviderJdbcConnectionAccess@7921a37d] for (non-JTA) DDL execution was not in auto-commit mode; the Connection 'local transaction' will be committed and the Connection will be set into auto-commit mode. {}
[INFO ] 2019-01-07T12:55:06,466Z [main] persistence.HibernateConfiguration.makeSessionFactoryForSchemas - Created session factory for schemas: [CommonSchemaV1(name=net.corda.core.schemas.CommonSchema, version=1), VaultSchemaV1(name=net.corda.node.services.vault.VaultSchema, version=1), NodeInfoSchemaV1(name=net.corda.node.internal.schemas.NodeInfoSchema, version=1), NodeCoreV1(name=net.corda.node.services.schema.NodeSchemaService$NodeCore, version=1), CashSchemaV1(name=net.corda.finance.schemas.CashSchema, version=1), CommercialPaperSchemaV1(name=net.corda.finance.schemas.CommercialPaperSchema, version=1), IOUSchemaV1(name=com.example.schema.IOUSchema, version=1)] {}
[INFO ] 2019-01-07T12:55:07,159Z [main] internal.QueryTranslatorFactoryInitiator.initiateService - HHH000397: Using ASTQueryTranslatorFactory {}
[INFO ] 2019-01-07T12:55:07,828Z [main] internal.Node.updateNodeInfo - Node-info has changed so submitting update. Old node-info was null {}
[INFO ] 2019-01-07T12:55:07,829Z [main] network.PersistentNetworkMapCache.addNode - Adding node with info: NodeInfo(addresses=[localhost:10010], legalIdentitiesAndCerts=[O=PartyB, L=New York, C=US], platformVersion=3, serial=1546865707829) {}
[INFO ] 2019-01-07T12:55:07,902Z [main] network.PersistentNetworkMapCache.addNode - No previous node found {}
[INFO ] 2019-01-07T12:55:08,299Z [main] network.PersistentNetworkMapCache.addNode - Done adding node with info: NodeInfo(addresses=[localhost:10010], legalIdentitiesAndCerts=[O=PartyB, L=New York, C=US], platformVersion=3, serial=1546865707829) {}
[INFO ] 2019-01-07T12:55:08,299Z [main] internal.Node.updateNodeInfo - New node-info: NodeInfo(addresses=[localhost:10010], legalIdentitiesAndCerts=[O=PartyB, L=New York, C=US], platformVersion=3, serial=1546865707829) {}
[INFO ] 2019-01-07T12:55:09,030Z [main] persistence.NodeAttachmentService.invoke - Stored new attachment 9D0E5E7FD24111A8CC5E293CBA9E88B2664848113089A91A5CABCD29E6C07F1E {}
[INFO ] 2019-01-07T12:55:09,257Z [main] persistence.NodeAttachmentService.invoke - Stored new attachment 44BE25EA5EE75F96B425E03AAB4C11B7758A7E92B8A81F075D707A5189F5F119 {}
[INFO ] 2019-01-07T12:55:09,480Z [main] security.RPCSecurityManagerImpl.buildImpl - Constructing realm from list of users in config [User(user1, permissions=[ALL])] {}
[INFO ] 2019-01-07T12:55:09,977Z [main] BasicInfo.printBasicNodeInfo - Advertised P2P messaging addresses      : localhost:10010 {}
[INFO ] 2019-01-07T12:55:09,984Z [main] BasicInfo.printBasicNodeInfo - RPC connection address                  : localhost:10011 {}
[INFO ] 2019-01-07T12:55:09,984Z [main] BasicInfo.printBasicNodeInfo - RPC admin connection address            : localhost:10051 {}
[INFO ] 2019-01-07T12:55:17,101Z [main] messaging.ArtemisMessagingServer.configureAndStartServer - P2P messaging server listening on port 10010 {}
[INFO ] 2019-01-07T12:55:17,764Z [main] internal.ArtemisMessagingClient.start - Connecting to message broker: localhost:10010 {}
[INFO ] 2019-01-07T12:55:18,894Z [main] internal.ArtemisMessagingClient.start - Connecting to message broker: localhost:10010 {}
[INFO ] 2019-01-07T12:55:18,993Z [main] internal.ArtemisMessagingClient.start - Connecting to message broker: localhost:10051 {}
[INFO ] 2019-01-07T12:55:19,339Z [main] messaging.P2PMessagingClient.start - Connecting to message broker: localhost:10010 {}
[INFO ] 2019-01-07T12:55:19,382Z [main] messaging.P2PMessagingClient.createQueueIfAbsent - Create fresh queue p2p.inbound.DLEYbQx6CMXM95CNp2ig84hTtU8xvKVrG1qPnnZeyLNN9t bound on same address {}
[INFO ] 2019-01-07T12:55:19,454Z [Thread-0 (ActiveMQ-client-global-threads)] bridging.BridgeControlListener.processControlMessage - Received bridge control message NodeToBridgeSnapshot(nodeIdentity=DLEYbQx6CMXM95CNp2ig84hTtU8xvKVrG1qPnnZeyLNN9t, inboxQueues=[p2p.inbound.DLEYbQx6CMXM95CNp2ig84hTtU8xvKVrG1qPnnZeyLNN9t], sendQueues=[]) {}
[INFO ] 2019-01-07T12:55:19,995Z [main] internal.Node.installCordaService - Installed net.corda.finance.flows.ConfigHolder Corda service {}
[INFO ] 2019-01-07T12:55:20,004Z [main] internal.Node.registerInitiatedFlowInternal - Registered com.example.flow.ExampleFlow$Initiator to initiate com.example.flow.ExampleFlow$Acceptor (version 1) {}
[INFO ] 2019-01-07T12:55:21,972Z [main] plugin.PluginManager.getPlugins - Loaded plugin Plugin[type=SSHPlugin,interface=SSHPlugin] {}
[INFO ] 2019-01-07T12:55:21,974Z [main] plugin.PluginManager.getPlugins - Loaded plugin Plugin[type=SSHInlinePlugin,interface=CommandPlugin] {}
[INFO ] 2019-01-07T12:55:21,975Z [main] plugin.PluginManager.getPlugins - Loaded plugin Plugin[type=KeyAuthenticationPlugin,interface=KeyAuthenticationPlugin] {}
[INFO ] 2019-01-07T12:55:21,977Z [main] plugin.PluginManager.getPlugins - Loaded plugin Plugin[type=CRaSHShellFactory,interface=ShellFactory] {}
[INFO ] 2019-01-07T12:55:21,978Z [main] plugin.PluginManager.getPlugins - Loaded plugin Plugin[type=GroovyLanguageProxy,interface=Language] {}
[INFO ] 2019-01-07T12:55:21,980Z [main] plugin.PluginManager.getPlugins - Loaded plugin Plugin[type=JavaLanguage,interface=Language] {}
[INFO ] 2019-01-07T12:55:21,981Z [main] plugin.PluginManager.getPlugins - Loaded plugin Plugin[type=ScriptLanguage,interface=Language] {}
[INFO ] 2019-01-07T12:55:21,982Z [main] plugin.PluginManager.getPlugins - Loaded plugin Plugin[type=JaasAuthenticationPlugin,interface=AuthenticationPlugin] {}
[INFO ] 2019-01-07T12:55:21,983Z [main] plugin.PluginManager.getPlugins - Loaded plugin Plugin[type=SimpleAuthenticationPlugin,interface=AuthenticationPlugin] {}
[INFO ] 2019-01-07T12:55:22,064Z [main] ssh.SSHPlugin.init - Could not boot SSHD due to missing due to missing port configuration {}
[INFO ] 2019-01-07T12:55:22,064Z [main] plugin.PluginManager.getPlugins - Initialized plugin Plugin[type=SSHPlugin,interface=SSHPlugin] {}
[INFO ] 2019-01-07T12:55:22,064Z [main] plugin.PluginManager.getPlugins - Initialized plugin Plugin[type=SSHInlinePlugin,interface=CommandPlugin] {}
[INFO ] 2019-01-07T12:55:22,065Z [main] plugin.PluginManager.getPlugins - Initialized plugin Plugin[type=KeyAuthenticationPlugin,interface=KeyAuthenticationPlugin] {}
[INFO ] 2019-01-07T12:55:22,105Z [main] plugin.PluginManager.getPlugins - Initialized plugin Plugin[type=GroovyLanguageProxy,interface=Language] {}
[INFO ] 2019-01-07T12:55:22,105Z [main] plugin.PluginManager.getPlugins - Initialized plugin Plugin[type=ScriptLanguage,interface=Language] {}
[INFO ] 2019-01-07T12:55:22,109Z [main] plugin.PluginManager.getPlugins - Initialized plugin Plugin[type=CRaSHShellFactory,interface=ShellFactory] {}
[INFO ] 2019-01-07T12:55:22,110Z [main] plugin.PluginManager.getPlugins - Initialized plugin Plugin[type=JaasAuthenticationPlugin,interface=AuthenticationPlugin] {}
[INFO ] 2019-01-07T12:55:22,110Z [main] plugin.PluginManager.getPlugins - Initialized plugin Plugin[type=SimpleAuthenticationPlugin,interface=AuthenticationPlugin] {}
[INFO ] 2019-01-07T12:55:22,110Z [main] plugin.PluginManager.getPlugins - Initialized plugin Plugin[type=CordaAuthenticationPlugin,interface=AuthenticationPlugin] {}
[WARN ] 2019-01-07T12:55:26,057Z [main] utilities.AppendOnlyPersistentMapBase.set - Double insert in net.corda.node.utilities.AppendOnlyPersistentMap for entity class class net.corda.node.services.identity.PersistentIdentityService$PersistentIdentity key C93FD88FE3A6B1F7D92AC4CAB318962A76B3CEAF6B8E40E500108C1D3A50FCAF, not inserting the second time {}
[INFO ] 2019-01-07T12:55:26,060Z [main] messaging.P2PMessagingClient.updateBridgesOnNetworkChange - Updating bridges on network map change: NodeInfo(addresses=[localhost:10010], legalIdentitiesAndCerts=[O=PartyB, L=New York, C=US], platformVersion=3, serial=1546865707829) {}
[INFO ] 2019-01-07T12:55:26,311Z [RxIoScheduler-2] network.PersistentNetworkMapCache.addNode - Adding node with info: NodeInfo(addresses=[localhost:10006], legalIdentitiesAndCerts=[O=Notary, L=London, C=GB], platformVersion=3, serial=1546865596569) {}
[INFO ] 2019-01-07T12:55:26,315Z [RxIoScheduler-2] network.PersistentNetworkMapCache.addNode - No previous node found {}
[INFO ] 2019-01-07T12:55:26,342Z [RxIoScheduler-2] messaging.P2PMessagingClient.updateBridgesOnNetworkChange - Updating bridges on network map change: NodeInfo(addresses=[localhost:10006], legalIdentitiesAndCerts=[O=Notary, L=London, C=GB], platformVersion=3, serial=1546865596569) {}
[INFO ] 2019-01-07T12:55:26,347Z [RxIoScheduler-2] network.PersistentNetworkMapCache.addNode - Done adding node with info: NodeInfo(addresses=[localhost:10006], legalIdentitiesAndCerts=[O=Notary, L=London, C=GB], platformVersion=3, serial=1546865596569) {}
[INFO ] 2019-01-07T12:55:26,348Z [RxIoScheduler-2] network.PersistentNetworkMapCache.addNode - Adding node with info: NodeInfo(addresses=[localhost:10013], legalIdentitiesAndCerts=[O=PartyC, L=Paris, C=FR], platformVersion=3, serial=1546865587785) {}
[INFO ] 2019-01-07T12:55:26,349Z [RxIoScheduler-2] network.PersistentNetworkMapCache.addNode - No previous node found {}
[INFO ] 2019-01-07T12:55:26,388Z [RxIoScheduler-2] messaging.P2PMessagingClient.updateBridgesOnNetworkChange - Updating bridges on network map change: NodeInfo(addresses=[localhost:10013], legalIdentitiesAndCerts=[O=PartyC, L=Paris, C=FR], platformVersion=3, serial=1546865587785) {}
[INFO ] 2019-01-07T12:55:26,392Z [RxIoScheduler-2] network.PersistentNetworkMapCache.addNode - Done adding node with info: NodeInfo(addresses=[localhost:10013], legalIdentitiesAndCerts=[O=PartyC, L=Paris, C=FR], platformVersion=3, serial=1546865587785) {}
[INFO ] 2019-01-07T12:55:26,392Z [RxIoScheduler-2] network.PersistentNetworkMapCache.addNode - Adding node with info: NodeInfo(addresses=[localhost:10007], legalIdentitiesAndCerts=[O=PartyA, L=London, C=GB], platformVersion=3, serial=1546865597879) {}
[INFO ] 2019-01-07T12:55:26,394Z [RxIoScheduler-2] network.PersistentNetworkMapCache.addNode - No previous node found {}
[INFO ] 2019-01-07T12:55:26,407Z [main] BasicInfo.printBasicNodeInfo - Loaded CorDapps                         : corda-finance-3.3-corda, cordapp-example-0.1, corda-core-3.3-corda {}
[INFO ] 2019-01-07T12:55:26,410Z [main] BasicInfo.printBasicNodeInfo - Node for "PartyB" started up and registered in 71.8 sec {}
[INFO ] 2019-01-07T12:55:26,513Z [RxIoScheduler-2] messaging.P2PMessagingClient.updateBridgesOnNetworkChange - Updating bridges on network map change: NodeInfo(addresses=[localhost:10007], legalIdentitiesAndCerts=[O=PartyA, L=London, C=GB], platformVersion=3, serial=1546865597879) {}
[INFO ] 2019-01-07T12:55:26,520Z [RxIoScheduler-2] network.PersistentNetworkMapCache.addNode - Done adding node with info: NodeInfo(addresses=[localhost:10007], legalIdentitiesAndCerts=[O=PartyA, L=London, C=GB], platformVersion=3, serial=1546865597879) {}
[INFO ] 2019-01-07T12:55:26,523Z [RxIoScheduler-2] network.PersistentNetworkMapCache.addNode - Adding node with info: NodeInfo(addresses=[localhost:10010], legalIdentitiesAndCerts=[O=PartyB, L=New York, C=US], platformVersion=3, serial=1546865597816) {}
[INFO ] 2019-01-07T12:55:26,554Z [RxIoScheduler-2] network.PersistentNetworkMapCache.addNode - Discarding older nodeInfo for O=PartyB, L=New York, C=US {}
[INFO ] 2019-01-07T12:55:26,799Z [main] messaging.RPCServer.start - Starting RPC server with configuration RPCServerConfiguration(rpcThreadPoolSize=4, reapInterval=PT1S, deduplicationCacheExpiry=PT24H) {}
[INFO ] 2019-01-07T12:55:28,487Z [Thread-0 (ActiveMQ-client-global-threads)] messaging.RPCServer.clientArtemisMessageHandler - SUBMITTING {actor_id=user1, actor_owningIdentity=O=PartyB, L=New York, C=US, actor_store_id=NODE_CONFIG, invocation_id=5289f450-8a21-425a-9cfb-182a35d845ac, invocation_timestamp=2019-01-07T12:55:28.444Z, session_id=4748c9e9-f497-4a76-ab4d-ac761d0f464c, session_timestamp=2019-01-07T12:55:18.442Z}
[INFO ] 2019-01-07T12:55:33,468Z [Thread-0 (ActiveMQ-client-global-threads)] messaging.RPCServer.clientArtemisMessageHandler - SUBMITTING {actor_id=user1, actor_owningIdentity=O=PartyB, L=New York, C=US, actor_store_id=NODE_CONFIG, invocation_id=341bf5db-c2b2-4d6f-b8cf-7531b5b29874, invocation_timestamp=2019-01-07T12:55:33.468Z, session_id=4748c9e9-f497-4a76-ab4d-ac761d0f464c, session_timestamp=2019-01-07T12:55:18.442Z}
[INFO ] 2019-01-07T12:55:55,842Z [Thread-0 (ActiveMQ-client-global-threads)] messaging.P2PMessagingClient.artemisToCordaMessage - Received message from: p2p.inbound.DLEYbQx6CMXM95CNp2ig84hTtU8xvKVrG1qPnnZeyLNN9t user: O=PartyA, L=London, C=GB topic: platform.session uuid: 7da24761-5649-430f-8bbc-8d190b7ec57d {actor_id=user1, actor_owningIdentity=O=PartyB, L=New York, C=US, actor_store_id=NODE_CONFIG, invocation_id=341bf5db-c2b2-4d6f-b8cf-7531b5b29874, invocation_timestamp=2019-01-07T12:55:33.468Z, session_id=4748c9e9-f497-4a76-ab4d-ac761d0f464c, session_timestamp=2019-01-07T12:55:18.442Z}
[INFO ] 2019-01-07T12:55:55,966Z [Node thread-1] statemachine.StateMachineManagerImpl.onSessionInit - Accepting flow session from party O=PartyA, L=London, C=GB. Session id for tracing purposes is SessionId(toLong=2245009253524231487). {invocation_id=30717178-b392-4354-8316-27cbdb68a496, invocation_timestamp=2019-01-07T12:55:55.890Z, session_id=30717178-b392-4354-8316-27cbdb68a496, session_timestamp=2019-01-07T12:55:55.890Z}
[INFO ] 2019-01-07T12:55:56,070Z [Messaging DLEYbQx6CMXM95CNp2ig84hTtU8xvKVrG1qPnnZeyLNN9t] messaging.P2PMessagingClient.createQueueIfAbsent - Create fresh queue internal.peers.DLHgvDTwisgjr7SYU5QaikUH6cQ7pTSvaPRMzmygnVUgfB bound on same address {}
[INFO ] 2019-01-07T12:55:56,094Z [Thread-1 (ActiveMQ-client-global-threads)] bridging.BridgeControlListener.processControlMessage - Received bridge control message Create(nodeIdentity=DLEYbQx6CMXM95CNp2ig84hTtU8xvKVrG1qPnnZeyLNN9t, bridgeInfo=BridgeEntry(queueName=internal.peers.DLHgvDTwisgjr7SYU5QaikUH6cQ7pTSvaPRMzmygnVUgfB, targets=[localhost:10007], legalNames=[O=PartyA, L=London, C=GB])) {}
[INFO ] 2019-01-07T12:55:56,110Z [Thread-1 (ActiveMQ-client-global-threads)] peers.DLHgvDTwisgjr7SYU5QaikUH6cQ7pTSvaPRMzmygnVUgfB -> localhost:10007:O=PartyA, L=London, C=GB.start - Create new AMQP bridge {}
[INFO ] 2019-01-07T12:55:56,111Z [Thread-1 (ActiveMQ-client-global-threads)] netty.AMQPClient.start - connect to: localhost:10007 {}
[INFO ] 2019-01-07T12:55:56,136Z [nioEventLoopGroup-2-1] netty.AMQPClient.operationComplete - Connected to localhost:10007 {}
[INFO ] 2019-01-07T12:55:56,152Z [nioEventLoopGroup-2-1] O=PartyA, L=London, C=GB.channelActive - New client connection 42469f36 from localhost/127.0.0.1:10007 to /127.0.0.1:57202 {}
[INFO ] 2019-01-07T12:55:56,193Z [nioEventLoopGroup-2-1] netty.LoggingTrustManagerWrapper.checkServerTrusted - Check Server Certpath:
  C=GB,L=London,O=PartyA[88E2A7EF034099A9EE88C63A29B3C963A23C1740] issued by C=GB,L=London,O=PartyA[null]
  C=GB,L=London,O=PartyA[6FF0F1D4AED0A91AE4C963CF01A4B2132C560FCB] issued by C=US,L=New York,OU=Corda,O=R3 HoldCo LLC,CN=Corda Doorman CA[null]
  C=US,L=New York,OU=Corda,O=R3 HoldCo LLC,CN=Corda Doorman CA[EBEE2E30152940AE19981ED86FE37D7F07A2C213] issued by CN=Corda Node Root CA,O=R3,OU=corda,L=London,C=UK[7CAEA9DFB948012B13890B9AE645851C39170773]
  CN=Corda Node Root CA,O=R3,OU=corda,L=London,C=UK[7CAEA9DFB948012B13890B9AE645851C39170773] issued by CN=Corda Node Root CA,O=R3,OU=corda,L=London,C=UK[null] {}
[INFO ] 2019-01-07T12:55:56,310Z [nioEventLoopGroup-2-1] O=PartyA, L=London, C=GB.userEventTriggered - Handshake completed with subject: O=PartyA, L=London, C=GB {}
[INFO ] 2019-01-07T12:55:56,427Z [nioEventLoopGroup-2-1] peers.DLHgvDTwisgjr7SYU5QaikUH6cQ7pTSvaPRMzmygnVUgfB -> localhost:10007:O=PartyA, L=London, C=GB.onSocketConnected - Bridge Connected {}
[INFO ] 2019-01-07T12:55:56,458Z [nioEventLoopGroup-2-1] O=PartyB, L=New York, C=US.onConnectionLocalOpen - Connection local open org.apache.qpid.proton.engine.impl.ConnectionImpl@1cf68f97 {}
[INFO ] 2019-01-07T12:55:57,002Z [Thread-1 (ActiveMQ-client-global-threads)] messaging.P2PMessagingClient.artemisToCordaMessage - Received message from: p2p.inbound.DLEYbQx6CMXM95CNp2ig84hTtU8xvKVrG1qPnnZeyLNN9t user: O=PartyA, L=London, C=GB topic: platform.session uuid: 344b53c0-8c3b-46c3-91c5-e33501708512 {}
[INFO ] 2019-01-07T12:55:57,235Z [Thread-0 (ActiveMQ-client-global-threads)] messaging.P2PMessagingClient.artemisToCordaMessage - Received message from: p2p.inbound.DLEYbQx6CMXM95CNp2ig84hTtU8xvKVrG1qPnnZeyLNN9t user: O=PartyA, L=London, C=GB topic: platform.session uuid: 00520863-5fb2-4f94-9f0d-244f50be95ff {actor_id=user1, actor_owningIdentity=O=PartyB, L=New York, C=US, actor_store_id=NODE_CONFIG, invocation_id=341bf5db-c2b2-4d6f-b8cf-7531b5b29874, invocation_timestamp=2019-01-07T12:55:33.468Z, session_id=4748c9e9-f497-4a76-ab4d-ac761d0f464c, session_timestamp=2019-01-07T12:55:18.442Z}
[INFO ] 2019-01-07T12:55:57,268Z [Node thread-1] statemachine.StateMachineManagerImpl.onSessionInit - Accepting flow session from party O=PartyA, L=London, C=GB. Session id for tracing purposes is SessionId(toLong=-24667579930376017). {invocation_id=1853f6e9-a6ec-4b67-8e19-21b6318141eb, invocation_timestamp=2019-01-07T12:55:57.267Z, session_id=1853f6e9-a6ec-4b67-8e19-21b6318141eb, session_timestamp=2019-01-07T12:55:57.267Z}
[INFO ] 2019-01-07T12:55:57,416Z [Thread-1 (ActiveMQ-client-global-threads)] messaging.P2PMessagingClient.artemisToCordaMessage - Received message from: p2p.inbound.DLEYbQx6CMXM95CNp2ig84hTtU8xvKVrG1qPnnZeyLNN9t user: O=PartyA, L=London, C=GB topic: platform.session uuid: 50f9c953-2e34-4d5f-ae5b-0ca1a80abbca {}
[INFO ] 2019-01-07T12:56:26,207Z [Thread-14] vault.NodeVaultService._queryBy - Vault Query for contract type: class com.example.state.IOUState, criteria: VaultQueryCriteria(status=UNCONSUMED, contractStateTypes=null, stateRefs=null, notary=null, softLockingCondition=null, timeCondition=null), pagination: PageSpecification(pageNumber=-1, pageSize=200), sorting: Sort(columns=[]) {invocation_id=00dc2ef0-de4e-4d42-8799-17c74b9aee9c, invocation_timestamp=2019-01-07T12:55:22.121Z, session_id=00dc2ef0-de4e-4d42-8799-17c74b9aee9c, session_timestamp=2019-01-07T12:55:22.121Z}
[INFO ] 2019-01-07T12:57:11,023Z [Thread-2 (ActiveMQ-client-global-threads)] messaging.P2PMessagingClient.artemisToCordaMessage - Received message from: p2p.inbound.DLEYbQx6CMXM95CNp2ig84hTtU8xvKVrG1qPnnZeyLNN9t user: O=PartyA, L=London, C=GB topic: platform.session uuid: 09cb8288-b167-40c0-817b-37c4a8fa78a5 {}
[INFO ] 2019-01-07T12:57:11,027Z [Node thread-1] statemachine.StateMachineManagerImpl.onSessionInit - Accepting flow session from party O=PartyA, L=London, C=GB. Session id for tracing purposes is SessionId(toLong=3295604115438929755). {invocation_id=83a620bf-1f8b-477c-9593-9d6760a1b716, invocation_timestamp=2019-01-07T12:57:11.026Z, session_id=83a620bf-1f8b-477c-9593-9d6760a1b716, session_timestamp=2019-01-07T12:57:11.026Z}
[INFO ] 2019-01-07T12:57:11,219Z [Thread-2 (ActiveMQ-client-global-threads)] messaging.P2PMessagingClient.artemisToCordaMessage - Received message from: p2p.inbound.DLEYbQx6CMXM95CNp2ig84hTtU8xvKVrG1qPnnZeyLNN9t user: O=PartyA, L=London, C=GB topic: platform.session uuid: f7f612f9-d863-408f-a868-9aaf2694613b {}
[INFO ] 2019-01-07T12:57:11,242Z [Node thread-1] vault.NodeVaultService._queryBy - Vault Query for contract type: interface net.corda.core.contracts.ContractState, criteria: VaultQueryCriteria(status=UNCONSUMED, contractStateTypes=null, stateRefs=[0599179837B75A4C09B5262B0FFFF9154AA61F44B73D806476F593917E29E27F(0)], notary=null, softLockingCondition=null, timeCondition=null), pagination: PageSpecification(pageNumber=-1, pageSize=200), sorting: Sort(columns=[]) {}
