[INFO ] 2019-01-07T12:54:24,666Z [main] webserver.CmdLineOptions.loadConfig - Config:
{
    # hardcoded value
    "baseDirectory" : "/Users/rinke/Projects/corda/samples/cordapp-example/kotlin-source/build/nodes/PartyA",
    # web-reference.conf @ jar:file:/Users/rinke/.capsule/apps/net.corda.webserver.WebServer_3.3-corda/corda-webserver-impl-3.3-corda.jar!/web-reference.conf: 2
    "keyStorePassword" : "cordacadevpass",
    # /Users/rinke/Projects/corda/samples/cordapp-example/kotlin-source/build/nodes/PartyA/node.conf: 1
    "myLegalName" : "O=PartyA,L=London,C=GB",
    # /Users/rinke/Projects/corda/samples/cordapp-example/kotlin-source/build/nodes/PartyA/node.conf: 2
    "p2pAddress" : "localhost:10007",
    # /Users/rinke/Projects/corda/samples/cordapp-example/kotlin-source/build/nodes/PartyA/node.conf: 3
    "rpcSettings" : {
        # /Users/rinke/Projects/corda/samples/cordapp-example/kotlin-source/build/nodes/PartyA/node.conf: 4
        "address" : "localhost:10008",
        # /Users/rinke/Projects/corda/samples/cordapp-example/kotlin-source/build/nodes/PartyA/node.conf: 5
        "adminAddress" : "localhost:10048"
    },
    # /Users/rinke/Projects/corda/samples/cordapp-example/kotlin-source/build/nodes/PartyA/node.conf: 7
    "rpcUsers" : [
        # /Users/rinke/Projects/corda/samples/cordapp-example/kotlin-source/build/nodes/PartyA/node.conf: 8
        {
            # /Users/rinke/Projects/corda/samples/cordapp-example/kotlin-source/build/nodes/PartyA/node.conf: 9
            "password" : "test",
            # /Users/rinke/Projects/corda/samples/cordapp-example/kotlin-source/build/nodes/PartyA/node.conf: 10
            "permissions" : [
                # /Users/rinke/Projects/corda/samples/cordapp-example/kotlin-source/build/nodes/PartyA/node.conf: 11
                "ALL"
            ],
            # /Users/rinke/Projects/corda/samples/cordapp-example/kotlin-source/build/nodes/PartyA/node.conf: 13
            "user" : "user1"
        }
    ],
    # web-reference.conf @ jar:file:/Users/rinke/.capsule/apps/net.corda.webserver.WebServer_3.3-corda/corda-webserver-impl-3.3-corda.jar!/web-reference.conf: 3
    "trustStorePassword" : "trustpass",
    # web-reference.conf @ jar:file:/Users/rinke/.capsule/apps/net.corda.webserver.WebServer_3.3-corda/corda-webserver-impl-3.3-corda.jar!/web-reference.conf: 1
    "useHTTPS" : false,
    # /Users/rinke/Projects/corda/samples/cordapp-example/kotlin-source/build/nodes/PartyA/node.conf: 16
    "webAddress" : "localhost:10009"
}
 {}
[INFO ] 2019-01-07T12:54:24,720Z [main] Main.main - Main class: /Users/rinke/.capsule/apps/net.corda.webserver.WebServer_3.3-corda/corda-webserver-impl-3.3-corda.jar {}
[INFO ] 2019-01-07T12:54:24,898Z [main] Main.main - CommandLine Args: -Xmx200m -XX:+UseG1GC -agentlib:jdwp=transport=dt_socket,server=y,suspend=n,address=5007 -javaagent:drivers/jolokia-jvm-1.3.7-agent.jar=port=7007,logHandlerClass=net.corda.webserver.JolokiaSlf4Adapter -javaagent:/Users/rinke/.capsule/apps/net.corda.webserver.WebServer_3.3-corda/quasar-core-0.7.9-jdk8.jar -Dvisualvm.display.name=Corda -Djava.library.path=/Users/rinke/Library/Java/Extensions:/Library/Java/Extensions:/Network/Library/Java/Extensions:/System/Library/Java/Extensions:/usr/lib/java:/Users/rinke/.capsule/apps/net.corda.webserver.WebServer_3.3-corda -Dcapsule.app=net.corda.webserver.WebServer_3.3-corda -Dname=PartyA-corda-webserver.jar -DWebserver -Dcapsule.dir=/Users/rinke/.capsule/apps/net.corda.webserver.WebServer_3.3-corda -Dcapsule.jar=/Users/rinke/Projects/corda/samples/cordapp-example/kotlin-source/build/nodes/PartyA/corda-webserver.jar {}
[INFO ] 2019-01-07T12:54:25,492Z [main] Main.main - Application Args:  {}
[INFO ] 2019-01-07T12:54:25,514Z [main] Main.main - bootclasspath: /Library/Java/JavaVirtualMachines/jdk1.8.0_192.jdk/Contents/Home/jre/lib/resources.jar:/Library/Java/JavaVirtualMachines/jdk1.8.0_192.jdk/Contents/Home/jre/lib/rt.jar:/Library/Java/JavaVirtualMachines/jdk1.8.0_192.jdk/Contents/Home/jre/lib/sunrsasign.jar:/Library/Java/JavaVirtualMachines/jdk1.8.0_192.jdk/Contents/Home/jre/lib/jsse.jar:/Library/Java/JavaVirtualMachines/jdk1.8.0_192.jdk/Contents/Home/jre/lib/jce.jar:/Library/Java/JavaVirtualMachines/jdk1.8.0_192.jdk/Contents/Home/jre/lib/charsets.jar:/Library/Java/JavaVirtualMachines/jdk1.8.0_192.jdk/Contents/Home/jre/lib/jfr.jar:/Library/Java/JavaVirtualMachines/jdk1.8.0_192.jdk/Contents/Home/jre/classes {}
[INFO ] 2019-01-07T12:54:25,514Z [main] Main.main - classpath: /Users/rinke/Projects/corda/samples/cordapp-example/kotlin-source/build/nodes/PartyA/corda-webserver.jar:/Users/rinke/.capsule/apps/net.corda.webserver.WebServer_3.3-corda/corda-rpc-3.3-corda.jar:/Users/rinke/.capsule/apps/net.corda.webserver.WebServer_3.3-corda/corda-jackson-3.3-corda.jar:/Users/rinke/.capsule/apps/net.corda.webserver.WebServer_3.3-corda/corda-node-api-3.3-corda.jar:/Users/rinke/.capsule/apps/net.corda.webserver.WebServer_3.3-corda/corda-core-3.3-corda.jar:/Users/rinke/.capsule/apps/net.corda.webserver.WebServer_3.3-corda/jetty-webapp-9.4.7.v20170914.jar:/Users/rinke/.capsule/apps/net.corda.webserver.WebServer_3.3-corda/jetty-servlet-9.4.7.v20170914.jar:/Users/rinke/.capsule/apps/net.corda.webserver.WebServer_3.3-corda/jersey-container-jetty-http-2.25.jar:/Users/rinke/.capsule/apps/net.corda.webserver.WebServer_3.3-corda/jetty-security-9.4.7.v20170914.jar:/Users/rinke/.capsule/apps/net.corda.webserver.WebServer_3.3-corda/jetty-server-9.4.7.v20170914.jar:/Users/rinke/.capsule/apps/net.corda.webserver.WebServer_3.3-corda/javax.servlet-api-3.1.0.jar:/Users/rinke/.capsule/apps/net.corda.webserver.WebServer_3.3-corda/commons-fileupload-1.3.3.jar:/Users/rinke/.capsule/apps/net.corda.webserver.WebServer_3.3-corda/log4j-slf4j-impl-2.9.1.jar:/Users/rinke/.capsule/apps/net.corda.webserver.WebServer_3.3-corda/log4j-core-2.9.1.jar:/Users/rinke/.capsule/apps/net.corda.webserver.WebServer_3.3-corda/jopt-simple-5.0.2.jar:/Users/rinke/.capsule/apps/net.corda.webserver.WebServer_3.3-corda/jetty-continuation-9.4.7.v20170914.jar:/Users/rinke/.capsule/apps/net.corda.webserver.WebServer_3.3-corda/jersey-container-servlet-2.25.jar:/Users/rinke/.capsule/apps/net.corda.webserver.WebServer_3.3-corda/jersey-container-servlet-core-2.25.jar:/Users/rinke/.capsule/apps/net.corda.webserver.WebServer_3.3-corda/jersey-server-2.25.jar:/Users/rinke/.capsule/apps/net.corda.webserver.WebServer_3.3-corda/jersey-media-json-jackson-2.25.jar:/Users/rinke/.capsule/apps/net.corda.webserver.WebServer_3.3-corda/kotlinx-html-jvm-0.6.3.jar:/Users/rinke/.capsule/apps/net.corda.webserver.WebServer_3.3-corda/kotlin-stdlib-jre8-1.1.60.jar:/Users/rinke/.capsule/apps/net.corda.webserver.WebServer_3.3-corda/jackson-module-kotlin-2.9.2.jar:/Users/rinke/.capsule/apps/net.corda.webserver.WebServer_3.3-corda/kotlin-reflect-1.1.60.jar:/Users/rinke/.capsule/apps/net.corda.webserver.WebServer_3.3-corda/cordform-common-3.2.1.jar:/Users/rinke/.capsule/apps/net.corda.webserver.WebServer_3.3-corda/jsr305-3.0.2.jar:/Users/rinke/.capsule/apps/net.corda.webserver.WebServer_3.3-corda/jcl-over-slf4j-1.7.25.jar:/Users/rinke/.capsule/apps/net.corda.webserver.WebServer_3.3-corda/slf4j-api-1.7.25.jar:/Users/rinke/.capsule/apps/net.corda.webserver.WebServer_3.3-corda/rxjava-1.2.4.jar:/Users/rinke/.capsule/apps/net.corda.webserver.WebServer_3.3-corda/commons-jexl3-3.0.jar:/Users/rinke/.capsule/apps/net.corda.webserver.WebServer_3.3-corda/jackson-datatype-jsr310-2.9.2.jar:/Users/rinke/.capsule/apps/net.corda.webserver.WebServer_3.3-corda/jackson-jaxrs-json-provider-2.8.4.jar:/Users/rinke/.capsule/apps/net.corda.webserver.WebServer_3.3-corda/jackson-jaxrs-base-2.8.4.jar:/Users/rinke/.capsule/apps/net.corda.webserver.WebServer_3.3-corda/jackson-module-jaxb-annotations-2.8.4.jar:/Users/rinke/.capsule/apps/net.corda.webserver.WebServer_3.3-corda/jackson-databind-2.9.2.jar:/Users/rinke/.capsule/apps/net.corda.webserver.WebServer_3.3-corda/eddsa-0.2.0.jar:/Users/rinke/.capsule/apps/net.corda.webserver.WebServer_3.3-corda/bcpkix-jdk15on-1.57.jar:/Users/rinke/.capsule/apps/net.corda.webserver.WebServer_3.3-corda/bcprov-jdk15on-1.57.jar:/Users/rinke/.capsule/apps/net.corda.webserver.WebServer_3.3-corda/hibernate-core-5.2.6.Final.jar:/Users/rinke/.capsule/apps/net.corda.webserver.WebServer_3.3-corda/hibernate-jpa-2.1-api-1.0.0.Final.jar:/Users/rinke/.capsule/apps/net.corda.webserver.WebServer_3.3-corda/quasar-core-0.7.9-jdk8.jar:/Users/rinke/.capsule/apps/net.corda.webserver.WebServer_3.3-corda/jackson-dataformat-yaml-2.9.2.jar:/Users/rinke/.capsule/apps/net.corda.webserver.WebServer_3.3-corda/artemis-core-client-2.2.0.jar:/Users/rinke/.capsule/apps/net.corda.webserver.WebServer_3.3-corda/artemis-commons-2.2.0.jar:/Users/rinke/.capsule/apps/net.corda.webserver.WebServer_3.3-corda/guava-21.0.jar:/Users/rinke/.capsule/apps/net.corda.webserver.WebServer_3.3-corda/jetty-xml-9.4.7.v20170914.jar:/Users/rinke/.capsule/apps/net.corda.webserver.WebServer_3.3-corda/commons-io-2.2.jar:/Users/rinke/.capsule/apps/net.corda.webserver.WebServer_3.3-corda/log4j-api-2.9.1.jar:/Users/rinke/.capsule/apps/net.corda.webserver.WebServer_3.3-corda/jersey-client-2.25.jar:/Users/rinke/.capsule/apps/net.corda.webserver.WebServer_3.3-corda/jersey-media-jaxb-2.25.jar:/Users/rinke/.capsule/apps/net.corda.webserver.WebServer_3.3-corda/jersey-common-2.25.jar:/Users/rinke/.capsule/apps/net.corda.webserver.WebServer_3.3-corda/jersey-entity-filtering-2.25.jar:/Users/rinke/.capsule/apps/net.corda.webserver.WebServer_3.3-corda/javax.ws.rs-api-2.0.1.jar:/Users/rinke/.capsule/apps/net.corda.webserver.WebServer_3.3-corda/javax.annotation-api-1.2.jar:/Users/rinke/.capsule/apps/net.corda.webserver.WebServer_3.3-corda/hk2-locator-2.5.0-b30.jar:/Users/rinke/.capsule/apps/net.corda.webserver.WebServer_3.3-corda/hk2-api-2.5.0-b30.jar:/Users/rinke/.capsule/apps/net.corda.webserver.WebServer_3.3-corda/javax.inject-2.5.0-b30.jar:/Users/rinke/.capsule/apps/net.corda.webserver.WebServer_3.3-corda/validation-api-1.1.0.Final.jar:/Users/rinke/.capsule/apps/net.corda.webserver.WebServer_3.3-corda/jetty-http-9.4.7.v20170914.jar:/Users/rinke/.capsule/apps/net.corda.webserver.WebServer_3.3-corda/jetty-io-9.4.7.v20170914.jar:/Users/rinke/.capsule/apps/net.corda.webserver.WebServer_3.3-corda/jetty-util-9.4.7.v20170914.jar:/Users/rinke/.capsule/apps/net.corda.webserver.WebServer_3.3-corda/jackson-annotations-2.9.0.jar:/Users/rinke/.capsule/apps/net.corda.webserver.WebServer_3.3-corda/kotlin-stdlib-jre7-1.1.60.jar:/Users/rinke/.capsule/apps/net.corda.webserver.WebServer_3.3-corda/kotlin-stdlib-1.1.60.jar:/Users/rinke/.capsule/apps/net.corda.webserver.WebServer_3.3-corda/jackson-core-2.9.2.jar:/Users/rinke/.capsule/apps/net.corda.webserver.WebServer_3.3-corda/hibernate-commons-annotations-5.0.1.Final.jar:/Users/rinke/.capsule/apps/net.corda.webserver.WebServer_3.3-corda/jboss-logging-3.3.0.Final.jar:/Users/rinke/.capsule/apps/net.corda.webserver.WebServer_3.3-corda/javassist-3.20.0-GA.jar:/Users/rinke/.capsule/apps/net.corda.webserver.WebServer_3.3-corda/antlr-2.7.7.jar:/Users/rinke/.capsule/apps/net.corda.webserver.WebServer_3.3-corda/geronimo-jta_1.1_spec-1.1.1.jar:/Users/rinke/.capsule/apps/net.corda.webserver.WebServer_3.3-corda/jandex-2.0.3.Final.jar:/Users/rinke/.capsule/apps/net.corda.webserver.WebServer_3.3-corda/classmate-1.3.0.jar:/Users/rinke/.capsule/apps/net.corda.webserver.WebServer_3.3-corda/dom4j-1.6.1.jar:/Users/rinke/.capsule/apps/net.corda.webserver.WebServer_3.3-corda/cdi-api-1.1.jar:/Users/rinke/.capsule/apps/net.corda.webserver.WebServer_3.3-corda/commons-collections4-4.1.jar:/Users/rinke/.capsule/apps/net.corda.webserver.WebServer_3.3-corda/commons-beanutils-1.9.3.jar:/Users/rinke/.capsule/apps/net.corda.webserver.WebServer_3.3-corda/config-1.3.1.jar:/Users/rinke/.capsule/apps/net.corda.webserver.WebServer_3.3-corda/kryo-serializers-0.41.jar:/Users/rinke/.capsule/apps/net.corda.webserver.WebServer_3.3-corda/kryo-4.0.0.jar:/Users/rinke/.capsule/apps/net.corda.webserver.WebServer_3.3-corda/proton-j-0.21.0.jar:/Users/rinke/.capsule/apps/net.corda.webserver.WebServer_3.3-corda/fast-classpath-scanner-2.12.3.jar:/Users/rinke/.capsule/apps/net.corda.webserver.WebServer_3.3-corda/snakeyaml-1.18.jar:/Users/rinke/.capsule/apps/net.corda.webserver.WebServer_3.3-corda/jersey-guava-2.25.jar:/Users/rinke/.capsule/apps/net.corda.webserver.WebServer_3.3-corda/osgi-resource-locator-1.0.1.jar:/Users/rinke/.capsule/apps/net.corda.webserver.WebServer_3.3-corda/hk2-utils-2.5.0-b30.jar:/Users/rinke/.capsule/apps/net.corda.webserver.WebServer_3.3-corda/aopalliance-repackaged-2.5.0-b30.jar:/Users/rinke/.capsule/apps/net.corda.webserver.WebServer_3.3-corda/el-api-2.2.jar:/Users/rinke/.capsule/apps/net.corda.webserver.WebServer_3.3-corda/jboss-interceptors-api_1.1_spec-1.0.0.Beta1.jar:/Users/rinke/.capsule/apps/net.corda.webserver.WebServer_3.3-corda/jsr250-api-1.0.jar:/Users/rinke/.capsule/apps/net.corda.webserver.WebServer_3.3-corda/javax.inject-1.jar:/Users/rinke/.capsule/apps/net.corda.webserver.WebServer_3.3-corda/commons-collections-3.2.2.jar:/Users/rinke/.capsule/apps/net.corda.webserver.WebServer_3.3-corda/jgroups-3.6.13.Final.jar:/Users/rinke/.capsule/apps/net.corda.webserver.WebServer_3.3-corda/netty-all-4.1.9.Final.jar:/Users/rinke/.capsule/apps/net.corda.webserver.WebServer_3.3-corda/geronimo-json_1.0_spec-1.0-alpha-1.jar:/Users/rinke/.capsule/apps/net.corda.webserver.WebServer_3.3-corda/johnzon-core-0.9.5.jar:/Users/rinke/.capsule/apps/net.corda.webserver.WebServer_3.3-corda/reflectasm-1.11.3.jar:/Users/rinke/.capsule/apps/net.corda.webserver.WebServer_3.3-corda/minlog-1.3.0.jar:/Users/rinke/.capsule/apps/net.corda.webserver.WebServer_3.3-corda/objenesis-2.2.jar:/Users/rinke/.capsule/apps/net.corda.webserver.WebServer_3.3-corda/asm-5.0.4.jar:/Users/rinke/.capsule/apps/net.corda.webserver.WebServer_3.3-corda/annotations-13.0.jar:/Users/rinke/.capsule/apps/net.corda.webserver.WebServer_3.3-corda/corda-webserver-impl-3.3-corda.jar:/Users/rinke/Projects/corda/samples/cordapp-example/kotlin-source/build/nodes/PartyA/cordapps/corda-finance-3.3-corda.jar:/Users/rinke/Projects/corda/samples/cordapp-example/kotlin-source/build/nodes/PartyA/cordapps/cordapp-example-0.1.jar:drivers/jolokia-jvm-1.3.7-agent.jar:/Users/rinke/.capsule/apps/net.corda.webserver.WebServer_3.3-corda/quasar-core-0.7.9-jdk8.jar {}
[INFO ] 2019-01-07T12:54:25,515Z [main] Main.main - VM Java HotSpot(TM) 64-Bit Server VM Oracle Corporation 25.192-b12 {}
[INFO ] 2019-01-07T12:54:30,520Z [main] Main.main - Machine: Rinkes-MacBook-Pro.local {}
[INFO ] 2019-01-07T12:54:30,520Z [main] Main.main - Working Directory: /Users/rinke/Projects/corda/samples/cordapp-example/kotlin-source/build/nodes/PartyA {}
[INFO ] 2019-01-07T12:54:32,584Z [main] Main.main - Starting as webserver on localhost:10009 {}
[INFO ] 2019-01-07T12:54:32,707Z [main] BasicInfo.logAndMaybePrint - Starting as webserver: localhost:10009 {}
[WARN ] 2019-01-07T12:54:33,235Z [main] internal.config.defaultToOldPath - Config key user has been deprecated and will be removed in a future release. Use username instead {}
[INFO ] 2019-01-07T12:54:33,253Z [main] internal.NodeWebServer.connectLocalRpcAsNodeUser - Connecting to node at localhost:10008 as User(user1, permissions=[ALL]) {}
[INFO ] 2019-01-07T12:54:41,975Z [main] internal.RPCClient.logElapsedTime - Startup took 8095 msec {}
[WARN ] 2019-01-07T12:54:42,977Z [main] internal.config.defaultToOldPath - Config key user has been deprecated and will be removed in a future release. Use username instead {}
[INFO ] 2019-01-07T12:54:42,978Z [main] internal.NodeWebServer.connectLocalRpcAsNodeUser - Connecting to node at localhost:10008 as User(user1, permissions=[ALL]) {}
[INFO ] 2019-01-07T12:54:42,982Z [main] internal.RPCClient.logElapsedTime - Startup took 4 msec {}
[WARN ] 2019-01-07T12:54:43,983Z [main] internal.config.defaultToOldPath - Config key user has been deprecated and will be removed in a future release. Use username instead {}
[INFO ] 2019-01-07T12:54:43,984Z [main] internal.NodeWebServer.connectLocalRpcAsNodeUser - Connecting to node at localhost:10008 as User(user1, permissions=[ALL]) {}
[INFO ] 2019-01-07T12:54:44,006Z [main] internal.RPCClient.logElapsedTime - Startup took 21 msec {}
[WARN ] 2019-01-07T12:54:45,010Z [main] internal.config.defaultToOldPath - Config key user has been deprecated and will be removed in a future release. Use username instead {}
[INFO ] 2019-01-07T12:54:45,011Z [main] internal.NodeWebServer.connectLocalRpcAsNodeUser - Connecting to node at localhost:10008 as User(user1, permissions=[ALL]) {}
[INFO ] 2019-01-07T12:54:45,014Z [main] internal.RPCClient.logElapsedTime - Startup took 3 msec {}
[WARN ] 2019-01-07T12:54:46,019Z [main] internal.config.defaultToOldPath - Config key user has been deprecated and will be removed in a future release. Use username instead {}
[INFO ] 2019-01-07T12:54:46,019Z [main] internal.NodeWebServer.connectLocalRpcAsNodeUser - Connecting to node at localhost:10008 as User(user1, permissions=[ALL]) {}
[INFO ] 2019-01-07T12:54:46,024Z [main] internal.RPCClient.logElapsedTime - Startup took 3 msec {}
[WARN ] 2019-01-07T12:54:47,027Z [main] internal.config.defaultToOldPath - Config key user has been deprecated and will be removed in a future release. Use username instead {}
[INFO ] 2019-01-07T12:54:47,027Z [main] internal.NodeWebServer.connectLocalRpcAsNodeUser - Connecting to node at localhost:10008 as User(user1, permissions=[ALL]) {}
[INFO ] 2019-01-07T12:54:47,031Z [main] internal.RPCClient.logElapsedTime - Startup took 3 msec {}
[WARN ] 2019-01-07T12:54:48,037Z [main] internal.config.defaultToOldPath - Config key user has been deprecated and will be removed in a future release. Use username instead {}
[INFO ] 2019-01-07T12:54:48,038Z [main] internal.NodeWebServer.connectLocalRpcAsNodeUser - Connecting to node at localhost:10008 as User(user1, permissions=[ALL]) {}
[INFO ] 2019-01-07T12:54:48,041Z [main] internal.RPCClient.logElapsedTime - Startup took 3 msec {}
[WARN ] 2019-01-07T12:54:49,043Z [main] internal.config.defaultToOldPath - Config key user has been deprecated and will be removed in a future release. Use username instead {}
[INFO ] 2019-01-07T12:54:49,044Z [main] internal.NodeWebServer.connectLocalRpcAsNodeUser - Connecting to node at localhost:10008 as User(user1, permissions=[ALL]) {}
[INFO ] 2019-01-07T12:54:49,049Z [main] internal.RPCClient.logElapsedTime - Startup took 3 msec {}
[WARN ] 2019-01-07T12:54:50,049Z [main] internal.config.defaultToOldPath - Config key user has been deprecated and will be removed in a future release. Use username instead {}
[INFO ] 2019-01-07T12:54:50,050Z [main] internal.NodeWebServer.connectLocalRpcAsNodeUser - Connecting to node at localhost:10008 as User(user1, permissions=[ALL]) {}
[INFO ] 2019-01-07T12:54:50,052Z [main] internal.RPCClient.logElapsedTime - Startup took 2 msec {}
[WARN ] 2019-01-07T12:54:51,055Z [main] internal.config.defaultToOldPath - Config key user has been deprecated and will be removed in a future release. Use username instead {}
[INFO ] 2019-01-07T12:54:51,056Z [main] internal.NodeWebServer.connectLocalRpcAsNodeUser - Connecting to node at localhost:10008 as User(user1, permissions=[ALL]) {}
[INFO ] 2019-01-07T12:54:51,064Z [main] internal.RPCClient.logElapsedTime - Startup took 8 msec {}
[WARN ] 2019-01-07T12:54:52,065Z [main] internal.config.defaultToOldPath - Config key user has been deprecated and will be removed in a future release. Use username instead {}
[INFO ] 2019-01-07T12:54:52,065Z [main] internal.NodeWebServer.connectLocalRpcAsNodeUser - Connecting to node at localhost:10008 as User(user1, permissions=[ALL]) {}
[INFO ] 2019-01-07T12:54:52,068Z [main] internal.RPCClient.logElapsedTime - Startup took 2 msec {}
[WARN ] 2019-01-07T12:54:53,069Z [main] internal.config.defaultToOldPath - Config key user has been deprecated and will be removed in a future release. Use username instead {}
[INFO ] 2019-01-07T12:54:53,069Z [main] internal.NodeWebServer.connectLocalRpcAsNodeUser - Connecting to node at localhost:10008 as User(user1, permissions=[ALL]) {}
[INFO ] 2019-01-07T12:54:53,072Z [main] internal.RPCClient.logElapsedTime - Startup took 2 msec {}
[WARN ] 2019-01-07T12:54:54,077Z [main] internal.config.defaultToOldPath - Config key user has been deprecated and will be removed in a future release. Use username instead {}
[INFO ] 2019-01-07T12:54:54,077Z [main] internal.NodeWebServer.connectLocalRpcAsNodeUser - Connecting to node at localhost:10008 as User(user1, permissions=[ALL]) {}
[INFO ] 2019-01-07T12:54:54,080Z [main] internal.RPCClient.logElapsedTime - Startup took 2 msec {}
[WARN ] 2019-01-07T12:54:55,084Z [main] internal.config.defaultToOldPath - Config key user has been deprecated and will be removed in a future release. Use username instead {}
[INFO ] 2019-01-07T12:54:55,084Z [main] internal.NodeWebServer.connectLocalRpcAsNodeUser - Connecting to node at localhost:10008 as User(user1, permissions=[ALL]) {}
[INFO ] 2019-01-07T12:54:55,088Z [main] internal.RPCClient.logElapsedTime - Startup took 3 msec {}
[WARN ] 2019-01-07T12:54:56,089Z [main] internal.config.defaultToOldPath - Config key user has been deprecated and will be removed in a future release. Use username instead {}
[INFO ] 2019-01-07T12:54:56,090Z [main] internal.NodeWebServer.connectLocalRpcAsNodeUser - Connecting to node at localhost:10008 as User(user1, permissions=[ALL]) {}
[INFO ] 2019-01-07T12:54:56,093Z [main] internal.RPCClient.logElapsedTime - Startup took 2 msec {}
[WARN ] 2019-01-07T12:54:57,094Z [main] internal.config.defaultToOldPath - Config key user has been deprecated and will be removed in a future release. Use username instead {}
[INFO ] 2019-01-07T12:54:57,096Z [main] internal.NodeWebServer.connectLocalRpcAsNodeUser - Connecting to node at localhost:10008 as User(user1, permissions=[ALL]) {}
[INFO ] 2019-01-07T12:54:57,100Z [main] internal.RPCClient.logElapsedTime - Startup took 4 msec {}
[WARN ] 2019-01-07T12:54:58,102Z [main] internal.config.defaultToOldPath - Config key user has been deprecated and will be removed in a future release. Use username instead {}
[INFO ] 2019-01-07T12:54:58,103Z [main] internal.NodeWebServer.connectLocalRpcAsNodeUser - Connecting to node at localhost:10008 as User(user1, permissions=[ALL]) {}
[INFO ] 2019-01-07T12:54:58,107Z [main] internal.RPCClient.logElapsedTime - Startup took 3 msec {}
[WARN ] 2019-01-07T12:54:59,112Z [main] internal.config.defaultToOldPath - Config key user has been deprecated and will be removed in a future release. Use username instead {}
[INFO ] 2019-01-07T12:54:59,113Z [main] internal.NodeWebServer.connectLocalRpcAsNodeUser - Connecting to node at localhost:10008 as User(user1, permissions=[ALL]) {}
[INFO ] 2019-01-07T12:54:59,118Z [main] internal.RPCClient.logElapsedTime - Startup took 4 msec {}
[WARN ] 2019-01-07T12:55:00,121Z [main] internal.config.defaultToOldPath - Config key user has been deprecated and will be removed in a future release. Use username instead {}
[INFO ] 2019-01-07T12:55:00,121Z [main] internal.NodeWebServer.connectLocalRpcAsNodeUser - Connecting to node at localhost:10008 as User(user1, permissions=[ALL]) {}
[INFO ] 2019-01-07T12:55:00,124Z [main] internal.RPCClient.logElapsedTime - Startup took 2 msec {}
[WARN ] 2019-01-07T12:55:01,127Z [main] internal.config.defaultToOldPath - Config key user has been deprecated and will be removed in a future release. Use username instead {}
[INFO ] 2019-01-07T12:55:01,127Z [main] internal.NodeWebServer.connectLocalRpcAsNodeUser - Connecting to node at localhost:10008 as User(user1, permissions=[ALL]) {}
[INFO ] 2019-01-07T12:55:01,131Z [main] internal.RPCClient.logElapsedTime - Startup took 2 msec {}
[WARN ] 2019-01-07T12:55:02,132Z [main] internal.config.defaultToOldPath - Config key user has been deprecated and will be removed in a future release. Use username instead {}
[INFO ] 2019-01-07T12:55:02,133Z [main] internal.NodeWebServer.connectLocalRpcAsNodeUser - Connecting to node at localhost:10008 as User(user1, permissions=[ALL]) {}
[INFO ] 2019-01-07T12:55:02,135Z [main] internal.RPCClient.logElapsedTime - Startup took 2 msec {}
[WARN ] 2019-01-07T12:55:03,139Z [main] internal.config.defaultToOldPath - Config key user has been deprecated and will be removed in a future release. Use username instead {}
[INFO ] 2019-01-07T12:55:03,140Z [main] internal.NodeWebServer.connectLocalRpcAsNodeUser - Connecting to node at localhost:10008 as User(user1, permissions=[ALL]) {}
[INFO ] 2019-01-07T12:55:03,145Z [main] internal.RPCClient.logElapsedTime - Startup took 4 msec {}
[WARN ] 2019-01-07T12:55:04,149Z [main] internal.config.defaultToOldPath - Config key user has been deprecated and will be removed in a future release. Use username instead {}
[INFO ] 2019-01-07T12:55:04,150Z [main] internal.NodeWebServer.connectLocalRpcAsNodeUser - Connecting to node at localhost:10008 as User(user1, permissions=[ALL]) {}
[INFO ] 2019-01-07T12:55:04,152Z [main] internal.RPCClient.logElapsedTime - Startup took 2 msec {}
[WARN ] 2019-01-07T12:55:05,158Z [main] internal.config.defaultToOldPath - Config key user has been deprecated and will be removed in a future release. Use username instead {}
[INFO ] 2019-01-07T12:55:05,158Z [main] internal.NodeWebServer.connectLocalRpcAsNodeUser - Connecting to node at localhost:10008 as User(user1, permissions=[ALL]) {}
[INFO ] 2019-01-07T12:55:05,161Z [main] internal.RPCClient.logElapsedTime - Startup took 2 msec {}
[WARN ] 2019-01-07T12:55:06,163Z [main] internal.config.defaultToOldPath - Config key user has been deprecated and will be removed in a future release. Use username instead {}
[INFO ] 2019-01-07T12:55:06,164Z [main] internal.NodeWebServer.connectLocalRpcAsNodeUser - Connecting to node at localhost:10008 as User(user1, permissions=[ALL]) {}
[INFO ] 2019-01-07T12:55:06,167Z [main] internal.RPCClient.logElapsedTime - Startup took 3 msec {}
[WARN ] 2019-01-07T12:55:07,172Z [main] internal.config.defaultToOldPath - Config key user has been deprecated and will be removed in a future release. Use username instead {}
[INFO ] 2019-01-07T12:55:07,173Z [main] internal.NodeWebServer.connectLocalRpcAsNodeUser - Connecting to node at localhost:10008 as User(user1, permissions=[ALL]) {}
[INFO ] 2019-01-07T12:55:07,176Z [main] internal.RPCClient.logElapsedTime - Startup took 2 msec {}
[WARN ] 2019-01-07T12:55:08,178Z [main] internal.config.defaultToOldPath - Config key user has been deprecated and will be removed in a future release. Use username instead {}
[INFO ] 2019-01-07T12:55:08,179Z [main] internal.NodeWebServer.connectLocalRpcAsNodeUser - Connecting to node at localhost:10008 as User(user1, permissions=[ALL]) {}
[INFO ] 2019-01-07T12:55:08,182Z [main] internal.RPCClient.logElapsedTime - Startup took 2 msec {}
[WARN ] 2019-01-07T12:55:09,183Z [main] internal.config.defaultToOldPath - Config key user has been deprecated and will be removed in a future release. Use username instead {}
[INFO ] 2019-01-07T12:55:09,183Z [main] internal.NodeWebServer.connectLocalRpcAsNodeUser - Connecting to node at localhost:10008 as User(user1, permissions=[ALL]) {}
[INFO ] 2019-01-07T12:55:09,186Z [main] internal.RPCClient.logElapsedTime - Startup took 2 msec {}
[WARN ] 2019-01-07T12:55:10,189Z [main] internal.config.defaultToOldPath - Config key user has been deprecated and will be removed in a future release. Use username instead {}
[INFO ] 2019-01-07T12:55:10,189Z [main] internal.NodeWebServer.connectLocalRpcAsNodeUser - Connecting to node at localhost:10008 as User(user1, permissions=[ALL]) {}
[INFO ] 2019-01-07T12:55:10,192Z [main] internal.RPCClient.logElapsedTime - Startup took 2 msec {}
[WARN ] 2019-01-07T12:55:11,195Z [main] internal.config.defaultToOldPath - Config key user has been deprecated and will be removed in a future release. Use username instead {}
[INFO ] 2019-01-07T12:55:11,196Z [main] internal.NodeWebServer.connectLocalRpcAsNodeUser - Connecting to node at localhost:10008 as User(user1, permissions=[ALL]) {}
[INFO ] 2019-01-07T12:55:11,200Z [main] internal.RPCClient.logElapsedTime - Startup took 3 msec {}
[WARN ] 2019-01-07T12:55:12,201Z [main] internal.config.defaultToOldPath - Config key user has been deprecated and will be removed in a future release. Use username instead {}
[INFO ] 2019-01-07T12:55:12,201Z [main] internal.NodeWebServer.connectLocalRpcAsNodeUser - Connecting to node at localhost:10008 as User(user1, permissions=[ALL]) {}
[INFO ] 2019-01-07T12:55:12,204Z [main] internal.RPCClient.logElapsedTime - Startup took 2 msec {}
[WARN ] 2019-01-07T12:55:13,206Z [main] internal.config.defaultToOldPath - Config key user has been deprecated and will be removed in a future release. Use username instead {}
[INFO ] 2019-01-07T12:55:13,207Z [main] internal.NodeWebServer.connectLocalRpcAsNodeUser - Connecting to node at localhost:10008 as User(user1, permissions=[ALL]) {}
[INFO ] 2019-01-07T12:55:13,210Z [main] internal.RPCClient.logElapsedTime - Startup took 3 msec {}
[WARN ] 2019-01-07T12:55:14,212Z [main] internal.config.defaultToOldPath - Config key user has been deprecated and will be removed in a future release. Use username instead {}
[INFO ] 2019-01-07T12:55:14,214Z [main] internal.NodeWebServer.connectLocalRpcAsNodeUser - Connecting to node at localhost:10008 as User(user1, permissions=[ALL]) {}
[INFO ] 2019-01-07T12:55:14,217Z [main] internal.RPCClient.logElapsedTime - Startup took 2 msec {}
[WARN ] 2019-01-07T12:55:15,219Z [main] internal.config.defaultToOldPath - Config key user has been deprecated and will be removed in a future release. Use username instead {}
[INFO ] 2019-01-07T12:55:15,220Z [main] internal.NodeWebServer.connectLocalRpcAsNodeUser - Connecting to node at localhost:10008 as User(user1, permissions=[ALL]) {}
[INFO ] 2019-01-07T12:55:15,223Z [main] internal.RPCClient.logElapsedTime - Startup took 2 msec {}
[WARN ] 2019-01-07T12:55:16,227Z [main] internal.config.defaultToOldPath - Config key user has been deprecated and will be removed in a future release. Use username instead {}
[INFO ] 2019-01-07T12:55:16,227Z [main] internal.NodeWebServer.connectLocalRpcAsNodeUser - Connecting to node at localhost:10008 as User(user1, permissions=[ALL]) {}
[INFO ] 2019-01-07T12:55:16,230Z [main] internal.RPCClient.logElapsedTime - Startup took 2 msec {}
[WARN ] 2019-01-07T12:55:17,231Z [main] internal.config.defaultToOldPath - Config key user has been deprecated and will be removed in a future release. Use username instead {}
[INFO ] 2019-01-07T12:55:17,231Z [main] internal.NodeWebServer.connectLocalRpcAsNodeUser - Connecting to node at localhost:10008 as User(user1, permissions=[ALL]) {}
[INFO ] 2019-01-07T12:55:25,445Z [main] internal.RPCClient.logElapsedTime - Startup took 8213 msec {}
[INFO ] 2019-01-07T12:55:25,502Z [main] util.log.initialized - Logging initialized @84996ms to org.eclipse.jetty.util.log.Slf4jLog {}
[INFO ] 2019-01-07T12:55:31,107Z [main] internal.NodeWebServer.buildServletContextHandler - Add plugin web API from attachment com.example.plugin.ExamplePluginKt$sam$Function$21773598@21b3d356 {}
[INFO ] 2019-01-07T12:55:33,248Z [main] server.Server.doStart - jetty-9.4.7.v20170914 {}
[INFO ] 2019-01-07T12:55:37,547Z [main] handler.ContextHandler.doStart - Started o.e.j.s.ServletContextHandler@30a1b9b0{/,null,AVAILABLE} {}
[INFO ] 2019-01-07T12:55:37,571Z [main] server.AbstractConnector.doStart - Started ServerConnector@5aa2986c{HTTP/1.1,[http/1.1]}{0.0.0.0:10009} {}
[INFO ] 2019-01-07T12:55:37,571Z [main] server.Server.doStart - Started @97070ms {}
[INFO ] 2019-01-07T12:55:37,571Z [main] internal.NodeWebServer.initWebServer - Starting webserver on address localhost:10009 {}
