[INFO ] 2019-01-07T12:54:30,248Z [main] webserver.CmdLineOptions.loadConfig - Config:
{
    # hardcoded value
    "baseDirectory" : "/Users/rinke/Projects/corda/samples/cordapp-example/kotlin-source/build/nodes/PartyB",
    # web-reference.conf @ jar:file:/Users/rinke/.capsule/apps/net.corda.webserver.WebServer_3.3-corda/corda-webserver-impl-3.3-corda.jar!/web-reference.conf: 2
    "keyStorePassword" : "cordacadevpass",
    # /Users/rinke/Projects/corda/samples/cordapp-example/kotlin-source/build/nodes/PartyB/node.conf: 1
    "myLegalName" : "O=PartyB,L=New York,C=US",
    # /Users/rinke/Projects/corda/samples/cordapp-example/kotlin-source/build/nodes/PartyB/node.conf: 2
    "p2pAddress" : "localhost:10010",
    # /Users/rinke/Projects/corda/samples/cordapp-example/kotlin-source/build/nodes/PartyB/node.conf: 3
    "rpcSettings" : {
        # /Users/rinke/Projects/corda/samples/cordapp-example/kotlin-source/build/nodes/PartyB/node.conf: 4
        "address" : "localhost:10011",
        # /Users/rinke/Projects/corda/samples/cordapp-example/kotlin-source/build/nodes/PartyB/node.conf: 5
        "adminAddress" : "localhost:10051"
    },
    # /Users/rinke/Projects/corda/samples/cordapp-example/kotlin-source/build/nodes/PartyB/node.conf: 7
    "rpcUsers" : [
        # /Users/rinke/Projects/corda/samples/cordapp-example/kotlin-source/build/nodes/PartyB/node.conf: 8
        {
            # /Users/rinke/Projects/corda/samples/cordapp-example/kotlin-source/build/nodes/PartyB/node.conf: 9
            "password" : "test",
            # /Users/rinke/Projects/corda/samples/cordapp-example/kotlin-source/build/nodes/PartyB/node.conf: 10
            "permissions" : [
                # /Users/rinke/Projects/corda/samples/cordapp-example/kotlin-source/build/nodes/PartyB/node.conf: 11
                "ALL"
            ],
            # /Users/rinke/Projects/corda/samples/cordapp-example/kotlin-source/build/nodes/PartyB/node.conf: 13
            "user" : "user1"
        }
    ],
    # web-reference.conf @ jar:file:/Users/rinke/.capsule/apps/net.corda.webserver.WebServer_3.3-corda/corda-webserver-impl-3.3-corda.jar!/web-reference.conf: 3
    "trustStorePassword" : "trustpass",
    # web-reference.conf @ jar:file:/Users/rinke/.capsule/apps/net.corda.webserver.WebServer_3.3-corda/corda-webserver-impl-3.3-corda.jar!/web-reference.conf: 1
    "useHTTPS" : false,
    # /Users/rinke/Projects/corda/samples/cordapp-example/kotlin-source/build/nodes/PartyB/node.conf: 16
    "webAddress" : "localhost:10012"
}
 {}
[INFO ] 2019-01-07T12:54:30,274Z [main] Main.main - Main class: /Users/rinke/.capsule/apps/net.corda.webserver.WebServer_3.3-corda/corda-webserver-impl-3.3-corda.jar {}
[INFO ] 2019-01-07T12:54:30,343Z [main] Main.main - CommandLine Args: -Xmx200m -XX:+UseG1GC -agentlib:jdwp=transport=dt_socket,server=y,suspend=n,address=5011 -javaagent:drivers/jolokia-jvm-1.3.7-agent.jar=port=7011,logHandlerClass=net.corda.webserver.JolokiaSlf4Adapter -javaagent:/Users/rinke/.capsule/apps/net.corda.webserver.WebServer_3.3-corda/quasar-core-0.7.9-jdk8.jar -Dvisualvm.display.name=Corda -Djava.library.path=/Users/rinke/Library/Java/Extensions:/Library/Java/Extensions:/Network/Library/Java/Extensions:/System/Library/Java/Extensions:/usr/lib/java:/Users/rinke/.capsule/apps/net.corda.webserver.WebServer_3.3-corda -Dcapsule.app=net.corda.webserver.WebServer_3.3-corda -Dname=PartyB-corda-webserver.jar -DWebserver -Dcapsule.dir=/Users/rinke/.capsule/apps/net.corda.webserver.WebServer_3.3-corda -Dcapsule.jar=/Users/rinke/Projects/corda/samples/cordapp-example/kotlin-source/build/nodes/PartyB/corda-webserver.jar {}
[INFO ] 2019-01-07T12:54:30,674Z [main] Main.main - Application Args:  {}
[INFO ] 2019-01-07T12:54:30,674Z [main] Main.main - bootclasspath: /Library/Java/JavaVirtualMachines/jdk1.8.0_192.jdk/Contents/Home/jre/lib/resources.jar:/Library/Java/JavaVirtualMachines/jdk1.8.0_192.jdk/Contents/Home/jre/lib/rt.jar:/Library/Java/JavaVirtualMachines/jdk1.8.0_192.jdk/Contents/Home/jre/lib/sunrsasign.jar:/Library/Java/JavaVirtualMachines/jdk1.8.0_192.jdk/Contents/Home/jre/lib/jsse.jar:/Library/Java/JavaVirtualMachines/jdk1.8.0_192.jdk/Contents/Home/jre/lib/jce.jar:/Library/Java/JavaVirtualMachines/jdk1.8.0_192.jdk/Contents/Home/jre/lib/charsets.jar:/Library/Java/JavaVirtualMachines/jdk1.8.0_192.jdk/Contents/Home/jre/lib/jfr.jar:/Library/Java/JavaVirtualMachines/jdk1.8.0_192.jdk/Contents/Home/jre/classes {}
[INFO ] 2019-01-07T12:54:30,675Z [main] Main.main - classpath: /Users/rinke/Projects/corda/samples/cordapp-example/kotlin-source/build/nodes/PartyB/corda-webserver.jar:/Users/rinke/.capsule/apps/net.corda.webserver.WebServer_3.3-corda/corda-rpc-3.3-corda.jar:/Users/rinke/.capsule/apps/net.corda.webserver.WebServer_3.3-corda/corda-jackson-3.3-corda.jar:/Users/rinke/.capsule/apps/net.corda.webserver.WebServer_3.3-corda/corda-node-api-3.3-corda.jar:/Users/rinke/.capsule/apps/net.corda.webserver.WebServer_3.3-corda/corda-core-3.3-corda.jar:/Users/rinke/.capsule/apps/net.corda.webserver.WebServer_3.3-corda/jetty-webapp-9.4.7.v20170914.jar:/Users/rinke/.capsule/apps/net.corda.webserver.WebServer_3.3-corda/jetty-servlet-9.4.7.v20170914.jar:/Users/rinke/.capsule/apps/net.corda.webserver.WebServer_3.3-corda/jersey-container-jetty-http-2.25.jar:/Users/rinke/.capsule/apps/net.corda.webserver.WebServer_3.3-corda/jetty-security-9.4.7.v20170914.jar:/Users/rinke/.capsule/apps/net.corda.webserver.WebServer_3.3-corda/jetty-server-9.4.7.v20170914.jar:/Users/rinke/.capsule/apps/net.corda.webserver.WebServer_3.3-corda/javax.servlet-api-3.1.0.jar:/Users/rinke/.capsule/apps/net.corda.webserver.WebServer_3.3-corda/commons-fileupload-1.3.3.jar:/Users/rinke/.capsule/apps/net.corda.webserver.WebServer_3.3-corda/log4j-slf4j-impl-2.9.1.jar:/Users/rinke/.capsule/apps/net.corda.webserver.WebServer_3.3-corda/log4j-core-2.9.1.jar:/Users/rinke/.capsule/apps/net.corda.webserver.WebServer_3.3-corda/jopt-simple-5.0.2.jar:/Users/rinke/.capsule/apps/net.corda.webserver.WebServer_3.3-corda/jetty-continuation-9.4.7.v20170914.jar:/Users/rinke/.capsule/apps/net.corda.webserver.WebServer_3.3-corda/jersey-container-servlet-2.25.jar:/Users/rinke/.capsule/apps/net.corda.webserver.WebServer_3.3-corda/jersey-container-servlet-core-2.25.jar:/Users/rinke/.capsule/apps/net.corda.webserver.WebServer_3.3-corda/jersey-server-2.25.jar:/Users/rinke/.capsule/apps/net.corda.webserver.WebServer_3.3-corda/jersey-media-json-jackson-2.25.jar:/Users/rinke/.capsule/apps/net.corda.webserver.WebServer_3.3-corda/kotlinx-html-jvm-0.6.3.jar:/Users/rinke/.capsule/apps/net.corda.webserver.WebServer_3.3-corda/kotlin-stdlib-jre8-1.1.60.jar:/Users/rinke/.capsule/apps/net.corda.webserver.WebServer_3.3-corda/jackson-module-kotlin-2.9.2.jar:/Users/rinke/.capsule/apps/net.corda.webserver.WebServer_3.3-corda/kotlin-reflect-1.1.60.jar:/Users/rinke/.capsule/apps/net.corda.webserver.WebServer_3.3-corda/cordform-common-3.2.1.jar:/Users/rinke/.capsule/apps/net.corda.webserver.WebServer_3.3-corda/jsr305-3.0.2.jar:/Users/rinke/.capsule/apps/net.corda.webserver.WebServer_3.3-corda/jcl-over-slf4j-1.7.25.jar:/Users/rinke/.capsule/apps/net.corda.webserver.WebServer_3.3-corda/slf4j-api-1.7.25.jar:/Users/rinke/.capsule/apps/net.corda.webserver.WebServer_3.3-corda/rxjava-1.2.4.jar:/Users/rinke/.capsule/apps/net.corda.webserver.WebServer_3.3-corda/commons-jexl3-3.0.jar:/Users/rinke/.capsule/apps/net.corda.webserver.WebServer_3.3-corda/jackson-datatype-jsr310-2.9.2.jar:/Users/rinke/.capsule/apps/net.corda.webserver.WebServer_3.3-corda/jackson-jaxrs-json-provider-2.8.4.jar:/Users/rinke/.capsule/apps/net.corda.webserver.WebServer_3.3-corda/jackson-jaxrs-base-2.8.4.jar:/Users/rinke/.capsule/apps/net.corda.webserver.WebServer_3.3-corda/jackson-module-jaxb-annotations-2.8.4.jar:/Users/rinke/.capsule/apps/net.corda.webserver.WebServer_3.3-corda/jackson-databind-2.9.2.jar:/Users/rinke/.capsule/apps/net.corda.webserver.WebServer_3.3-corda/eddsa-0.2.0.jar:/Users/rinke/.capsule/apps/net.corda.webserver.WebServer_3.3-corda/bcpkix-jdk15on-1.57.jar:/Users/rinke/.capsule/apps/net.corda.webserver.WebServer_3.3-corda/bcprov-jdk15on-1.57.jar:/Users/rinke/.capsule/apps/net.corda.webserver.WebServer_3.3-corda/hibernate-core-5.2.6.Final.jar:/Users/rinke/.capsule/apps/net.corda.webserver.WebServer_3.3-corda/hibernate-jpa-2.1-api-1.0.0.Final.jar:/Users/rinke/.capsule/apps/net.corda.webserver.WebServer_3.3-corda/quasar-core-0.7.9-jdk8.jar:/Users/rinke/.capsule/apps/net.corda.webserver.WebServer_3.3-corda/jackson-dataformat-yaml-2.9.2.jar:/Users/rinke/.capsule/apps/net.corda.webserver.WebServer_3.3-corda/artemis-core-client-2.2.0.jar:/Users/rinke/.capsule/apps/net.corda.webserver.WebServer_3.3-corda/artemis-commons-2.2.0.jar:/Users/rinke/.capsule/apps/net.corda.webserver.WebServer_3.3-corda/guava-21.0.jar:/Users/rinke/.capsule/apps/net.corda.webserver.WebServer_3.3-corda/jetty-xml-9.4.7.v20170914.jar:/Users/rinke/.capsule/apps/net.corda.webserver.WebServer_3.3-corda/commons-io-2.2.jar:/Users/rinke/.capsule/apps/net.corda.webserver.WebServer_3.3-corda/log4j-api-2.9.1.jar:/Users/rinke/.capsule/apps/net.corda.webserver.WebServer_3.3-corda/jersey-client-2.25.jar:/Users/rinke/.capsule/apps/net.corda.webserver.WebServer_3.3-corda/jersey-media-jaxb-2.25.jar:/Users/rinke/.capsule/apps/net.corda.webserver.WebServer_3.3-corda/jersey-common-2.25.jar:/Users/rinke/.capsule/apps/net.corda.webserver.WebServer_3.3-corda/jersey-entity-filtering-2.25.jar:/Users/rinke/.capsule/apps/net.corda.webserver.WebServer_3.3-corda/javax.ws.rs-api-2.0.1.jar:/Users/rinke/.capsule/apps/net.corda.webserver.WebServer_3.3-corda/javax.annotation-api-1.2.jar:/Users/rinke/.capsule/apps/net.corda.webserver.WebServer_3.3-corda/hk2-locator-2.5.0-b30.jar:/Users/rinke/.capsule/apps/net.corda.webserver.WebServer_3.3-corda/hk2-api-2.5.0-b30.jar:/Users/rinke/.capsule/apps/net.corda.webserver.WebServer_3.3-corda/javax.inject-2.5.0-b30.jar:/Users/rinke/.capsule/apps/net.corda.webserver.WebServer_3.3-corda/validation-api-1.1.0.Final.jar:/Users/rinke/.capsule/apps/net.corda.webserver.WebServer_3.3-corda/jetty-http-9.4.7.v20170914.jar:/Users/rinke/.capsule/apps/net.corda.webserver.WebServer_3.3-corda/jetty-io-9.4.7.v20170914.jar:/Users/rinke/.capsule/apps/net.corda.webserver.WebServer_3.3-corda/jetty-util-9.4.7.v20170914.jar:/Users/rinke/.capsule/apps/net.corda.webserver.WebServer_3.3-corda/jackson-annotations-2.9.0.jar:/Users/rinke/.capsule/apps/net.corda.webserver.WebServer_3.3-corda/kotlin-stdlib-jre7-1.1.60.jar:/Users/rinke/.capsule/apps/net.corda.webserver.WebServer_3.3-corda/kotlin-stdlib-1.1.60.jar:/Users/rinke/.capsule/apps/net.corda.webserver.WebServer_3.3-corda/jackson-core-2.9.2.jar:/Users/rinke/.capsule/apps/net.corda.webserver.WebServer_3.3-corda/hibernate-commons-annotations-5.0.1.Final.jar:/Users/rinke/.capsule/apps/net.corda.webserver.WebServer_3.3-corda/jboss-logging-3.3.0.Final.jar:/Users/rinke/.capsule/apps/net.corda.webserver.WebServer_3.3-corda/javassist-3.20.0-GA.jar:/Users/rinke/.capsule/apps/net.corda.webserver.WebServer_3.3-corda/antlr-2.7.7.jar:/Users/rinke/.capsule/apps/net.corda.webserver.WebServer_3.3-corda/geronimo-jta_1.1_spec-1.1.1.jar:/Users/rinke/.capsule/apps/net.corda.webserver.WebServer_3.3-corda/jandex-2.0.3.Final.jar:/Users/rinke/.capsule/apps/net.corda.webserver.WebServer_3.3-corda/classmate-1.3.0.jar:/Users/rinke/.capsule/apps/net.corda.webserver.WebServer_3.3-corda/dom4j-1.6.1.jar:/Users/rinke/.capsule/apps/net.corda.webserver.WebServer_3.3-corda/cdi-api-1.1.jar:/Users/rinke/.capsule/apps/net.corda.webserver.WebServer_3.3-corda/commons-collections4-4.1.jar:/Users/rinke/.capsule/apps/net.corda.webserver.WebServer_3.3-corda/commons-beanutils-1.9.3.jar:/Users/rinke/.capsule/apps/net.corda.webserver.WebServer_3.3-corda/config-1.3.1.jar:/Users/rinke/.capsule/apps/net.corda.webserver.WebServer_3.3-corda/kryo-serializers-0.41.jar:/Users/rinke/.capsule/apps/net.corda.webserver.WebServer_3.3-corda/kryo-4.0.0.jar:/Users/rinke/.capsule/apps/net.corda.webserver.WebServer_3.3-corda/proton-j-0.21.0.jar:/Users/rinke/.capsule/apps/net.corda.webserver.WebServer_3.3-corda/fast-classpath-scanner-2.12.3.jar:/Users/rinke/.capsule/apps/net.corda.webserver.WebServer_3.3-corda/snakeyaml-1.18.jar:/Users/rinke/.capsule/apps/net.corda.webserver.WebServer_3.3-corda/jersey-guava-2.25.jar:/Users/rinke/.capsule/apps/net.corda.webserver.WebServer_3.3-corda/osgi-resource-locator-1.0.1.jar:/Users/rinke/.capsule/apps/net.corda.webserver.WebServer_3.3-corda/hk2-utils-2.5.0-b30.jar:/Users/rinke/.capsule/apps/net.corda.webserver.WebServer_3.3-corda/aopalliance-repackaged-2.5.0-b30.jar:/Users/rinke/.capsule/apps/net.corda.webserver.WebServer_3.3-corda/el-api-2.2.jar:/Users/rinke/.capsule/apps/net.corda.webserver.WebServer_3.3-corda/jboss-interceptors-api_1.1_spec-1.0.0.Beta1.jar:/Users/rinke/.capsule/apps/net.corda.webserver.WebServer_3.3-corda/jsr250-api-1.0.jar:/Users/rinke/.capsule/apps/net.corda.webserver.WebServer_3.3-corda/javax.inject-1.jar:/Users/rinke/.capsule/apps/net.corda.webserver.WebServer_3.3-corda/commons-collections-3.2.2.jar:/Users/rinke/.capsule/apps/net.corda.webserver.WebServer_3.3-corda/jgroups-3.6.13.Final.jar:/Users/rinke/.capsule/apps/net.corda.webserver.WebServer_3.3-corda/netty-all-4.1.9.Final.jar:/Users/rinke/.capsule/apps/net.corda.webserver.WebServer_3.3-corda/geronimo-json_1.0_spec-1.0-alpha-1.jar:/Users/rinke/.capsule/apps/net.corda.webserver.WebServer_3.3-corda/johnzon-core-0.9.5.jar:/Users/rinke/.capsule/apps/net.corda.webserver.WebServer_3.3-corda/reflectasm-1.11.3.jar:/Users/rinke/.capsule/apps/net.corda.webserver.WebServer_3.3-corda/minlog-1.3.0.jar:/Users/rinke/.capsule/apps/net.corda.webserver.WebServer_3.3-corda/objenesis-2.2.jar:/Users/rinke/.capsule/apps/net.corda.webserver.WebServer_3.3-corda/asm-5.0.4.jar:/Users/rinke/.capsule/apps/net.corda.webserver.WebServer_3.3-corda/annotations-13.0.jar:/Users/rinke/.capsule/apps/net.corda.webserver.WebServer_3.3-corda/corda-webserver-impl-3.3-corda.jar:/Users/rinke/Projects/corda/samples/cordapp-example/kotlin-source/build/nodes/PartyB/cordapps/corda-finance-3.3-corda.jar:/Users/rinke/Projects/corda/samples/cordapp-example/kotlin-source/build/nodes/PartyB/cordapps/cordapp-example-0.1.jar:drivers/jolokia-jvm-1.3.7-agent.jar:/Users/rinke/.capsule/apps/net.corda.webserver.WebServer_3.3-corda/quasar-core-0.7.9-jdk8.jar {}
[INFO ] 2019-01-07T12:54:30,675Z [main] Main.main - VM Java HotSpot(TM) 64-Bit Server VM Oracle Corporation 25.192-b12 {}
[INFO ] 2019-01-07T12:54:35,679Z [main] Main.main - Machine: Rinkes-MacBook-Pro.local {}
[INFO ] 2019-01-07T12:54:35,679Z [main] Main.main - Working Directory: /Users/rinke/Projects/corda/samples/cordapp-example/kotlin-source/build/nodes/PartyB {}
[INFO ] 2019-01-07T12:54:37,464Z [main] Main.main - Starting as webserver on localhost:10012 {}
[INFO ] 2019-01-07T12:54:37,562Z [main] BasicInfo.logAndMaybePrint - Starting as webserver: localhost:10012 {}
[WARN ] 2019-01-07T12:54:37,968Z [main] internal.config.defaultToOldPath - Config key user has been deprecated and will be removed in a future release. Use username instead {}
[INFO ] 2019-01-07T12:54:37,980Z [main] internal.NodeWebServer.connectLocalRpcAsNodeUser - Connecting to node at localhost:10011 as User(user1, permissions=[ALL]) {}
[INFO ] 2019-01-07T12:54:46,215Z [main] internal.RPCClient.logElapsedTime - Startup took 7778 msec {}
[WARN ] 2019-01-07T12:54:47,220Z [main] internal.config.defaultToOldPath - Config key user has been deprecated and will be removed in a future release. Use username instead {}
[INFO ] 2019-01-07T12:54:47,221Z [main] internal.NodeWebServer.connectLocalRpcAsNodeUser - Connecting to node at localhost:10011 as User(user1, permissions=[ALL]) {}
[INFO ] 2019-01-07T12:54:47,225Z [main] internal.RPCClient.logElapsedTime - Startup took 4 msec {}
[WARN ] 2019-01-07T12:54:48,229Z [main] internal.config.defaultToOldPath - Config key user has been deprecated and will be removed in a future release. Use username instead {}
[INFO ] 2019-01-07T12:54:48,230Z [main] internal.NodeWebServer.connectLocalRpcAsNodeUser - Connecting to node at localhost:10011 as User(user1, permissions=[ALL]) {}
[INFO ] 2019-01-07T12:54:48,234Z [main] internal.RPCClient.logElapsedTime - Startup took 3 msec {}
[WARN ] 2019-01-07T12:54:49,237Z [main] internal.config.defaultToOldPath - Config key user has been deprecated and will be removed in a future release. Use username instead {}
[INFO ] 2019-01-07T12:54:49,237Z [main] internal.NodeWebServer.connectLocalRpcAsNodeUser - Connecting to node at localhost:10011 as User(user1, permissions=[ALL]) {}
[INFO ] 2019-01-07T12:54:49,240Z [main] internal.RPCClient.logElapsedTime - Startup took 2 msec {}
[WARN ] 2019-01-07T12:54:50,242Z [main] internal.config.defaultToOldPath - Config key user has been deprecated and will be removed in a future release. Use username instead {}
[INFO ] 2019-01-07T12:54:50,243Z [main] internal.NodeWebServer.connectLocalRpcAsNodeUser - Connecting to node at localhost:10011 as User(user1, permissions=[ALL]) {}
[INFO ] 2019-01-07T12:54:50,247Z [main] internal.RPCClient.logElapsedTime - Startup took 3 msec {}
[WARN ] 2019-01-07T12:54:51,248Z [main] internal.config.defaultToOldPath - Config key user has been deprecated and will be removed in a future release. Use username instead {}
[INFO ] 2019-01-07T12:54:51,249Z [main] internal.NodeWebServer.connectLocalRpcAsNodeUser - Connecting to node at localhost:10011 as User(user1, permissions=[ALL]) {}
[INFO ] 2019-01-07T12:54:51,252Z [main] internal.RPCClient.logElapsedTime - Startup took 2 msec {}
[WARN ] 2019-01-07T12:54:52,253Z [main] internal.config.defaultToOldPath - Config key user has been deprecated and will be removed in a future release. Use username instead {}
[INFO ] 2019-01-07T12:54:52,254Z [main] internal.NodeWebServer.connectLocalRpcAsNodeUser - Connecting to node at localhost:10011 as User(user1, permissions=[ALL]) {}
[INFO ] 2019-01-07T12:54:52,256Z [main] internal.RPCClient.logElapsedTime - Startup took 2 msec {}
[WARN ] 2019-01-07T12:54:53,260Z [main] internal.config.defaultToOldPath - Config key user has been deprecated and will be removed in a future release. Use username instead {}
[INFO ] 2019-01-07T12:54:53,261Z [main] internal.NodeWebServer.connectLocalRpcAsNodeUser - Connecting to node at localhost:10011 as User(user1, permissions=[ALL]) {}
[INFO ] 2019-01-07T12:54:53,264Z [main] internal.RPCClient.logElapsedTime - Startup took 2 msec {}
[WARN ] 2019-01-07T12:54:54,267Z [main] internal.config.defaultToOldPath - Config key user has been deprecated and will be removed in a future release. Use username instead {}
[INFO ] 2019-01-07T12:54:54,268Z [main] internal.NodeWebServer.connectLocalRpcAsNodeUser - Connecting to node at localhost:10011 as User(user1, permissions=[ALL]) {}
[INFO ] 2019-01-07T12:54:54,270Z [main] internal.RPCClient.logElapsedTime - Startup took 2 msec {}
[WARN ] 2019-01-07T12:54:55,275Z [main] internal.config.defaultToOldPath - Config key user has been deprecated and will be removed in a future release. Use username instead {}
[INFO ] 2019-01-07T12:54:55,276Z [main] internal.NodeWebServer.connectLocalRpcAsNodeUser - Connecting to node at localhost:10011 as User(user1, permissions=[ALL]) {}
[INFO ] 2019-01-07T12:54:55,279Z [main] internal.RPCClient.logElapsedTime - Startup took 2 msec {}
[WARN ] 2019-01-07T12:54:56,284Z [main] internal.config.defaultToOldPath - Config key user has been deprecated and will be removed in a future release. Use username instead {}
[INFO ] 2019-01-07T12:54:56,285Z [main] internal.NodeWebServer.connectLocalRpcAsNodeUser - Connecting to node at localhost:10011 as User(user1, permissions=[ALL]) {}
[INFO ] 2019-01-07T12:54:56,288Z [main] internal.RPCClient.logElapsedTime - Startup took 3 msec {}
[WARN ] 2019-01-07T12:54:57,294Z [main] internal.config.defaultToOldPath - Config key user has been deprecated and will be removed in a future release. Use username instead {}
[INFO ] 2019-01-07T12:54:57,294Z [main] internal.NodeWebServer.connectLocalRpcAsNodeUser - Connecting to node at localhost:10011 as User(user1, permissions=[ALL]) {}
[INFO ] 2019-01-07T12:54:57,297Z [main] internal.RPCClient.logElapsedTime - Startup took 2 msec {}
[WARN ] 2019-01-07T12:54:58,303Z [main] internal.config.defaultToOldPath - Config key user has been deprecated and will be removed in a future release. Use username instead {}
[INFO ] 2019-01-07T12:54:58,303Z [main] internal.NodeWebServer.connectLocalRpcAsNodeUser - Connecting to node at localhost:10011 as User(user1, permissions=[ALL]) {}
[INFO ] 2019-01-07T12:54:58,307Z [main] internal.RPCClient.logElapsedTime - Startup took 3 msec {}
[WARN ] 2019-01-07T12:54:59,310Z [main] internal.config.defaultToOldPath - Config key user has been deprecated and will be removed in a future release. Use username instead {}
[INFO ] 2019-01-07T12:54:59,311Z [main] internal.NodeWebServer.connectLocalRpcAsNodeUser - Connecting to node at localhost:10011 as User(user1, permissions=[ALL]) {}
[INFO ] 2019-01-07T12:54:59,313Z [main] internal.RPCClient.logElapsedTime - Startup took 2 msec {}
[WARN ] 2019-01-07T12:55:00,318Z [main] internal.config.defaultToOldPath - Config key user has been deprecated and will be removed in a future release. Use username instead {}
[INFO ] 2019-01-07T12:55:00,319Z [main] internal.NodeWebServer.connectLocalRpcAsNodeUser - Connecting to node at localhost:10011 as User(user1, permissions=[ALL]) {}
[INFO ] 2019-01-07T12:55:00,322Z [main] internal.RPCClient.logElapsedTime - Startup took 3 msec {}
[WARN ] 2019-01-07T12:55:01,327Z [main] internal.config.defaultToOldPath - Config key user has been deprecated and will be removed in a future release. Use username instead {}
[INFO ] 2019-01-07T12:55:01,328Z [main] internal.NodeWebServer.connectLocalRpcAsNodeUser - Connecting to node at localhost:10011 as User(user1, permissions=[ALL]) {}
[INFO ] 2019-01-07T12:55:01,331Z [main] internal.RPCClient.logElapsedTime - Startup took 3 msec {}
[WARN ] 2019-01-07T12:55:02,333Z [main] internal.config.defaultToOldPath - Config key user has been deprecated and will be removed in a future release. Use username instead {}
[INFO ] 2019-01-07T12:55:02,333Z [main] internal.NodeWebServer.connectLocalRpcAsNodeUser - Connecting to node at localhost:10011 as User(user1, permissions=[ALL]) {}
[INFO ] 2019-01-07T12:55:02,336Z [main] internal.RPCClient.logElapsedTime - Startup took 2 msec {}
[WARN ] 2019-01-07T12:55:03,339Z [main] internal.config.defaultToOldPath - Config key user has been deprecated and will be removed in a future release. Use username instead {}
[INFO ] 2019-01-07T12:55:03,339Z [main] internal.NodeWebServer.connectLocalRpcAsNodeUser - Connecting to node at localhost:10011 as User(user1, permissions=[ALL]) {}
[INFO ] 2019-01-07T12:55:03,342Z [main] internal.RPCClient.logElapsedTime - Startup took 2 msec {}
[WARN ] 2019-01-07T12:55:04,343Z [main] internal.config.defaultToOldPath - Config key user has been deprecated and will be removed in a future release. Use username instead {}
[INFO ] 2019-01-07T12:55:04,343Z [main] internal.NodeWebServer.connectLocalRpcAsNodeUser - Connecting to node at localhost:10011 as User(user1, permissions=[ALL]) {}
[INFO ] 2019-01-07T12:55:04,346Z [main] internal.RPCClient.logElapsedTime - Startup took 2 msec {}
[WARN ] 2019-01-07T12:55:05,349Z [main] internal.config.defaultToOldPath - Config key user has been deprecated and will be removed in a future release. Use username instead {}
[INFO ] 2019-01-07T12:55:05,349Z [main] internal.NodeWebServer.connectLocalRpcAsNodeUser - Connecting to node at localhost:10011 as User(user1, permissions=[ALL]) {}
[INFO ] 2019-01-07T12:55:05,352Z [main] internal.RPCClient.logElapsedTime - Startup took 2 msec {}
[WARN ] 2019-01-07T12:55:06,354Z [main] internal.config.defaultToOldPath - Config key user has been deprecated and will be removed in a future release. Use username instead {}
[INFO ] 2019-01-07T12:55:06,355Z [main] internal.NodeWebServer.connectLocalRpcAsNodeUser - Connecting to node at localhost:10011 as User(user1, permissions=[ALL]) {}
[INFO ] 2019-01-07T12:55:06,357Z [main] internal.RPCClient.logElapsedTime - Startup took 2 msec {}
[WARN ] 2019-01-07T12:55:07,360Z [main] internal.config.defaultToOldPath - Config key user has been deprecated and will be removed in a future release. Use username instead {}
[INFO ] 2019-01-07T12:55:07,361Z [main] internal.NodeWebServer.connectLocalRpcAsNodeUser - Connecting to node at localhost:10011 as User(user1, permissions=[ALL]) {}
[INFO ] 2019-01-07T12:55:07,364Z [main] internal.RPCClient.logElapsedTime - Startup took 3 msec {}
[WARN ] 2019-01-07T12:55:08,367Z [main] internal.config.defaultToOldPath - Config key user has been deprecated and will be removed in a future release. Use username instead {}
[INFO ] 2019-01-07T12:55:08,367Z [main] internal.NodeWebServer.connectLocalRpcAsNodeUser - Connecting to node at localhost:10011 as User(user1, permissions=[ALL]) {}
[INFO ] 2019-01-07T12:55:08,370Z [main] internal.RPCClient.logElapsedTime - Startup took 2 msec {}
[WARN ] 2019-01-07T12:55:09,375Z [main] internal.config.defaultToOldPath - Config key user has been deprecated and will be removed in a future release. Use username instead {}
[INFO ] 2019-01-07T12:55:09,375Z [main] internal.NodeWebServer.connectLocalRpcAsNodeUser - Connecting to node at localhost:10011 as User(user1, permissions=[ALL]) {}
[INFO ] 2019-01-07T12:55:09,378Z [main] internal.RPCClient.logElapsedTime - Startup took 2 msec {}
[WARN ] 2019-01-07T12:55:10,379Z [main] internal.config.defaultToOldPath - Config key user has been deprecated and will be removed in a future release. Use username instead {}
[INFO ] 2019-01-07T12:55:10,381Z [main] internal.NodeWebServer.connectLocalRpcAsNodeUser - Connecting to node at localhost:10011 as User(user1, permissions=[ALL]) {}
[INFO ] 2019-01-07T12:55:10,384Z [main] internal.RPCClient.logElapsedTime - Startup took 3 msec {}
[WARN ] 2019-01-07T12:55:11,385Z [main] internal.config.defaultToOldPath - Config key user has been deprecated and will be removed in a future release. Use username instead {}
[INFO ] 2019-01-07T12:55:11,386Z [main] internal.NodeWebServer.connectLocalRpcAsNodeUser - Connecting to node at localhost:10011 as User(user1, permissions=[ALL]) {}
[INFO ] 2019-01-07T12:55:11,388Z [main] internal.RPCClient.logElapsedTime - Startup took 2 msec {}
[WARN ] 2019-01-07T12:55:12,392Z [main] internal.config.defaultToOldPath - Config key user has been deprecated and will be removed in a future release. Use username instead {}
[INFO ] 2019-01-07T12:55:12,393Z [main] internal.NodeWebServer.connectLocalRpcAsNodeUser - Connecting to node at localhost:10011 as User(user1, permissions=[ALL]) {}
[INFO ] 2019-01-07T12:55:12,396Z [main] internal.RPCClient.logElapsedTime - Startup took 2 msec {}
[WARN ] 2019-01-07T12:55:13,397Z [main] internal.config.defaultToOldPath - Config key user has been deprecated and will be removed in a future release. Use username instead {}
[INFO ] 2019-01-07T12:55:13,398Z [main] internal.NodeWebServer.connectLocalRpcAsNodeUser - Connecting to node at localhost:10011 as User(user1, permissions=[ALL]) {}
[INFO ] 2019-01-07T12:55:13,401Z [main] internal.RPCClient.logElapsedTime - Startup took 2 msec {}
[WARN ] 2019-01-07T12:55:14,407Z [main] internal.config.defaultToOldPath - Config key user has been deprecated and will be removed in a future release. Use username instead {}
[INFO ] 2019-01-07T12:55:14,408Z [main] internal.NodeWebServer.connectLocalRpcAsNodeUser - Connecting to node at localhost:10011 as User(user1, permissions=[ALL]) {}
[INFO ] 2019-01-07T12:55:14,410Z [main] internal.RPCClient.logElapsedTime - Startup took 2 msec {}
[WARN ] 2019-01-07T12:55:15,414Z [main] internal.config.defaultToOldPath - Config key user has been deprecated and will be removed in a future release. Use username instead {}
[INFO ] 2019-01-07T12:55:15,415Z [main] internal.NodeWebServer.connectLocalRpcAsNodeUser - Connecting to node at localhost:10011 as User(user1, permissions=[ALL]) {}
[INFO ] 2019-01-07T12:55:15,417Z [main] internal.RPCClient.logElapsedTime - Startup took 2 msec {}
[WARN ] 2019-01-07T12:55:16,421Z [main] internal.config.defaultToOldPath - Config key user has been deprecated and will be removed in a future release. Use username instead {}
[INFO ] 2019-01-07T12:55:16,421Z [main] internal.NodeWebServer.connectLocalRpcAsNodeUser - Connecting to node at localhost:10011 as User(user1, permissions=[ALL]) {}
[INFO ] 2019-01-07T12:55:16,431Z [main] internal.RPCClient.logElapsedTime - Startup took 9 msec {}
[WARN ] 2019-01-07T12:55:17,435Z [main] internal.config.defaultToOldPath - Config key user has been deprecated and will be removed in a future release. Use username instead {}
[INFO ] 2019-01-07T12:55:17,436Z [main] internal.NodeWebServer.connectLocalRpcAsNodeUser - Connecting to node at localhost:10011 as User(user1, permissions=[ALL]) {}
[INFO ] 2019-01-07T12:55:17,439Z [main] internal.RPCClient.logElapsedTime - Startup took 2 msec {}
[WARN ] 2019-01-07T12:55:18,441Z [main] internal.config.defaultToOldPath - Config key user has been deprecated and will be removed in a future release. Use username instead {}
[INFO ] 2019-01-07T12:55:18,441Z [main] internal.NodeWebServer.connectLocalRpcAsNodeUser - Connecting to node at localhost:10011 as User(user1, permissions=[ALL]) {}
[INFO ] 2019-01-07T12:55:28,809Z [main] internal.RPCClient.logElapsedTime - Startup took 10367 msec {}
[INFO ] 2019-01-07T12:55:28,863Z [main] util.log.initialized - Logging initialized @85984ms to org.eclipse.jetty.util.log.Slf4jLog {}
[INFO ] 2019-01-07T12:55:33,438Z [main] internal.NodeWebServer.buildServletContextHandler - Add plugin web API from attachment com.example.plugin.ExamplePluginKt$sam$Function$21773598@62cf873a {}
[INFO ] 2019-01-07T12:55:35,431Z [main] server.Server.doStart - jetty-9.4.7.v20170914 {}
[INFO ] 2019-01-07T12:55:38,965Z [main] handler.ContextHandler.doStart - Started o.e.j.s.ServletContextHandler@5a14a8c1{/,null,AVAILABLE} {}
[INFO ] 2019-01-07T12:55:39,005Z [main] server.AbstractConnector.doStart - Started ServerConnector@492d0748{HTTP/1.1,[http/1.1]}{0.0.0.0:10012} {}
[INFO ] 2019-01-07T12:55:39,006Z [main] server.Server.doStart - Started @96137ms {}
[INFO ] 2019-01-07T12:55:39,006Z [main] internal.NodeWebServer.initWebServer - Starting webserver on address localhost:10012 {}
